TN:
SF:src\config\firebaseAdmin.js
FN:49,(anonymous_0)
FN:85,(anonymous_1)
FNF:2
FNH:0
FNDA:0,(anonymous_0)
FNDA:0,(anonymous_1)
DA:14,6
DA:15,6
DA:16,6
DA:18,6
DA:19,1
DA:24,1
DA:25,1
DA:26,1
DA:27,1
DA:28,1
DA:29,1
DA:30,1
DA:32,5
DA:33,5
DA:34,5
DA:37,0
DA:38,0
DA:39,0
DA:40,0
DA:41,0
DA:42,0
DA:49,6
DA:50,0
DA:51,0
DA:52,0
DA:55,0
DA:56,0
DA:57,0
DA:60,0
DA:61,0
DA:72,0
DA:73,0
DA:74,0
DA:76,0
DA:77,0
DA:85,6
DA:86,0
DA:87,0
DA:88,0
DA:91,0
DA:92,0
DA:93,0
DA:96,0
DA:97,0
DA:108,0
DA:109,0
DA:110,0
DA:112,0
DA:113,0
DA:118,6
LF:50
LH:18
BRDA:18,0,0,1
BRDA:18,0,1,5
BRDA:21,1,0,1
BRDA:21,1,1,0
BRDA:22,2,0,1
BRDA:22,2,1,0
BRDA:50,3,0,0
BRDA:50,3,1,0
BRDA:50,4,0,0
BRDA:50,4,1,0
BRDA:55,5,0,0
BRDA:55,5,1,0
BRDA:86,6,0,0
BRDA:86,6,1,0
BRDA:86,7,0,0
BRDA:86,7,1,0
BRDA:91,8,0,0
BRDA:91,8,1,0
BRDA:91,9,0,0
BRDA:91,9,1,0
BRF:20
BRH:4
end_of_record
TN:
SF:src\config\passport.js
FN:35,(anonymous_0)
FN:105,(anonymous_1)
FN:161,(anonymous_2)
FN:166,(anonymous_3)
FNF:4
FNH:0
FNDA:0,(anonymous_0)
FNDA:0,(anonymous_1)
FNDA:0,(anonymous_2)
FNDA:0,(anonymous_3)
DA:9,6
DA:10,6
DA:11,6
DA:12,6
DA:13,6
DA:15,6
DA:24,6
DA:36,0
DA:38,0
DA:42,0
DA:44,0
DA:45,0
DA:58,0
DA:70,0
DA:73,0
DA:76,0
DA:83,0
DA:85,0
DA:86,0
DA:96,6
DA:106,0
DA:108,0
DA:112,0
DA:114,0
DA:115,0
DA:127,0
DA:138,0
DA:141,0
DA:144,0
DA:151,0
DA:153,0
DA:154,0
DA:161,6
DA:162,0
DA:166,6
DA:167,0
DA:170,6
LF:37
LH:11
BRDA:29,0,0,6
BRDA:29,0,1,0
BRDA:42,1,0,0
BRDA:42,1,1,0
BRDA:44,2,0,0
BRDA:44,2,1,0
BRDA:101,3,0,6
BRDA:101,3,1,0
BRDA:112,4,0,0
BRDA:112,4,1,0
BRDA:114,5,0,0
BRDA:114,5,1,0
BRF:12
BRH:2
end_of_record
TN:
SF:src\controllers\achievementsController.js
FN:12,(anonymous_0)
FN:26,(anonymous_1)
FN:42,(anonymous_2)
FN:71,(anonymous_3)
FNF:4
FNH:1
FNDA:0,(anonymous_0)
FNDA:0,(anonymous_1)
FNDA:0,(anonymous_2)
FNDA:5,(anonymous_3)
DA:6,5
DA:7,5
DA:12,5
DA:13,0
DA:14,0
DA:17,0
DA:19,0
DA:26,5
DA:27,0
DA:28,0
DA:29,0
DA:33,0
DA:35,0
DA:42,5
DA:43,0
DA:44,0
DA:47,0
DA:48,0
DA:51,0
DA:62,0
DA:64,0
DA:71,5
DA:72,5
DA:73,5
DA:140,5
DA:141,36
DA:145,35
DA:146,14
DA:149,14
DA:153,4
DA:155,0
LF:31
LH:14
BRDA:47,0,0,0
BRDA:47,0,1,0
BRDA:47,1,0,0
BRDA:47,1,1,0
BRDA:47,1,2,0
BRDA:47,1,3,0
BRDA:47,1,4,0
BRDA:58,2,0,0
BRDA:58,2,1,0
BRDA:145,3,0,14
BRDA:145,3,1,21
BRF:11
BRH:2
end_of_record
TN:
SF:src\controllers\adminController.js
FN:13,(anonymous_0)
FN:55,(anonymous_1)
FN:141,(anonymous_2)
FN:217,(anonymous_3)
FN:279,(anonymous_4)
FN:315,(anonymous_5)
FN:382,(anonymous_6)
FN:460,(anonymous_7)
FN:537,(anonymous_8)
FN:601,(anonymous_9)
FN:660,(anonymous_10)
FNF:11
FNH:0
FNDA:0,(anonymous_0)
FNDA:0,(anonymous_1)
FNDA:0,(anonymous_2)
FNDA:0,(anonymous_3)
FNDA:0,(anonymous_4)
FNDA:0,(anonymous_5)
FNDA:0,(anonymous_6)
FNDA:0,(anonymous_7)
FNDA:0,(anonymous_8)
FNDA:0,(anonymous_9)
FNDA:0,(anonymous_10)
DA:6,5
DA:7,5
DA:8,5
DA:13,5
DA:14,0
DA:15,0
DA:35,0
DA:40,0
DA:45,0
DA:55,5
DA:56,0
DA:57,0
DA:58,0
DA:61,0
DA:66,0
DA:67,0
DA:73,0
DA:74,0
DA:81,0
DA:91,0
DA:100,0
DA:101,0
DA:104,0
DA:105,0
DA:112,0
DA:119,0
DA:125,0
DA:131,0
DA:141,5
DA:142,0
DA:143,0
DA:144,0
DA:145,0
DA:148,0
DA:153,0
DA:154,0
DA:160,0
DA:161,0
DA:168,0
DA:179,0
DA:180,0
DA:187,0
DA:195,0
DA:201,0
DA:207,0
DA:217,5
DA:218,0
DA:226,0
DA:236,0
DA:241,0
DA:243,0
DA:264,0
DA:269,0
DA:279,5
DA:280,0
DA:281,0
DA:282,0
DA:284,0
DA:285,0
DA:287,0
DA:293,0
DA:299,0
DA:305,0
DA:315,5
DA:316,0
DA:317,0
DA:319,0
DA:320,0
DA:321,0
DA:322,0
DA:323,0
DA:324,0
DA:330,0
DA:353,0
DA:355,0
DA:367,0
DA:372,0
DA:382,5
DA:383,0
DA:384,0
DA:385,0
DA:386,0
DA:389,0
DA:390,0
DA:397,0
DA:402,0
DA:403,0
DA:410,0
DA:421,0
DA:422,0
DA:423,0
DA:430,0
DA:438,0
DA:444,0
DA:450,0
DA:460,5
DA:461,0
DA:462,0
DA:463,0
DA:464,0
DA:467,0
DA:468,0
DA:469,0
DA:476,0
DA:481,0
DA:482,0
DA:489,0
DA:499,0
DA:500,0
DA:507,0
DA:515,0
DA:521,0
DA:527,0
DA:537,5
DA:538,0
DA:539,0
DA:541,0
DA:572,0
DA:573,0
DA:579,0
DA:585,0
DA:591,0
DA:601,5
DA:602,0
DA:603,0
DA:605,0
DA:606,0
DA:607,0
DA:608,0
DA:609,0
DA:616,0
DA:631,0
DA:633,0
DA:645,0
DA:650,0
DA:660,5
DA:661,0
DA:662,0
DA:663,0
DA:664,0
DA:667,0
DA:668,0
DA:669,0
DA:676,0
DA:681,0
DA:682,0
DA:688,0
DA:691,0
DA:701,0
DA:703,0
DA:709,0
DA:710,0
DA:717,0
DA:725,0
DA:734,0
DA:740,0
DA:746,0
DA:753,5
LF:158
LH:15
BRDA:66,0,0,0
BRDA:66,0,1,0
BRDA:73,1,0,0
BRDA:73,1,1,0
BRDA:153,2,0,0
BRDA:153,2,1,0
BRDA:160,3,0,0
BRDA:160,3,1,0
BRDA:172,4,0,0
BRDA:172,4,1,0
BRDA:183,5,0,0
BRDA:183,5,1,0
BRDA:241,6,0,0
BRDA:241,6,1,0
BRDA:254,7,0,0
BRDA:254,7,1,0
BRDA:307,8,0,0
BRDA:307,8,1,0
BRDA:317,9,0,0
BRDA:317,10,0,0
BRDA:320,11,0,0
BRDA:320,11,1,0
BRDA:321,12,0,0
BRDA:321,12,1,0
BRDA:322,13,0,0
BRDA:322,13,1,0
BRDA:323,14,0,0
BRDA:323,14,1,0
BRDA:389,15,0,0
BRDA:389,15,1,0
BRDA:402,16,0,0
BRDA:402,16,1,0
BRDA:414,17,0,0
BRDA:414,17,1,0
BRDA:415,18,0,0
BRDA:415,18,1,0
BRDA:416,19,0,0
BRDA:416,19,1,0
BRDA:422,20,0,0
BRDA:422,20,1,0
BRDA:425,21,0,0
BRDA:425,21,1,0
BRDA:426,22,0,0
BRDA:426,22,1,0
BRDA:440,23,0,0
BRDA:440,23,1,0
BRDA:468,24,0,0
BRDA:468,24,1,0
BRDA:481,25,0,0
BRDA:481,25,1,0
BRDA:572,26,0,0
BRDA:572,26,1,0
BRDA:603,27,0,0
BRDA:603,28,0,0
BRDA:606,29,0,0
BRDA:606,29,1,0
BRDA:607,30,0,0
BRDA:607,30,1,0
BRDA:608,31,0,0
BRDA:608,31,1,0
BRDA:668,32,0,0
BRDA:668,32,1,0
BRDA:681,33,0,0
BRDA:681,33,1,0
BRDA:695,34,0,0
BRDA:695,34,1,0
BRDA:696,35,0,0
BRDA:696,35,1,0
BRDA:709,36,0,0
BRDA:709,36,1,0
BRF:70
BRH:0
end_of_record
TN:
SF:src\controllers\advancedAnalyticsController.js
FN:12,getDemandTrends
FN:42,getCompetitiveAnalysis
FN:69,getDemandPredictions
FN:99,getProfessionalAnalyticsDashboard
FN:158,getPersonalProfessionalMetrics
FN:227,getLocalRanking
FN:252,(anonymous_6)
FN:267,getMarketPosition
FNF:8
FNH:0
FNDA:0,getDemandTrends
FNDA:0,getCompetitiveAnalysis
FNDA:0,getDemandPredictions
FNDA:0,getProfessionalAnalyticsDashboard
FNDA:0,getPersonalProfessionalMetrics
FNDA:0,getLocalRanking
FNDA:0,(anonymous_6)
FNDA:0,getMarketPosition
DA:7,5
DA:13,0
DA:14,0
DA:16,0
DA:17,0
DA:22,0
DA:27,0
DA:32,0
DA:33,0
DA:43,0
DA:44,0
DA:46,0
DA:47,0
DA:52,0
DA:54,0
DA:59,0
DA:60,0
DA:70,0
DA:71,0
DA:73,0
DA:74,0
DA:79,0
DA:84,0
DA:89,0
DA:90,0
DA:100,0
DA:101,0
DA:104,0
DA:106,0
DA:107,0
DA:112,0
DA:113,0
DA:115,0
DA:116,0
DA:122,0
DA:129,0
DA:131,0
DA:144,0
DA:145,0
DA:159,0
DA:160,0
DA:161,0
DA:164,0
DA:165,0
DA:167,0
DA:178,0
DA:186,0
DA:198,0
DA:200,0
DA:209,0
DA:210,0
DA:228,0
DA:229,0
DA:230,0
DA:232,0
DA:252,0
DA:253,0
DA:256,0
DA:257,0
DA:268,0
DA:269,0
DA:270,0
DA:271,0
DA:272,0
DA:275,5
LF:65
LH:2
BRDA:16,0,0,0
BRDA:16,0,1,0
BRDA:24,1,0,0
BRDA:24,1,1,0
BRDA:46,2,0,0
BRDA:46,2,1,0
BRDA:46,3,0,0
BRDA:46,3,1,0
BRDA:73,4,0,0
BRDA:73,4,1,0
BRDA:81,5,0,0
BRDA:81,5,1,0
BRDA:106,6,0,0
BRDA:106,6,1,0
BRDA:106,7,0,0
BRDA:106,7,1,0
BRDA:115,8,0,0
BRDA:115,8,1,0
BRDA:115,9,0,0
BRDA:115,9,1,0
BRDA:203,10,0,0
BRDA:203,10,1,0
BRDA:205,11,0,0
BRDA:205,11,1,0
BRDA:253,12,0,0
BRDA:253,12,1,0
BRDA:268,13,0,0
BRDA:268,13,1,0
BRDA:268,14,0,0
BRDA:268,14,1,0
BRDA:269,15,0,0
BRDA:269,15,1,0
BRDA:269,16,0,0
BRDA:269,16,1,0
BRDA:270,17,0,0
BRDA:270,17,1,0
BRDA:271,18,0,0
BRDA:271,18,1,0
BRF:38
BRH:0
end_of_record
TN:
SF:src\controllers\authController.js
FN:26,validatePasswordStrength
FN:82,(anonymous_1)
FN:134,(anonymous_2)
FN:146,(anonymous_3)
FN:337,(anonymous_4)
FN:360,(anonymous_5)
FN:375,(anonymous_6)
FN:416,(anonymous_7)
FN:432,(anonymous_8)
FN:602,(anonymous_9)
FN:632,(anonymous_10)
FN:735,(anonymous_11)
FN:761,(anonymous_12)
FN:853,(anonymous_13)
FN:939,(anonymous_14)
FN:994,(anonymous_15)
FN:1050,(anonymous_16)
FN:1104,(anonymous_17)
FN:1326,(anonymous_18)
FN:1417,(anonymous_19)
FNF:20
FNH:9
FNDA:5,validatePasswordStrength
FNDA:10,(anonymous_1)
FNDA:2,(anonymous_2)
FNDA:5,(anonymous_3)
FNDA:9,(anonymous_4)
FNDA:0,(anonymous_5)
FNDA:0,(anonymous_6)
FNDA:0,(anonymous_7)
FNDA:9,(anonymous_8)
FNDA:0,(anonymous_9)
FNDA:0,(anonymous_10)
FNDA:0,(anonymous_11)
FNDA:0,(anonymous_12)
FNDA:0,(anonymous_13)
FNDA:2,(anonymous_14)
FNDA:3,(anonymous_15)
FNDA:1,(anonymous_16)
FNDA:0,(anonymous_17)
FNDA:0,(anonymous_18)
FNDA:0,(anonymous_19)
DA:14,6
DA:15,6
DA:16,6
DA:17,6
DA:18,6
DA:19,6
DA:20,6
DA:27,5
DA:34,5
DA:35,0
DA:36,0
DA:40,5
DA:41,0
DA:44,5
DA:45,0
DA:46,0
DA:50,5
DA:51,5
DA:52,5
DA:53,5
DA:54,5
DA:57,5
DA:58,0
DA:62,5
DA:68,5
DA:69,3
DA:70,3
DA:74,2
DA:82,2
DA:83,10
DA:84,4
DA:86,0
DA:87,0
DA:89,0
DA:90,0
DA:92,2
DA:93,2
DA:99,2
DA:102,2
DA:103,2
DA:104,2
DA:107,2
DA:108,2
DA:109,2
DA:110,2
DA:113,2
DA:114,2
DA:117,2
DA:120,2
DA:121,0
DA:122,0
DA:123,2
DA:124,0
DA:125,0
DA:126,0
DA:128,2
DA:129,0
DA:131,2
DA:134,2
DA:136,2
DA:146,6
DA:148,5
DA:150,5
DA:152,5
DA:153,0
DA:157,5
DA:158,5
DA:159,0
DA:163,5
DA:164,5
DA:165,3
DA:172,3
DA:183,2
DA:191,2
DA:193,0
DA:199,0
DA:203,2
DA:204,0
DA:206,0
DA:211,0
DA:215,0
DA:218,0
DA:220,0
DA:223,0
DA:236,0
DA:237,0
DA:238,0
DA:239,0
DA:246,0
DA:254,0
DA:255,0
DA:256,0
DA:259,0
DA:265,0
DA:272,0
DA:283,0
DA:290,0
DA:295,0
DA:298,0
DA:304,0
DA:313,0
DA:322,2
DA:330,2
DA:337,6
DA:338,9
DA:341,9
DA:350,0
DA:358,0
DA:359,0
DA:360,0
DA:362,0
DA:369,0
DA:375,6
DA:376,0
DA:379,0
DA:387,0
DA:395,0
DA:396,0
DA:399,0
DA:410,0
DA:416,6
DA:417,0
DA:432,6
DA:434,9
DA:436,9
DA:438,9
DA:441,9
DA:442,0
DA:446,9
DA:447,0
DA:448,0
DA:455,0
DA:463,0
DA:464,0
DA:466,0
DA:467,0
DA:473,0
DA:477,0
DA:486,0
DA:488,0
DA:489,0
DA:494,0
DA:502,0
DA:503,0
DA:504,0
DA:505,0
DA:506,0
DA:508,0
DA:511,0
DA:519,0
DA:523,0
DA:524,0
DA:525,0
DA:527,0
DA:528,0
DA:535,0
DA:539,0
DA:540,0
DA:547,0
DA:551,0
DA:554,0
DA:561,0
DA:562,0
DA:565,0
DA:571,0
DA:580,0
DA:588,9
DA:595,9
DA:602,6
DA:603,0
DA:605,0
DA:607,0
DA:608,0
DA:609,0
DA:613,0
DA:621,0
DA:622,0
DA:624,0
DA:625,0
DA:632,6
DA:633,0
DA:635,0
DA:637,0
DA:638,0
DA:639,0
DA:646,0
DA:649,0
DA:650,0
DA:653,0
DA:667,0
DA:679,0
DA:680,0
DA:681,0
DA:682,0
DA:688,0
DA:698,0
DA:705,0
DA:710,0
DA:713,0
DA:718,0
DA:727,0
DA:728,0
DA:735,6
DA:736,0
DA:738,0
DA:740,0
DA:751,0
DA:752,0
DA:761,6
DA:763,0
DA:765,0
DA:767,0
DA:768,0
DA:772,0
DA:773,0
DA:776,0
DA:780,0
DA:781,0
DA:782,0
DA:783,0
DA:790,0
DA:798,0
DA:800,0
DA:803,0
DA:813,0
DA:814,0
DA:815,0
DA:817,0
DA:824,0
DA:835,0
DA:838,0
DA:844,0
DA:853,6
DA:854,0
DA:856,0
DA:857,0
DA:858,0
DA:862,0
DA:863,0
DA:864,0
DA:872,0
DA:883,0
DA:892,0
DA:896,0
DA:897,0
DA:901,0
DA:902,0
DA:906,0
DA:909,0
DA:918,0
DA:924,0
DA:926,0
DA:930,0
DA:939,6
DA:940,2
DA:942,2
DA:943,2
DA:944,1
DA:948,1
DA:952,0
DA:953,0
DA:957,0
DA:958,0
DA:962,0
DA:971,0
DA:977,0
DA:982,1
DA:986,1
DA:994,6
DA:995,3
DA:997,3
DA:998,3
DA:999,2
DA:1003,1
DA:1004,0
DA:1007,0
DA:1011,0
DA:1012,0
DA:1016,0
DA:1017,0
DA:1018,0
DA:1022,0
DA:1028,0
DA:1034,0
DA:1039,1
DA:1043,1
DA:1050,6
DA:1051,1
DA:1053,1
DA:1054,1
DA:1055,1
DA:1059,0
DA:1060,0
DA:1063,0
DA:1067,0
DA:1068,0
DA:1072,0
DA:1073,0
DA:1074,0
DA:1078,0
DA:1083,0
DA:1089,0
DA:1091,0
DA:1095,0
DA:1104,6
DA:1105,0
DA:1106,0
DA:1107,0
DA:1109,0
DA:1118,0
DA:1119,0
DA:1120,0
DA:1126,0
DA:1127,0
DA:1128,0
DA:1129,0
DA:1133,0
DA:1137,0
DA:1138,0
DA:1139,0
DA:1140,0
DA:1150,0
DA:1151,0
DA:1152,0
DA:1153,0
DA:1154,0
DA:1157,0
DA:1158,0
DA:1159,0
DA:1161,0
DA:1171,0
DA:1180,0
DA:1186,0
DA:1188,0
DA:1191,0
DA:1193,0
DA:1194,0
DA:1195,0
DA:1196,0
DA:1198,0
DA:1206,0
DA:1216,0
DA:1217,0
DA:1218,0
DA:1220,0
DA:1222,0
DA:1225,0
DA:1231,0
DA:1235,0
DA:1238,0
DA:1239,0
DA:1240,0
DA:1243,0
DA:1255,0
DA:1261,0
DA:1268,0
DA:1272,0
DA:1279,0
DA:1284,0
DA:1287,0
DA:1292,0
DA:1294,0
DA:1308,0
DA:1309,0
DA:1315,0
DA:1326,6
DA:1327,0
DA:1329,0
DA:1331,0
DA:1332,0
DA:1336,0
DA:1337,0
DA:1338,0
DA:1342,0
DA:1343,0
DA:1347,0
DA:1348,0
DA:1349,0
DA:1350,0
DA:1357,0
DA:1365,0
DA:1366,0
DA:1369,0
DA:1379,0
DA:1380,0
DA:1381,0
DA:1383,0
DA:1389,0
DA:1394,0
DA:1401,0
DA:1404,0
DA:1409,0
DA:1417,6
DA:1418,0
DA:1420,0
DA:1422,0
DA:1423,0
DA:1427,0
DA:1428,0
DA:1430,0
DA:1434,0
DA:1435,0
DA:1436,0
DA:1437,0
DA:1444,0
DA:1452,0
DA:1453,0
DA:1456,0
DA:1466,0
DA:1467,0
DA:1468,0
DA:1470,0
DA:1476,0
DA:1481,0
DA:1489,0
DA:1492,0
DA:1497,0
DA:1501,6
LF:418
LH:102
BRDA:34,0,0,0
BRDA:34,0,1,5
BRDA:40,1,0,0
BRDA:40,1,1,5
BRDA:44,2,0,0
BRDA:44,2,1,5
BRDA:57,3,0,0
BRDA:57,3,1,5
BRDA:68,4,0,3
BRDA:68,4,1,2
BRDA:83,5,0,4
BRDA:83,5,1,6
BRDA:84,6,0,0
BRDA:84,6,1,0
BRDA:84,6,2,2
BRDA:102,7,0,2
BRDA:102,7,1,0
BRDA:103,8,0,2
BRDA:103,8,1,0
BRDA:104,9,0,2
BRDA:104,9,1,0
BRDA:107,10,0,2
BRDA:107,10,1,0
BRDA:108,11,0,2
BRDA:108,11,1,0
BRDA:109,12,0,2
BRDA:109,12,1,0
BRDA:110,13,0,2
BRDA:110,13,1,0
BRDA:113,14,0,2
BRDA:113,14,1,0
BRDA:113,15,0,2
BRDA:113,15,1,2
BRDA:113,15,2,2
BRDA:113,15,3,2
BRDA:113,15,4,2
BRDA:120,16,0,0
BRDA:120,16,1,2
BRDA:123,17,0,0
BRDA:123,17,1,2
BRDA:125,18,0,0
BRDA:125,18,1,0
BRDA:128,19,0,0
BRDA:128,19,1,2
BRDA:134,20,0,2
BRDA:134,20,1,2
BRDA:134,20,2,2
BRDA:152,21,0,0
BRDA:152,21,1,5
BRDA:152,22,0,5
BRDA:152,22,1,5
BRDA:152,22,2,5
BRDA:152,22,3,5
BRDA:158,23,0,0
BRDA:158,23,1,5
BRDA:164,24,0,3
BRDA:164,24,1,2
BRDA:191,25,0,0
BRDA:191,25,1,2
BRDA:204,26,0,0
BRDA:204,26,1,0
BRDA:237,27,0,0
BRDA:237,27,1,0
BRDA:237,28,0,0
BRDA:237,28,1,0
BRDA:358,29,0,0
BRDA:358,29,1,0
BRDA:358,30,0,0
BRDA:358,30,1,0
BRDA:395,31,0,0
BRDA:395,31,1,0
BRDA:396,32,0,0
BRDA:396,32,1,0
BRDA:441,33,0,0
BRDA:441,33,1,9
BRDA:441,34,0,9
BRDA:441,34,1,9
BRDA:447,35,0,0
BRDA:447,35,1,0
BRDA:464,36,0,0
BRDA:464,36,1,0
BRDA:481,37,0,0
BRDA:481,37,1,0
BRDA:482,38,0,0
BRDA:482,38,1,0
BRDA:486,39,0,0
BRDA:486,39,1,0
BRDA:486,40,0,0
BRDA:486,40,1,0
BRDA:503,41,0,0
BRDA:503,41,1,0
BRDA:505,42,0,0
BRDA:505,42,1,0
BRDA:525,43,0,0
BRDA:525,43,1,0
BRDA:607,44,0,0
BRDA:607,44,1,0
BRDA:607,45,0,0
BRDA:607,45,1,0
BRDA:609,46,0,0
BRDA:609,46,1,0
BRDA:622,47,0,0
BRDA:622,47,1,0
BRDA:625,48,0,0
BRDA:625,48,1,0
BRDA:638,49,0,0
BRDA:638,49,1,0
BRDA:767,50,0,0
BRDA:767,50,1,0
BRDA:773,51,0,0
BRDA:773,51,1,0
BRDA:781,52,0,0
BRDA:781,52,1,0
BRDA:781,53,0,0
BRDA:781,53,1,0
BRDA:857,54,0,0
BRDA:857,54,1,0
BRDA:857,55,0,0
BRDA:857,55,1,0
BRDA:863,56,0,0
BRDA:863,56,1,0
BRDA:896,57,0,0
BRDA:896,57,1,0
BRDA:901,58,0,0
BRDA:901,58,1,0
BRDA:901,59,0,0
BRDA:901,59,1,0
BRDA:940,60,0,2
BRDA:940,60,1,0
BRDA:943,61,0,1
BRDA:943,61,1,1
BRDA:952,62,0,0
BRDA:952,62,1,0
BRDA:957,63,0,0
BRDA:957,63,1,0
BRDA:957,64,0,0
BRDA:957,64,1,0
BRDA:998,65,0,2
BRDA:998,65,1,1
BRDA:1011,66,0,0
BRDA:1011,66,1,0
BRDA:1011,67,0,0
BRDA:1011,67,1,0
BRDA:1017,68,0,0
BRDA:1017,68,1,0
BRDA:1054,69,0,1
BRDA:1054,69,1,0
BRDA:1067,70,0,0
BRDA:1067,70,1,0
BRDA:1067,71,0,0
BRDA:1067,71,1,0
BRDA:1073,72,0,0
BRDA:1073,72,1,0
BRDA:1114,73,0,0
BRDA:1114,73,1,0
BRDA:1118,74,0,0
BRDA:1118,74,1,0
BRDA:1118,75,0,0
BRDA:1118,75,1,0
BRDA:1118,75,2,0
BRDA:1127,76,0,0
BRDA:1127,76,1,0
BRDA:1138,77,0,0
BRDA:1138,77,1,0
BRDA:1139,78,0,0
BRDA:1139,78,1,0
BRDA:1150,79,0,0
BRDA:1150,79,1,0
BRDA:1157,80,0,0
BRDA:1157,80,1,0
BRDA:1166,81,0,0
BRDA:1166,81,1,0
BRDA:1177,82,0,0
BRDA:1177,82,1,0
BRDA:1191,83,0,0
BRDA:1191,83,1,0
BRDA:1193,84,0,0
BRDA:1193,84,1,0
BRDA:1212,85,0,0
BRDA:1212,85,1,0
BRDA:1217,86,0,0
BRDA:1217,86,1,0
BRDA:1238,87,0,0
BRDA:1238,87,1,0
BRDA:1239,88,0,0
BRDA:1239,88,1,0
BRDA:1317,89,0,0
BRDA:1317,89,1,0
BRDA:1331,90,0,0
BRDA:1331,90,1,0
BRDA:1337,91,0,0
BRDA:1337,91,1,0
BRDA:1342,92,0,0
BRDA:1342,92,1,0
BRDA:1348,93,0,0
BRDA:1348,93,1,0
BRDA:1348,94,0,0
BRDA:1348,94,1,0
BRDA:1422,95,0,0
BRDA:1422,95,1,0
BRDA:1428,96,0,0
BRDA:1428,96,1,0
BRDA:1435,97,0,0
BRDA:1435,97,1,0
BRDA:1435,98,0,0
BRDA:1435,98,1,0
BRF:206
BRH:46
end_of_record
TN:
SF:src\controllers\availabilityController.js
FN:39,(anonymous_0)
FN:97,(anonymous_1)
FN:134,(anonymous_2)
FN:162,(anonymous_3)
FN:251,(anonymous_4)
FN:295,(anonymous_5)
FNF:6
FNH:0
FNDA:0,(anonymous_0)
FNDA:0,(anonymous_1)
FNDA:0,(anonymous_2)
FNDA:0,(anonymous_3)
FNDA:0,(anonymous_4)
FNDA:0,(anonymous_5)
DA:29,5
DA:30,5
DA:31,5
DA:39,5
DA:40,0
DA:41,0
DA:43,0
DA:44,0
DA:45,0
DA:46,0
DA:50,0
DA:71,0
DA:72,0
DA:75,0
DA:85,0
DA:87,0
DA:88,0
DA:97,5
DA:98,0
DA:99,0
DA:101,0
DA:104,0
DA:106,0
DA:107,0
DA:108,0
DA:111,0
DA:112,0
DA:113,0
DA:116,0
DA:127,0
DA:129,0
DA:130,0
DA:134,5
DA:135,0
DA:136,0
DA:137,0
DA:139,0
DA:140,0
DA:141,0
DA:142,0
DA:145,0
DA:150,0
DA:152,0
DA:153,0
DA:162,5
DA:163,0
DA:164,0
DA:165,0
DA:167,0
DA:169,0
DA:170,0
DA:171,0
DA:175,0
DA:180,0
DA:181,0
DA:184,0
DA:185,0
DA:188,0
DA:189,0
DA:193,0
DA:204,0
DA:214,0
DA:217,0
DA:225,0
DA:232,0
DA:243,0
DA:244,0
DA:251,5
DA:252,0
DA:253,0
DA:255,0
DA:256,0
DA:261,0
DA:262,0
DA:266,0
DA:267,0
DA:271,0
DA:272,0
DA:279,0
DA:288,0
DA:290,0
DA:291,0
DA:295,5
DA:296,0
DA:297,0
DA:299,0
DA:300,0
DA:301,0
DA:302,0
DA:306,0
DA:307,0
DA:310,0
DA:314,0
DA:316,0
DA:317,0
LF:95
LH:9
BRDA:45,0,0,0
BRDA:45,0,1,0
BRDA:71,1,0,0
BRDA:71,1,1,0
BRDA:81,2,0,0
BRDA:81,2,1,0
BRDA:104,3,0,0
BRDA:104,3,1,0
BRDA:141,4,0,0
BRDA:141,4,1,0
BRDA:141,5,0,0
BRDA:141,5,1,0
BRDA:170,6,0,0
BRDA:170,6,1,0
BRDA:180,7,0,0
BRDA:180,7,1,0
BRDA:184,8,0,0
BRDA:184,8,1,0
BRDA:188,9,0,0
BRDA:188,9,1,0
BRDA:197,10,0,0
BRDA:197,10,1,0
BRDA:261,11,0,0
BRDA:261,11,1,0
BRDA:266,12,0,0
BRDA:266,12,1,0
BRDA:266,13,0,0
BRDA:266,13,1,0
BRDA:271,14,0,0
BRDA:271,14,1,0
BRDA:301,15,0,0
BRDA:301,15,1,0
BRDA:301,16,0,0
BRDA:301,16,1,0
BRDA:306,17,0,0
BRDA:306,17,1,0
BRF:36
BRH:0
end_of_record
TN:
SF:src\controllers\chatController.js
FN:14,(anonymous_0)
FN:167,parseConversationId
FN:207,(anonymous_2)
FN:363,(anonymous_3)
FN:388,(anonymous_4)
FN:453,(anonymous_5)
FN:454,(anonymous_6)
FNF:7
FNH:0
FNDA:0,(anonymous_0)
FNDA:0,parseConversationId
FNDA:0,(anonymous_2)
FNDA:0,(anonymous_3)
FNDA:0,(anonymous_4)
FNDA:0,(anonymous_5)
FNDA:0,(anonymous_6)
DA:7,5
DA:8,5
DA:14,5
DA:15,0
DA:16,0
DA:18,0
DA:20,0
DA:21,0
DA:27,0
DA:29,0
DA:30,0
DA:37,0
DA:38,0
DA:44,0
DA:45,0
DA:46,0
DA:49,0
DA:51,0
DA:54,0
DA:71,0
DA:82,0
DA:83,0
DA:90,0
DA:93,0
DA:94,0
DA:100,0
DA:101,0
DA:104,0
DA:105,0
DA:107,0
DA:128,0
DA:129,0
DA:131,0
DA:157,0
DA:158,0
DA:169,0
DA:171,0
DA:172,0
DA:181,0
DA:183,0
DA:184,0
DA:186,0
DA:187,0
DA:196,0
DA:207,5
DA:208,0
DA:209,0
DA:211,0
DA:213,0
DA:216,0
DA:217,0
DA:219,0
DA:221,0
DA:232,0
DA:234,0
DA:235,0
DA:240,0
DA:241,0
DA:243,0
DA:244,0
DA:253,0
DA:257,0
DA:258,0
DA:265,0
DA:268,0
DA:269,0
DA:275,0
DA:286,0
DA:287,0
DA:294,0
DA:297,0
DA:298,0
DA:303,0
DA:304,0
DA:307,0
DA:328,0
DA:352,0
DA:353,0
DA:363,5
DA:364,0
DA:366,0
DA:368,0
DA:387,0
DA:389,0
DA:394,0
DA:405,0
DA:408,0
DA:425,0
DA:426,0
DA:427,0
DA:428,0
DA:430,0
DA:452,0
DA:453,0
DA:455,0
DA:456,0
DA:457,0
DA:458,0
DA:461,0
DA:467,0
DA:468,0
LF:101
LH:5
BRDA:20,0,0,0
BRDA:20,0,1,0
BRDA:20,1,0,0
BRDA:20,1,1,0
BRDA:29,2,0,0
BRDA:29,2,1,0
BRDA:29,3,0,0
BRDA:29,3,1,0
BRDA:37,4,0,0
BRDA:37,4,1,0
BRDA:37,5,0,0
BRDA:37,5,1,0
BRDA:82,6,0,0
BRDA:82,6,1,0
BRDA:82,7,0,0
BRDA:82,7,1,0
BRDA:90,8,0,0
BRDA:90,8,1,0
BRDA:90,8,2,0
BRDA:90,8,3,0
BRDA:93,9,0,0
BRDA:93,9,1,0
BRDA:100,10,0,0
BRDA:100,10,1,0
BRDA:101,11,0,0
BRDA:101,11,1,0
BRDA:128,12,0,0
BRDA:128,12,1,0
BRDA:143,13,0,0
BRDA:143,13,1,0
BRDA:151,14,0,0
BRDA:151,14,1,0
BRDA:171,15,0,0
BRDA:171,15,1,0
BRDA:181,16,0,0
BRDA:181,16,1,0
BRDA:186,17,0,0
BRDA:186,17,1,0
BRDA:216,18,0,0
BRDA:216,18,1,0
BRDA:216,19,0,0
BRDA:216,19,1,0
BRDA:232,20,0,0
BRDA:232,20,1,0
BRDA:235,21,0,0
BRDA:235,21,1,0
BRDA:257,22,0,0
BRDA:257,22,1,0
BRDA:268,23,0,0
BRDA:268,23,1,0
BRDA:268,24,0,0
BRDA:268,24,1,0
BRDA:286,25,0,0
BRDA:286,25,1,0
BRDA:286,26,0,0
BRDA:286,26,1,0
BRDA:294,27,0,0
BRDA:294,27,1,0
BRDA:294,27,2,0
BRDA:294,27,3,0
BRDA:297,28,0,0
BRDA:297,28,1,0
BRDA:303,29,0,0
BRDA:303,29,1,0
BRDA:304,30,0,0
BRDA:304,30,1,0
BRDA:340,31,0,0
BRDA:340,31,1,0
BRDA:389,32,0,0
BRDA:389,32,1,0
BRDA:405,33,0,0
BRDA:405,33,1,0
BRDA:439,34,0,0
BRDA:439,34,1,0
BRDA:455,35,0,0
BRDA:455,35,1,0
BRDA:455,36,0,0
BRDA:455,36,1,0
BRDA:456,37,0,0
BRDA:456,37,1,0
BRDA:457,38,0,0
BRDA:457,38,1,0
BRF:82
BRH:0
end_of_record
TN:
SF:src\controllers\contactController.js
FN:16,(anonymous_0)
FNF:1
FNH:0
FNDA:0,(anonymous_0)
DA:9,5
DA:16,5
DA:17,0
DA:18,0
DA:21,0
DA:22,0
DA:28,0
DA:29,0
DA:30,0
DA:36,0
DA:37,0
DA:43,0
DA:51,0
DA:53,0
DA:59,0
DA:60,0
LF:16
LH:2
BRDA:21,0,0,0
BRDA:21,0,1,0
BRDA:21,1,0,0
BRDA:21,1,1,0
BRDA:21,1,2,0
BRDA:21,1,3,0
BRDA:29,2,0,0
BRDA:29,2,1,0
BRDA:36,3,0,0
BRDA:36,3,1,0
BRF:10
BRH:0
end_of_record
TN:
SF:src\controllers\custodyController.js
FN:5,(anonymous_0)
FN:37,(anonymous_1)
FN:55,(anonymous_2)
FNF:3
FNH:0
FNDA:0,(anonymous_0)
FNDA:0,(anonymous_1)
FNDA:0,(anonymous_2)
DA:2,5
DA:3,5
DA:5,5
DA:6,0
DA:7,0
DA:9,0
DA:10,0
DA:15,0
DA:16,0
DA:20,0
DA:30,0
DA:32,0
DA:33,0
DA:37,5
DA:38,0
DA:40,0
DA:42,0
DA:48,0
DA:50,0
DA:51,0
DA:55,5
DA:56,0
DA:57,0
DA:59,0
DA:61,0
DA:67,0
DA:69,0
DA:70,0
LF:28
LH:5
BRDA:15,0,0,0
BRDA:15,0,1,0
BRDA:15,1,0,0
BRDA:15,1,1,0
BRF:4
BRH:0
end_of_record
TN:
SF:src\controllers\favoritesController.js
FN:12,(anonymous_0)
FN:77,(anonymous_1)
FN:114,(anonymous_2)
FN:151,(anonymous_3)
FNF:4
FNH:0
FNDA:0,(anonymous_0)
FNDA:0,(anonymous_1)
FNDA:0,(anonymous_2)
FNDA:0,(anonymous_3)
DA:6,5
DA:7,5
DA:12,5
DA:13,0
DA:14,0
DA:16,0
DA:18,0
DA:23,0
DA:24,0
DA:28,0
DA:37,0
DA:38,0
DA:42,0
DA:64,0
DA:69,0
DA:70,0
DA:77,5
DA:78,0
DA:79,0
DA:81,0
DA:82,0
DA:91,0
DA:92,0
DA:95,0
DA:104,0
DA:106,0
DA:107,0
DA:114,5
DA:115,0
DA:117,0
DA:118,0
DA:141,0
DA:143,0
DA:144,0
DA:151,5
DA:152,0
DA:153,0
DA:155,0
DA:156,0
DA:165,0
DA:167,0
DA:168,0
LF:42
LH:6
BRDA:23,0,0,0
BRDA:23,0,1,0
BRDA:23,1,0,0
BRDA:23,1,1,0
BRDA:37,2,0,0
BRDA:37,2,1,0
BRDA:91,3,0,0
BRDA:91,3,1,0
BRF:8
BRH:0
end_of_record
TN:
SF:src\controllers\galleryController.js
FN:7,(anonymous_0)
FN:24,(anonymous_1)
FN:59,(anonymous_2)
FNF:3
FNH:0
FNDA:0,(anonymous_0)
FNDA:0,(anonymous_1)
FNDA:0,(anonymous_2)
DA:2,5
DA:3,5
DA:4,5
DA:7,5
DA:8,0
DA:10,0
DA:11,0
DA:16,0
DA:18,0
DA:19,0
DA:24,5
DA:25,0
DA:26,0
DA:28,0
DA:29,0
DA:30,0
DA:31,0
DA:34,0
DA:35,0
DA:39,0
DA:40,0
DA:42,0
DA:51,0
DA:53,0
DA:54,0
DA:59,5
DA:60,0
DA:61,0
DA:63,0
DA:64,0
DA:68,0
DA:69,0
DA:72,0
DA:73,0
DA:77,0
DA:78,0
DA:81,0
DA:85,0
DA:87,0
DA:88,0
LF:40
LH:6
BRDA:30,0,0,0
BRDA:30,0,1,0
BRDA:34,1,0,0
BRDA:34,1,1,0
BRDA:68,2,0,0
BRDA:68,2,1,0
BRDA:72,3,0,0
BRDA:72,3,1,0
BRF:8
BRH:0
end_of_record
TN:
SF:src\controllers\healthController.js
FN:13,(anonymous_0)
FN:39,(anonymous_1)
FN:170,(anonymous_2)
FN:181,(anonymous_3)
FN:212,(anonymous_4)
FN:250,(anonymous_5)
FNF:6
FNH:0
FNDA:0,(anonymous_0)
FNDA:0,(anonymous_1)
FNDA:0,(anonymous_2)
FNDA:0,(anonymous_3)
FNDA:0,(anonymous_4)
FNDA:0,(anonymous_5)
DA:6,0
DA:7,0
DA:13,0
DA:14,0
DA:15,0
DA:16,0
DA:18,0
DA:26,0
DA:27,0
DA:39,0
DA:40,0
DA:49,0
DA:51,0
DA:52,0
DA:53,0
DA:58,0
DA:62,0
DA:66,0
DA:67,0
DA:68,0
DA:69,0
DA:74,0
DA:78,0
DA:81,0
DA:85,0
DA:89,0
DA:90,0
DA:95,0
DA:96,0
DA:100,0
DA:101,0
DA:102,0
DA:107,0
DA:108,0
DA:112,0
DA:113,0
DA:119,0
DA:120,0
DA:133,0
DA:134,0
DA:135,0
DA:136,0
DA:138,0
DA:144,0
DA:150,0
DA:153,0
DA:156,0
DA:157,0
DA:170,0
DA:171,0
DA:173,0
DA:176,0
DA:181,0
DA:183,0
DA:184,0
DA:192,0
DA:199,0
DA:200,0
DA:212,0
DA:214,0
DA:217,0
DA:218,0
DA:227,0
DA:228,0
DA:231,0
DA:232,0
DA:235,0
DA:250,0
DA:251,0
DA:252,0
DA:253,0
DA:255,0
DA:256,0
DA:258,0
DA:259,0
DA:263,0
LF:76
LH:0
BRDA:23,0,0,0
BRDA:23,0,1,0
BRDA:44,1,0,0
BRDA:44,1,1,0
BRDA:68,2,0,0
BRDA:68,2,1,0
BRDA:91,3,0,0
BRDA:91,3,1,0
BRDA:95,4,0,0
BRDA:95,4,1,0
BRDA:103,5,0,0
BRDA:103,5,1,0
BRDA:103,6,0,0
BRDA:103,6,1,0
BRDA:104,7,0,0
BRDA:104,7,1,0
BRDA:107,8,0,0
BRDA:107,8,1,0
BRDA:107,9,0,0
BRDA:107,9,1,0
BRDA:114,10,0,0
BRDA:114,10,1,0
BRDA:150,11,0,0
BRDA:150,11,1,0
BRDA:151,12,0,0
BRDA:151,12,1,0
BRDA:183,13,0,0
BRDA:183,13,1,0
BRDA:217,14,0,0
BRDA:217,14,1,0
BRDA:231,15,0,0
BRDA:231,15,1,0
BRF:32
BRH:0
end_of_record
TN:
SF:src\controllers\marketAnalysisController.js
FN:12,getPricingSuggestions
FN:43,getMarketStats
FN:70,getDemandAnalysis
FN:97,getPriceTrends
FNF:4
FNH:0
FNDA:0,getPricingSuggestions
FNDA:0,getMarketStats
FNDA:0,getDemandAnalysis
FNDA:0,getPriceTrends
DA:7,5
DA:13,0
DA:14,0
DA:16,0
DA:17,0
DA:22,0
DA:28,0
DA:33,0
DA:34,0
DA:44,0
DA:45,0
DA:47,0
DA:48,0
DA:53,0
DA:55,0
DA:60,0
DA:61,0
DA:71,0
DA:72,0
DA:74,0
DA:75,0
DA:80,0
DA:82,0
DA:87,0
DA:88,0
DA:98,0
DA:99,0
DA:101,0
DA:102,0
DA:107,0
DA:112,0
DA:117,0
DA:118,0
DA:124,5
LF:34
LH:2
BRDA:16,0,0,0
BRDA:16,0,1,0
BRDA:24,1,0,0
BRDA:24,1,1,0
BRDA:25,2,0,0
BRDA:25,2,1,0
BRDA:47,3,0,0
BRDA:47,3,1,0
BRDA:74,4,0,0
BRDA:74,4,1,0
BRDA:101,5,0,0
BRDA:101,5,1,0
BRDA:109,6,0,0
BRDA:109,6,1,0
BRF:14
BRH:0
end_of_record
TN:
SF:src\controllers\messageController.js
FN:31,(anonymous_0)
FN:55,(anonymous_1)
FN:129,(anonymous_2)
FNF:3
FNH:0
FNDA:0,(anonymous_0)
FNDA:0,(anonymous_1)
FNDA:0,(anonymous_2)
DA:22,5
DA:23,5
DA:24,5
DA:25,5
DA:31,5
DA:32,0
DA:33,0
DA:34,0
DA:36,0
DA:37,0
DA:40,0
DA:41,0
DA:42,0
DA:44,0
DA:45,0
DA:55,5
DA:56,0
DA:57,0
DA:59,0
DA:60,0
DA:63,0
DA:65,0
DA:66,0
DA:71,0
DA:72,0
DA:75,0
DA:78,0
DA:79,0
DA:83,0
DA:95,0
DA:96,0
DA:97,0
DA:99,0
DA:102,0
DA:105,0
DA:106,0
DA:107,0
DA:108,0
DA:110,0
DA:111,0
DA:118,0
DA:121,0
DA:123,0
DA:124,0
DA:129,5
DA:130,0
DA:131,0
DA:133,0
DA:134,0
DA:137,0
DA:138,0
DA:139,0
DA:141,0
DA:142,0
LF:54
LH:7
BRDA:34,0,0,0
BRDA:34,0,1,0
BRDA:36,1,0,0
BRDA:36,1,1,0
BRDA:59,2,0,0
BRDA:59,2,1,0
BRDA:59,3,0,0
BRDA:59,3,1,0
BRDA:65,4,0,0
BRDA:65,4,1,0
BRDA:71,5,0,0
BRDA:71,5,1,0
BRDA:75,6,0,0
BRDA:75,6,1,0
BRDA:75,6,2,0
BRDA:75,6,3,0
BRDA:78,7,0,0
BRDA:78,7,1,0
BRDA:88,8,0,0
BRDA:88,8,1,0
BRDA:89,9,0,0
BRDA:89,9,1,0
BRDA:97,10,0,0
BRDA:97,10,1,0
BRDA:110,11,0,0
BRDA:110,11,1,0
BRDA:110,12,0,0
BRDA:110,12,1,0
BRDA:133,13,0,0
BRDA:133,13,1,0
BRF:30
BRH:0
end_of_record
TN:
SF:src\controllers\newsletterController.js
FN:16,(anonymous_0)
FNF:1
FNH:0
FNDA:0,(anonymous_0)
DA:9,5
DA:16,5
DA:17,0
DA:18,0
DA:21,0
DA:22,0
DA:28,0
DA:29,0
DA:30,0
DA:36,0
DA:37,0
DA:38,0
DA:39,0
DA:45,0
DA:48,0
DA:50,0
DA:56,0
DA:57,0
LF:18
LH:2
BRDA:21,0,0,0
BRDA:21,0,1,0
BRDA:29,1,0,0
BRDA:29,1,1,0
BRDA:38,2,0,0
BRDA:38,2,1,0
BRF:6
BRH:0
end_of_record
TN:
SF:src\controllers\notificationController.js
FN:15,(anonymous_0)
FN:38,(anonymous_1)
FN:68,(anonymous_2)
FN:89,(anonymous_3)
FN:119,(anonymous_4)
FN:147,(anonymous_5)
FN:168,(anonymous_6)
FN:194,(anonymous_7)
FN:234,(anonymous_8)
FN:263,(anonymous_9)
FNF:10
FNH:0
FNDA:0,(anonymous_0)
FNDA:0,(anonymous_1)
FNDA:0,(anonymous_2)
FNDA:0,(anonymous_3)
FNDA:0,(anonymous_4)
FNDA:0,(anonymous_5)
FNDA:0,(anonymous_6)
FNDA:0,(anonymous_7)
FNDA:0,(anonymous_8)
FNDA:0,(anonymous_9)
DA:9,5
DA:10,5
DA:15,5
DA:16,0
DA:17,0
DA:18,0
DA:20,0
DA:22,0
DA:28,0
DA:29,0
DA:38,5
DA:39,0
DA:40,0
DA:41,0
DA:44,0
DA:45,0
DA:46,0
DA:51,0
DA:53,0
DA:58,0
DA:59,0
DA:68,5
DA:69,0
DA:70,0
DA:72,0
DA:74,0
DA:79,0
DA:80,0
DA:89,5
DA:90,0
DA:91,0
DA:92,0
DA:95,0
DA:96,0
DA:97,0
DA:102,0
DA:104,0
DA:109,0
DA:110,0
DA:119,5
DA:120,0
DA:121,0
DA:122,0
DA:124,0
DA:125,0
DA:130,0
DA:132,0
DA:137,0
DA:138,0
DA:147,5
DA:148,0
DA:149,0
DA:151,0
DA:153,0
DA:158,0
DA:159,0
DA:168,5
DA:169,0
DA:170,0
DA:172,0
DA:179,0
DA:184,0
DA:185,0
DA:194,5
DA:195,0
DA:196,0
DA:197,0
DA:198,0
DA:200,0
DA:213,0
DA:214,0
DA:219,0
DA:224,0
DA:225,0
DA:234,5
DA:235,0
DA:236,0
DA:245,0
DA:247,0
DA:248,0
DA:251,0
DA:262,0
DA:263,0
DA:264,0
DA:265,0
DA:269,0
DA:270,0
DA:275,0
DA:289,0
DA:295,0
DA:296,0
LF:91
LH:11
BRDA:45,0,0,0
BRDA:45,0,1,0
BRDA:45,1,0,0
BRDA:45,1,1,0
BRDA:96,2,0,0
BRDA:96,2,1,0
BRDA:96,3,0,0
BRDA:96,3,1,0
BRDA:124,4,0,0
BRDA:124,4,1,0
BRDA:213,5,0,0
BRDA:213,5,1,0
BRDA:264,6,0,0
BRDA:264,6,1,0
BRDA:269,7,0,0
BRDA:269,7,1,0
BRF:16
BRH:0
end_of_record
TN:
SF:src\controllers\paymentController.js
FN:22,createPaymentPreference
FN:156,releaseFunds
FN:208,getPaymentStatus
FN:236,handleWebhook
FN:279,withdrawFunds
FN:322,generateReceipt
FN:367,downloadReceipt
FNF:7
FNH:0
FNDA:0,createPaymentPreference
FNDA:0,releaseFunds
FNDA:0,getPaymentStatus
FNDA:0,handleWebhook
FNDA:0,withdrawFunds
FNDA:0,generateReceipt
FNDA:0,downloadReceipt
DA:11,5
DA:12,5
DA:13,5
DA:14,5
DA:23,0
DA:24,0
DA:25,0
DA:28,0
DA:29,0
DA:35,0
DA:41,0
DA:42,0
DA:44,0
DA:57,0
DA:58,0
DA:64,0
DA:65,0
DA:71,0
DA:72,0
DA:78,0
DA:81,0
DA:82,0
DA:83,0
DA:84,0
DA:88,0
DA:106,0
DA:107,0
DA:109,0
DA:122,0
DA:132,0
DA:140,0
DA:147,0
DA:157,0
DA:158,0
DA:159,0
DA:162,0
DA:163,0
DA:170,0
DA:175,0
DA:177,0
DA:186,0
DA:191,0
DA:199,0
DA:209,0
DA:210,0
DA:212,0
DA:213,0
DA:218,0
DA:220,0
DA:225,0
DA:226,0
DA:237,0
DA:238,0
DA:240,0
DA:248,0
DA:249,0
DA:252,0
DA:254,0
DA:262,0
DA:264,0
DA:271,0
DA:280,0
DA:281,0
DA:282,0
DA:285,0
DA:286,0
DA:291,0
DA:293,0
DA:300,0
DA:305,0
DA:312,0
DA:323,0
DA:324,0
DA:326,0
DA:327,0
DA:333,0
DA:335,0
DA:343,0
DA:351,0
DA:358,0
DA:368,0
DA:369,0
DA:371,0
DA:372,0
DA:377,0
DA:379,0
DA:380,0
DA:381,0
DA:384,0
DA:385,0
DA:391,5
LF:91
LH:5
BRDA:28,0,0,0
BRDA:28,0,1,0
BRDA:57,1,0,0
BRDA:57,1,1,0
BRDA:64,2,0,0
BRDA:64,2,1,0
BRDA:71,3,0,0
BRDA:71,3,1,0
BRDA:78,4,0,0
BRDA:78,4,1,0
BRDA:78,4,2,0
BRDA:81,5,0,0
BRDA:81,5,1,0
BRDA:82,6,0,0
BRDA:82,6,1,0
BRDA:148,7,0,0
BRDA:148,7,1,0
BRDA:162,8,0,0
BRDA:162,8,1,0
BRDA:162,9,0,0
BRDA:162,9,1,0
BRDA:200,10,0,0
BRDA:200,10,1,0
BRDA:212,11,0,0
BRDA:212,11,1,0
BRDA:227,12,0,0
BRDA:227,12,1,0
BRDA:248,13,0,0
BRDA:248,13,1,0
BRDA:285,14,0,0
BRDA:285,14,1,0
BRDA:285,15,0,0
BRDA:285,15,1,0
BRDA:313,16,0,0
BRDA:313,16,1,0
BRDA:326,17,0,0
BRDA:326,17,1,0
BRDA:359,18,0,0
BRDA:359,18,1,0
BRDA:371,19,0,0
BRDA:371,19,1,0
BRDA:386,20,0,0
BRDA:386,20,1,0
BRF:43
BRH:0
end_of_record
TN:
SF:src\controllers\professionalController.js
FN:9,(anonymous_0)
FN:161,(anonymous_1)
FN:185,(anonymous_2)
FN:229,(anonymous_3)
FNF:4
FNH:0
FNDA:0,(anonymous_0)
FNDA:0,(anonymous_1)
FNDA:0,(anonymous_2)
FNDA:0,(anonymous_3)
DA:2,5
DA:3,5
DA:9,5
DA:10,0
DA:19,0
DA:21,0
DA:24,0
DA:25,0
DA:26,0
DA:31,0
DA:32,0
DA:33,0
DA:34,0
DA:38,0
DA:46,0
DA:49,0
DA:50,0
DA:56,0
DA:58,0
DA:62,0
DA:64,0
DA:67,0
DA:68,0
DA:71,0
DA:72,0
DA:75,0
DA:76,0
DA:79,0
DA:80,0
DA:83,0
DA:84,0
DA:87,0
DA:88,0
DA:91,0
DA:92,0
DA:95,0
DA:96,0
DA:99,0
DA:100,0
DA:105,0
DA:110,0
DA:111,0
DA:115,0
DA:116,0
DA:117,0
DA:118,0
DA:122,0
DA:123,0
DA:130,0
DA:131,0
DA:133,0
DA:134,0
DA:136,0
DA:137,0
DA:140,0
DA:141,0
DA:144,0
DA:145,0
DA:147,0
DA:150,0
DA:153,0
DA:154,0
DA:155,0
DA:161,0
DA:165,0
DA:185,0
DA:200,0
DA:207,0
DA:209,0
DA:211,0
DA:221,0
DA:222,0
DA:229,5
DA:230,0
DA:231,0
DA:233,0
DA:253,0
DA:254,0
DA:258,0
DA:273,0
DA:275,0
DA:276,0
LF:82
LH:4
BRDA:16,0,0,0
BRDA:17,1,0,0
BRDA:18,2,0,0
BRDA:25,3,0,0
BRDA:25,3,1,0
BRDA:33,4,0,0
BRDA:33,4,1,0
BRDA:33,5,0,0
BRDA:33,5,1,0
BRDA:33,5,2,0
BRDA:49,6,0,0
BRDA:49,6,1,0
BRDA:56,7,0,0
BRDA:56,7,1,0
BRDA:62,8,0,0
BRDA:62,8,1,0
BRDA:67,9,0,0
BRDA:67,9,1,0
BRDA:71,10,0,0
BRDA:71,10,1,0
BRDA:75,11,0,0
BRDA:75,11,1,0
BRDA:79,12,0,0
BRDA:79,12,1,0
BRDA:83,13,0,0
BRDA:83,13,1,0
BRDA:87,14,0,0
BRDA:87,14,1,0
BRDA:91,15,0,0
BRDA:91,15,1,0
BRDA:95,16,0,0
BRDA:95,16,1,0
BRDA:99,17,0,0
BRDA:99,17,1,0
BRDA:115,18,0,0
BRDA:115,18,1,0
BRDA:115,19,0,0
BRDA:115,19,1,0
BRDA:117,20,0,0
BRDA:117,20,1,0
BRDA:118,21,0,0
BRDA:118,21,1,0
BRDA:122,22,0,0
BRDA:122,22,1,0
BRDA:131,23,0,0
BRDA:131,23,1,0
BRDA:131,23,2,0
BRDA:131,23,3,0
BRDA:131,23,4,0
BRDA:154,24,0,0
BRDA:154,24,1,0
BRDA:253,25,0,0
BRDA:253,25,1,0
BRF:53
BRH:0
end_of_record
TN:
SF:src\controllers\profileController.js
FN:32,(anonymous_0)
FN:74,(anonymous_1)
FNF:2
FNH:0
FNDA:0,(anonymous_0)
FNDA:0,(anonymous_1)
DA:22,5
DA:23,5
DA:24,5
DA:25,5
DA:32,5
DA:33,0
DA:35,0
DA:37,0
DA:38,0
DA:39,0
DA:40,0
DA:43,0
DA:55,0
DA:58,0
DA:59,0
DA:61,0
DA:63,0
DA:64,0
DA:74,5
DA:75,0
DA:83,0
DA:85,0
DA:86,0
DA:88,0
DA:90,0
DA:92,0
DA:93,0
DA:96,0
DA:97,0
DA:99,0
DA:101,0
DA:103,0
DA:104,0
DA:105,0
DA:108,0
DA:109,0
DA:112,0
DA:113,0
DA:114,0
DA:117,0
DA:118,0
DA:121,0
DA:122,0
DA:127,0
DA:128,0
DA:130,0
DA:131,0
DA:133,0
DA:137,0
DA:138,0
DA:140,0
DA:141,0
DA:161,0
DA:183,0
DA:184,0
DA:186,0
DA:187,0
DA:197,0
DA:199,0
DA:202,0
DA:203,0
DA:205,0
DA:206,0
DA:207,0
DA:211,0
DA:212,0
DA:214,0
DA:215,0
DA:219,0
DA:242,0
DA:243,0
DA:258,0
DA:261,0
DA:262,0
LF:74
LH:6
BRDA:38,0,0,0
BRDA:38,0,1,0
BRDA:55,1,0,0
BRDA:55,1,1,0
BRDA:88,2,0,0
BRDA:88,2,1,0
BRDA:92,3,0,0
BRDA:92,3,1,0
BRDA:93,4,0,0
BRDA:93,4,1,0
BRDA:96,5,0,0
BRDA:96,5,1,0
BRDA:101,6,0,0
BRDA:101,6,1,0
BRDA:103,7,0,0
BRDA:103,7,1,0
BRDA:112,8,0,0
BRDA:112,8,1,0
BRDA:128,9,0,0
BRDA:128,9,1,0
BRDA:131,10,0,0
BRDA:131,10,1,0
BRDA:138,11,0,0
BRDA:138,11,1,0
BRDA:138,12,0,0
BRDA:138,12,1,0
BRDA:140,13,0,0
BRDA:140,13,1,0
BRDA:144,14,0,0
BRDA:144,14,1,0
BRDA:144,15,0,0
BRDA:144,15,1,0
BRDA:146,16,0,0
BRDA:146,16,1,0
BRDA:148,17,0,0
BRDA:148,17,1,0
BRDA:149,18,0,0
BRDA:149,18,1,0
BRDA:151,19,0,0
BRDA:151,19,1,0
BRDA:152,20,0,0
BRDA:152,20,1,0
BRDA:157,21,0,0
BRDA:157,21,1,0
BRDA:164,22,0,0
BRDA:164,22,1,0
BRDA:164,23,0,0
BRDA:164,23,1,0
BRDA:166,24,0,0
BRDA:166,24,1,0
BRDA:168,25,0,0
BRDA:168,25,1,0
BRDA:169,26,0,0
BRDA:169,26,1,0
BRDA:171,27,0,0
BRDA:171,27,1,0
BRDA:172,28,0,0
BRDA:172,28,1,0
BRDA:177,29,0,0
BRDA:177,29,1,0
BRDA:197,30,0,0
BRDA:197,30,1,0
BRDA:202,31,0,0
BRDA:202,31,1,0
BRDA:205,32,0,0
BRDA:205,32,1,0
BRF:66
BRH:0
end_of_record
TN:
SF:src\controllers\quoteController.js
FN:23,(anonymous_0)
FN:41,(anonymous_1)
FN:128,(anonymous_2)
FN:216,(anonymous_3)
FN:239,(anonymous_4)
FN:252,(anonymous_5)
FN:272,(anonymous_6)
FN:393,(anonymous_7)
FN:411,(anonymous_8)
FN:417,(anonymous_9)
FN:426,(anonymous_10)
FN:427,(anonymous_11)
FN:427,(anonymous_12)
FN:428,(anonymous_13)
FN:428,(anonymous_14)
FN:429,(anonymous_15)
FN:430,(anonymous_16)
FN:430,(anonymous_17)
FN:430,(anonymous_18)
FN:450,(anonymous_19)
FN:487,(anonymous_20)
FN:491,(anonymous_21)
FN:492,(anonymous_22)
FN:493,(anonymous_23)
FN:497,(anonymous_24)
FN:510,(anonymous_25)
FNF:26
FNH:0
FNDA:0,(anonymous_0)
FNDA:0,(anonymous_1)
FNDA:0,(anonymous_2)
FNDA:0,(anonymous_3)
FNDA:0,(anonymous_4)
FNDA:0,(anonymous_5)
FNDA:0,(anonymous_6)
FNDA:0,(anonymous_7)
FNDA:0,(anonymous_8)
FNDA:0,(anonymous_9)
FNDA:0,(anonymous_10)
FNDA:0,(anonymous_11)
FNDA:0,(anonymous_12)
FNDA:0,(anonymous_13)
FNDA:0,(anonymous_14)
FNDA:0,(anonymous_15)
FNDA:0,(anonymous_16)
FNDA:0,(anonymous_17)
FNDA:0,(anonymous_18)
FNDA:0,(anonymous_19)
FNDA:0,(anonymous_20)
FNDA:0,(anonymous_21)
FNDA:0,(anonymous_22)
FNDA:0,(anonymous_23)
FNDA:0,(anonymous_24)
FNDA:0,(anonymous_25)
DA:9,5
DA:10,5
DA:11,5
DA:12,5
DA:13,5
DA:14,5
DA:16,5
DA:19,5
DA:20,5
DA:24,0
DA:25,0
DA:27,0
DA:41,5
DA:42,0
DA:43,0
DA:45,0
DA:46,0
DA:47,0
DA:50,0
DA:51,0
DA:52,0
DA:53,0
DA:55,0
DA:56,0
DA:57,0
DA:66,0
DA:67,0
DA:68,0
DA:69,0
DA:72,0
DA:78,0
DA:80,0
DA:81,0
DA:83,0
DA:84,0
DA:85,0
DA:93,0
DA:96,0
DA:97,0
DA:100,0
DA:101,0
DA:102,0
DA:103,0
DA:104,0
DA:105,0
DA:107,0
DA:108,0
DA:114,0
DA:128,0
DA:133,0
DA:138,0
DA:139,0
DA:140,0
DA:141,0
DA:143,0
DA:155,0
DA:163,0
DA:164,0
DA:170,0
DA:174,0
DA:177,0
DA:185,0
DA:192,0
DA:195,0
DA:196,0
DA:200,0
DA:216,5
DA:217,0
DA:219,0
DA:221,0
DA:239,0
DA:252,0
DA:256,0
DA:258,0
DA:259,0
DA:272,5
DA:273,0
DA:274,0
DA:276,0
DA:278,0
DA:295,0
DA:296,0
DA:299,0
DA:300,0
DA:303,0
DA:308,0
DA:309,0
DA:310,0
DA:312,0
DA:313,0
DA:316,0
DA:335,0
DA:336,0
DA:340,0
DA:341,0
DA:353,0
DA:357,0
DA:358,0
DA:362,0
DA:365,0
DA:366,0
DA:367,0
DA:368,0
DA:372,0
DA:374,0
DA:377,0
DA:379,0
DA:380,0
DA:393,5
DA:394,0
DA:396,0
DA:397,0
DA:411,0
DA:417,0
DA:426,0
DA:427,0
DA:428,0
DA:429,0
DA:430,0
DA:436,0
DA:438,0
DA:439,0
DA:450,5
DA:451,0
DA:452,0
DA:454,0
DA:455,0
DA:482,0
DA:483,0
DA:487,0
DA:488,0
DA:491,0
DA:492,0
DA:493,0
DA:498,0
DA:503,0
DA:510,0
DA:529,0
DA:530,0
LF:139
LH:14
BRDA:24,0,0,0
BRDA:24,0,1,0
BRDA:55,1,0,0
BRDA:55,1,1,0
BRDA:55,2,0,0
BRDA:55,2,1,0
BRDA:55,2,2,0
BRDA:68,3,0,0
BRDA:68,3,1,0
BRDA:68,4,0,0
BRDA:68,4,1,0
BRDA:101,5,0,0
BRDA:101,5,1,0
BRDA:101,6,0,0
BRDA:101,6,1,0
BRDA:119,7,0,0
BRDA:119,7,1,0
BRDA:138,8,0,0
BRDA:138,8,1,0
BRDA:195,9,0,0
BRDA:195,9,1,0
BRDA:243,10,0,0
BRDA:243,10,1,0
BRDA:295,11,0,0
BRDA:295,11,1,0
BRDA:299,12,0,0
BRDA:299,12,1,0
BRDA:304,13,0,0
BRDA:304,13,1,0
BRDA:308,14,0,0
BRDA:308,14,1,0
BRDA:309,15,0,0
BRDA:309,15,1,0
BRDA:309,16,0,0
BRDA:309,16,1,0
BRDA:335,17,0,0
BRDA:335,17,1,0
BRDA:336,18,0,0
BRDA:336,18,1,0
BRDA:346,19,0,0
BRDA:346,19,1,0
BRDA:349,20,0,0
BRDA:349,20,1,0
BRDA:357,21,0,0
BRDA:357,21,1,0
BRDA:358,22,0,0
BRDA:358,22,1,0
BRDA:367,23,0,0
BRDA:367,23,1,0
BRDA:368,24,0,0
BRDA:368,24,1,0
BRDA:369,25,0,0
BRDA:369,25,1,0
BRDA:415,26,0,0
BRDA:415,26,1,0
BRDA:416,27,0,0
BRDA:416,27,1,0
BRDA:429,28,0,0
BRDA:429,28,1,0
BRDA:482,29,0,0
BRDA:482,29,1,0
BRDA:487,30,0,0
BRDA:487,30,1,0
BRDA:490,31,0,0
BRDA:490,31,1,0
BRDA:495,32,0,0
BRDA:495,32,1,0
BRDA:496,33,0,0
BRDA:496,33,1,0
BRDA:498,34,0,0
BRDA:498,34,1,0
BRDA:508,35,0,0
BRDA:508,35,1,0
BRDA:522,36,0,0
BRDA:522,36,1,0
BRF:75
BRH:0
end_of_record
TN:
SF:src\controllers\rankingController.js
FN:12,(anonymous_0)
FN:53,(anonymous_1)
FN:57,(anonymous_2)
FN:70,(anonymous_3)
FN:88,(anonymous_4)
FN:106,(anonymous_5)
FN:109,(anonymous_6)
FN:129,(anonymous_7)
FN:137,(anonymous_8)
FN:163,(anonymous_9)
FN:164,(anonymous_10)
FN:197,(anonymous_11)
FN:213,(anonymous_12)
FN:222,(anonymous_13)
FN:229,(anonymous_14)
FN:254,(anonymous_15)
FN:267,(anonymous_16)
FNF:17
FNH:0
FNDA:0,(anonymous_0)
FNDA:0,(anonymous_1)
FNDA:0,(anonymous_2)
FNDA:0,(anonymous_3)
FNDA:0,(anonymous_4)
FNDA:0,(anonymous_5)
FNDA:0,(anonymous_6)
FNDA:0,(anonymous_7)
FNDA:0,(anonymous_8)
FNDA:0,(anonymous_9)
FNDA:0,(anonymous_10)
FNDA:0,(anonymous_11)
FNDA:0,(anonymous_12)
FNDA:0,(anonymous_13)
FNDA:0,(anonymous_14)
FNDA:0,(anonymous_15)
FNDA:0,(anonymous_16)
DA:6,5
DA:7,5
DA:12,5
DA:13,0
DA:15,0
DA:30,0
DA:32,0
DA:33,0
DA:36,0
DA:37,0
DA:40,0
DA:41,0
DA:44,0
DA:45,0
DA:49,0
DA:50,0
DA:53,0
DA:54,0
DA:57,0
DA:58,0
DA:60,0
DA:62,0
DA:63,0
DA:70,5
DA:71,0
DA:72,0
DA:87,0
DA:89,0
DA:90,0
DA:106,0
DA:109,0
DA:110,0
DA:113,0
DA:118,0
DA:119,0
DA:129,5
DA:130,0
DA:131,0
DA:133,0
DA:136,0
DA:137,0
DA:140,0
DA:155,0
DA:156,0
DA:162,0
DA:163,0
DA:164,0
DA:166,0
DA:186,0
DA:187,0
DA:197,5
DA:198,0
DA:212,0
DA:214,0
DA:215,0
DA:222,0
DA:223,0
DA:229,5
DA:230,0
DA:231,0
DA:233,0
DA:253,0
DA:255,0
DA:256,0
DA:267,0
DA:269,0
DA:274,0
DA:275,0
DA:282,5
LF:69
LH:8
BRDA:30,0,0,0
BRDA:30,0,1,0
BRDA:36,1,0,0
BRDA:36,1,1,0
BRDA:44,2,0,0
BRDA:44,2,1,0
BRDA:49,3,0,0
BRDA:49,3,1,0
BRDA:95,4,0,0
BRDA:95,4,1,0
BRDA:98,5,0,0
BRDA:98,5,1,0
BRDA:155,6,0,0
BRDA:155,6,1,0
BRDA:176,7,0,0
BRDA:176,7,1,0
BRDA:179,8,0,0
BRDA:179,8,1,0
BRDA:261,9,0,0
BRDA:261,9,1,0
BRF:20
BRH:0
end_of_record
TN:
SF:src\controllers\recurringServiceController.js
FN:12,createRecurringService
FN:73,getUserRecurringServices
FN:95,cancelRecurringService
FN:124,updateRecurringService
FN:175,getRecurringServiceDetails
FN:223,generateRecurringServices
FNF:6
FNH:0
FNDA:0,createRecurringService
FNDA:0,getUserRecurringServices
FNDA:0,cancelRecurringService
FNDA:0,updateRecurringService
FNDA:0,getRecurringServiceDetails
FNDA:0,generateRecurringServices
DA:7,5
DA:13,0
DA:14,0
DA:15,0
DA:18,0
DA:20,0
DA:26,0
DA:27,0
DA:28,0
DA:34,0
DA:35,0
DA:40,0
DA:55,0
DA:57,0
DA:63,0
DA:64,0
DA:74,0
DA:75,0
DA:76,0
DA:78,0
DA:80,0
DA:85,0
DA:86,0
DA:96,0
DA:97,0
DA:98,0
DA:100,0
DA:102,0
DA:107,0
DA:109,0
DA:110,0
DA:115,0
DA:125,0
DA:126,0
DA:127,0
DA:128,0
DA:131,0
DA:132,0
DA:134,0
DA:138,0
DA:139,0
DA:144,0
DA:145,0
DA:151,0
DA:159,0
DA:165,0
DA:166,0
DA:176,0
DA:177,0
DA:178,0
DA:180,0
DA:181,0
DA:183,0
DA:195,0
DA:196,0
DA:202,0
DA:203,0
DA:208,0
DA:213,0
DA:214,0
DA:224,0
DA:226,0
DA:227,0
DA:232,0
DA:234,0
DA:240,0
DA:241,0
DA:247,5
LF:68
LH:2
BRDA:18,0,0,0
BRDA:18,0,1,0
BRDA:18,1,0,0
BRDA:18,1,1,0
BRDA:18,1,2,0
BRDA:18,1,3,0
BRDA:18,1,4,0
BRDA:18,1,5,0
BRDA:18,1,6,0
BRDA:27,2,0,0
BRDA:27,2,1,0
BRDA:34,3,0,0
BRDA:34,3,1,0
BRDA:50,4,0,0
BRDA:50,4,1,0
BRDA:52,5,0,0
BRDA:52,5,1,0
BRDA:109,6,0,0
BRDA:109,6,1,0
BRDA:109,7,0,0
BRDA:109,7,1,0
BRDA:138,8,0,0
BRDA:138,8,1,0
BRDA:144,9,0,0
BRDA:144,9,1,0
BRDA:144,10,0,0
BRDA:144,10,1,0
BRDA:195,11,0,0
BRDA:195,11,1,0
BRDA:202,12,0,0
BRDA:202,12,1,0
BRDA:202,13,0,0
BRDA:202,13,1,0
BRDA:226,14,0,0
BRDA:226,14,1,0
BRF:35
BRH:0
end_of_record
TN:
SF:src\controllers\reviewController.js
FN:43,(anonymous_0)
FN:105,(anonymous_1)
FN:149,(anonymous_2)
FN:193,(anonymous_3)
FN:211,(anonymous_4)
FN:216,(anonymous_5)
FN:217,(anonymous_6)
FN:218,(anonymous_7)
FN:219,(anonymous_8)
FN:220,(anonymous_9)
FN:224,(anonymous_10)
FN:241,(anonymous_11)
FNF:12
FNH:0
FNDA:0,(anonymous_0)
FNDA:0,(anonymous_1)
FNDA:0,(anonymous_2)
FNDA:0,(anonymous_3)
FNDA:0,(anonymous_4)
FNDA:0,(anonymous_5)
FNDA:0,(anonymous_6)
FNDA:0,(anonymous_7)
FNDA:0,(anonymous_8)
FNDA:0,(anonymous_9)
FNDA:0,(anonymous_10)
FNDA:0,(anonymous_11)
DA:29,5
DA:30,5
DA:31,5
DA:32,5
DA:33,5
DA:43,5
DA:44,0
DA:45,0
DA:48,0
DA:49,0
DA:50,0
DA:53,0
DA:54,0
DA:59,0
DA:60,0
DA:64,0
DA:67,0
DA:68,0
DA:71,0
DA:74,0
DA:75,0
DA:77,0
DA:78,0
DA:82,0
DA:83,0
DA:84,0
DA:86,0
DA:87,0
DA:91,0
DA:102,0
DA:105,0
DA:107,0
DA:113,0
DA:114,0
DA:126,0
DA:130,0
DA:141,0
DA:143,0
DA:144,0
DA:149,5
DA:150,0
DA:151,0
DA:153,0
DA:154,0
DA:159,0
DA:160,0
DA:164,0
DA:165,0
DA:169,0
DA:170,0
DA:174,0
DA:178,0
DA:179,0
DA:182,0
DA:184,0
DA:185,0
DA:193,5
DA:194,0
DA:196,0
DA:197,0
DA:209,0
DA:210,0
DA:211,0
DA:215,0
DA:216,0
DA:217,0
DA:218,0
DA:219,0
DA:220,0
DA:224,0
DA:225,0
DA:227,0
DA:236,0
DA:237,0
DA:241,5
DA:242,0
DA:244,0
DA:245,0
DA:265,0
DA:267,0
DA:268,0
LF:81
LH:9
BRDA:49,0,0,0
BRDA:49,0,1,0
BRDA:49,1,0,0
BRDA:49,1,1,0
BRDA:49,1,2,0
BRDA:59,2,0,0
BRDA:59,2,1,0
BRDA:59,3,0,0
BRDA:59,3,1,0
BRDA:59,3,2,0
BRDA:67,4,0,0
BRDA:67,4,1,0
BRDA:74,5,0,0
BRDA:74,5,1,0
BRDA:77,6,0,0
BRDA:77,6,1,0
BRDA:105,7,0,0
BRDA:105,7,1,0
BRDA:159,8,0,0
BRDA:159,8,1,0
BRDA:164,9,0,0
BRDA:164,9,1,0
BRDA:169,10,0,0
BRDA:169,10,1,0
BRDA:178,11,0,0
BRDA:178,11,1,0
BRDA:210,12,0,0
BRDA:210,12,1,0
BRDA:225,13,0,0
BRDA:225,13,1,0
BRDA:233,14,0,0
BRDA:233,14,1,0
BRF:32
BRH:0
end_of_record
TN:
SF:src\controllers\searchController.js
FN:34,calculateDistance
FN:56,(anonymous_1)
FN:220,(anonymous_2)
FN:239,(anonymous_3)
FN:248,(anonymous_4)
FN:279,(anonymous_5)
FN:288,(anonymous_6)
FN:298,(anonymous_7)
FN:307,(anonymous_8)
FN:316,(anonymous_9)
FN:326,(anonymous_10)
FNF:11
FNH:0
FNDA:0,calculateDistance
FNDA:0,(anonymous_1)
FNDA:0,(anonymous_2)
FNDA:0,(anonymous_3)
FNDA:0,(anonymous_4)
FNDA:0,(anonymous_5)
FNDA:0,(anonymous_6)
FNDA:0,(anonymous_7)
FNDA:0,(anonymous_8)
FNDA:0,(anonymous_9)
FNDA:0,(anonymous_10)
DA:22,5
DA:23,5
DA:24,5
DA:35,0
DA:36,0
DA:37,0
DA:39,0
DA:42,0
DA:43,0
DA:44,0
DA:56,5
DA:71,0
DA:73,0
DA:75,0
DA:76,0
DA:77,0
DA:81,0
DA:82,0
DA:86,0
DA:87,0
DA:88,0
DA:89,0
DA:92,0
DA:108,0
DA:109,0
DA:110,0
DA:111,0
DA:115,0
DA:119,0
DA:120,0
DA:127,0
DA:128,0
DA:132,0
DA:133,0
DA:134,0
DA:135,0
DA:141,0
DA:143,0
DA:144,0
DA:145,0
DA:146,0
DA:147,0
DA:148,0
DA:149,0
DA:150,0
DA:153,0
DA:154,0
DA:155,0
DA:160,0
DA:161,0
DA:165,0
DA:167,0
DA:170,0
DA:171,0
DA:172,0
DA:175,0
DA:176,0
DA:177,0
DA:180,0
DA:181,0
DA:184,0
DA:185,0
DA:186,0
DA:189,0
DA:191,0
DA:194,0
DA:195,0
DA:198,0
DA:199,0
DA:203,0
DA:206,0
DA:219,0
DA:220,0
DA:222,0
DA:224,0
DA:232,0
DA:237,0
DA:238,0
DA:239,0
DA:241,0
DA:242,0
DA:248,0
DA:251,0
DA:278,0
DA:279,0
DA:280,0
DA:288,0
DA:289,0
DA:290,0
DA:291,0
DA:292,0
DA:293,0
DA:298,0
DA:299,0
DA:301,0
DA:307,0
DA:308,0
DA:309,0
DA:311,0
DA:316,0
DA:325,0
DA:326,0
DA:328,0
DA:329,0
DA:330,0
DA:331,0
DA:332,0
DA:337,0
DA:338,0
DA:341,0
DA:346,0
DA:348,0
DA:351,0
DA:359,0
DA:360,0
DA:363,0
DA:365,0
DA:366,0
LF:118
LH:4
BRDA:66,0,0,0
BRDA:67,1,0,0
BRDA:68,2,0,0
BRDA:76,3,0,0
BRDA:76,3,1,0
BRDA:81,4,0,0
BRDA:81,4,1,0
BRDA:81,5,0,0
BRDA:81,5,1,0
BRDA:81,5,2,0
BRDA:88,6,0,0
BRDA:88,6,1,0
BRDA:88,7,0,0
BRDA:88,7,1,0
BRDA:88,7,2,0
BRDA:93,8,0,0
BRDA:93,8,1,0
BRDA:94,9,0,0
BRDA:94,9,1,0
BRDA:95,10,0,0
BRDA:95,10,1,0
BRDA:96,11,0,0
BRDA:96,11,1,0
BRDA:97,12,0,0
BRDA:97,12,1,0
BRDA:98,13,0,0
BRDA:98,13,1,0
BRDA:99,14,0,0
BRDA:99,14,1,0
BRDA:100,15,0,0
BRDA:100,15,1,0
BRDA:103,16,0,0
BRDA:103,16,1,0
BRDA:104,17,0,0
BRDA:104,17,1,0
BRDA:109,18,0,0
BRDA:109,18,1,0
BRDA:119,19,0,0
BRDA:119,19,1,0
BRDA:127,20,0,0
BRDA:127,20,1,0
BRDA:132,21,0,0
BRDA:132,21,1,0
BRDA:134,22,0,0
BRDA:134,22,1,0
BRDA:141,23,0,0
BRDA:141,23,1,0
BRDA:141,24,0,0
BRDA:141,24,1,0
BRDA:143,25,0,0
BRDA:143,25,1,0
BRDA:143,26,0,0
BRDA:143,26,1,0
BRDA:145,27,0,0
BRDA:145,27,1,0
BRDA:146,28,0,0
BRDA:146,28,1,0
BRDA:147,29,0,0
BRDA:147,29,1,0
BRDA:147,30,0,0
BRDA:147,30,1,0
BRDA:149,31,0,0
BRDA:149,31,1,0
BRDA:150,32,0,0
BRDA:150,32,1,0
BRDA:154,33,0,0
BRDA:154,33,1,0
BRDA:155,34,0,0
BRDA:155,34,1,0
BRDA:160,35,0,0
BRDA:160,35,1,0
BRDA:172,36,0,0
BRDA:172,36,1,0
BRDA:172,36,2,0
BRDA:172,36,3,0
BRDA:172,36,4,0
BRDA:184,37,0,0
BRDA:184,37,1,0
BRDA:184,38,0,0
BRDA:184,38,1,0
BRDA:219,39,0,0
BRDA:219,39,1,0
BRDA:219,40,0,0
BRDA:219,40,1,0
BRDA:222,41,0,0
BRDA:222,41,1,0
BRDA:222,42,0,0
BRDA:222,42,1,0
BRDA:237,43,0,0
BRDA:237,43,1,0
BRDA:241,44,0,0
BRDA:241,44,1,0
BRDA:291,45,0,0
BRDA:291,45,1,0
BRDA:299,46,0,0
BRDA:299,46,1,0
BRDA:309,47,0,0
BRDA:309,47,1,0
BRDA:319,48,0,0
BRDA:319,48,1,0
BRDA:320,49,0,0
BRDA:320,49,1,0
BRDA:321,50,0,0
BRDA:321,50,1,0
BRDA:325,51,0,0
BRDA:325,51,1,0
BRDA:328,52,0,0
BRDA:328,52,1,0
BRDA:328,53,0,0
BRDA:328,53,1,0
BRDA:328,53,2,0
BRDA:329,54,0,0
BRDA:329,54,1,0
BRDA:330,55,0,0
BRDA:330,55,1,0
BRDA:331,56,0,0
BRDA:331,56,1,0
BRDA:337,57,0,0
BRDA:337,57,1,0
BRF:119
BRH:0
end_of_record
TN:
SF:src\controllers\serviceController.js
FN:24,(anonymous_0)
FN:106,(anonymous_1)
FN:125,(anonymous_2)
FN:152,(anonymous_3)
FN:206,(anonymous_4)
FNF:5
FNH:0
FNDA:0,(anonymous_0)
FNDA:0,(anonymous_1)
FNDA:0,(anonymous_2)
FNDA:0,(anonymous_3)
FNDA:0,(anonymous_4)
DA:9,0
DA:10,0
DA:11,0
DA:13,0
DA:24,0
DA:25,0
DA:26,0
DA:28,0
DA:30,0
DA:31,0
DA:35,0
DA:36,0
DA:37,0
DA:41,0
DA:42,0
DA:55,0
DA:56,0
DA:62,0
DA:75,0
DA:76,0
DA:78,0
DA:84,0
DA:91,0
DA:94,0
DA:99,0
DA:101,0
DA:102,0
DA:106,0
DA:107,0
DA:109,0
DA:110,0
DA:118,0
DA:120,0
DA:121,0
DA:125,0
DA:126,0
DA:128,0
DA:129,0
DA:141,0
DA:143,0
DA:144,0
DA:152,0
DA:153,0
DA:154,0
DA:155,0
DA:157,0
DA:159,0
DA:160,0
DA:163,0
DA:168,0
DA:169,0
DA:173,0
DA:174,0
DA:178,0
DA:179,0
DA:182,0
DA:188,0
DA:189,0
DA:190,0
DA:197,0
DA:199,0
DA:201,0
DA:202,0
DA:206,0
DA:207,0
DA:208,0
DA:209,0
DA:211,0
DA:213,0
DA:214,0
DA:215,0
DA:218,0
DA:223,0
DA:224,0
DA:228,0
DA:229,0
DA:232,0
DA:241,0
DA:242,0
DA:243,0
DA:259,0
DA:260,0
DA:261,0
DA:265,0
DA:268,0
DA:269,0
DA:270,0
DA:275,0
DA:276,0
DA:277,0
DA:280,0
DA:285,0
DA:287,0
DA:288,0
LF:94
LH:0
BRDA:30,0,0,0
BRDA:30,0,1,0
BRDA:30,1,0,0
BRDA:30,1,1,0
BRDA:30,1,2,0
BRDA:36,2,0,0
BRDA:36,2,1,0
BRDA:55,3,0,0
BRDA:55,3,1,0
BRDA:69,4,0,0
BRDA:69,4,1,0
BRDA:76,5,0,0
BRDA:76,5,1,0
BRDA:86,6,0,0
BRDA:86,6,1,0
BRDA:87,7,0,0
BRDA:87,7,1,0
BRDA:87,8,0,0
BRDA:87,8,1,0
BRDA:159,9,0,0
BRDA:159,9,1,0
BRDA:168,10,0,0
BRDA:168,10,1,0
BRDA:173,11,0,0
BRDA:173,11,1,0
BRDA:178,12,0,0
BRDA:178,12,1,0
BRDA:178,13,0,0
BRDA:178,13,1,0
BRDA:189,14,0,0
BRDA:189,14,1,0
BRDA:192,15,0,0
BRDA:192,15,1,0
BRDA:197,16,0,0
BRDA:197,16,1,0
BRDA:214,17,0,0
BRDA:214,17,1,0
BRDA:223,18,0,0
BRDA:223,18,1,0
BRDA:228,19,0,0
BRDA:228,19,1,0
BRDA:236,20,0,0
BRDA:236,20,1,0
BRDA:241,21,0,0
BRDA:241,21,1,0
BRDA:268,22,0,0
BRDA:268,22,1,0
BRDA:275,23,0,0
BRDA:275,23,1,0
BRDA:275,24,0,0
BRDA:275,24,1,0
BRDA:275,24,2,0
BRF:52
BRH:0
end_of_record
TN:
SF:src\controllers\simpleChatController.js
FN:14,(anonymous_0)
FN:66,(anonymous_1)
FN:91,(anonymous_2)
FN:177,(anonymous_3)
FN:204,(anonymous_4)
FN:259,(anonymous_5)
FN:260,(anonymous_6)
FNF:7
FNH:0
FNDA:0,(anonymous_0)
FNDA:0,(anonymous_1)
FNDA:0,(anonymous_2)
FNDA:0,(anonymous_3)
FNDA:0,(anonymous_4)
FNDA:0,(anonymous_5)
FNDA:0,(anonymous_6)
DA:7,5
DA:8,5
DA:14,5
DA:15,0
DA:16,0
DA:18,0
DA:19,0
DA:22,0
DA:27,0
DA:28,0
DA:35,0
DA:56,0
DA:58,0
DA:66,0
DA:80,0
DA:81,0
DA:91,5
DA:92,0
DA:93,0
DA:95,0
DA:96,0
DA:99,0
DA:100,0
DA:106,0
DA:107,0
DA:113,0
DA:118,0
DA:119,0
DA:126,0
DA:127,0
DA:133,0
DA:146,0
DA:151,0
DA:166,0
DA:167,0
DA:177,5
DA:178,0
DA:180,0
DA:181,0
DA:184,0
DA:203,0
DA:205,0
DA:210,0
DA:221,0
DA:224,0
DA:240,0
DA:258,0
DA:259,0
DA:261,0
DA:262,0
DA:263,0
DA:264,0
DA:267,0
DA:269,0
DA:276,0
DA:277,0
DA:283,5
LF:57
LH:6
BRDA:27,0,0,0
BRDA:27,0,1,0
BRDA:99,1,0,0
BRDA:99,1,1,0
BRDA:99,2,0,0
BRDA:99,2,1,0
BRDA:106,3,0,0
BRDA:106,3,1,0
BRDA:118,4,0,0
BRDA:118,4,1,0
BRDA:126,5,0,0
BRDA:126,5,1,0
BRDA:205,6,0,0
BRDA:205,6,1,0
BRDA:221,7,0,0
BRDA:221,7,1,0
BRDA:246,8,0,0
BRDA:246,8,1,0
BRDA:261,9,0,0
BRDA:261,9,1,0
BRDA:261,10,0,0
BRDA:261,10,1,0
BRDA:262,11,0,0
BRDA:262,11,1,0
BRDA:263,12,0,0
BRDA:263,12,1,0
BRF:26
BRH:0
end_of_record
TN:
SF:src\controllers\statsController.js
FN:12,(anonymous_0)
FN:73,(anonymous_1)
FN:147,(anonymous_2)
FN:170,(anonymous_3)
FN:187,(anonymous_4)
FN:210,(anonymous_5)
FNF:6
FNH:0
FNDA:0,(anonymous_0)
FNDA:0,(anonymous_1)
FNDA:0,(anonymous_2)
FNDA:0,(anonymous_3)
FNDA:0,(anonymous_4)
FNDA:0,(anonymous_5)
DA:6,5
DA:7,5
DA:12,5
DA:13,0
DA:14,0
DA:22,0
DA:56,0
DA:63,0
DA:65,0
DA:66,0
DA:73,5
DA:74,0
DA:75,0
DA:83,0
DA:129,0
DA:137,0
DA:139,0
DA:140,0
DA:147,5
DA:148,0
DA:149,0
DA:152,0
DA:170,0
DA:177,0
DA:179,0
DA:180,0
DA:187,5
DA:188,0
DA:189,0
DA:192,0
DA:210,0
DA:217,0
DA:219,0
DA:220,0
DA:224,5
LF:35
LH:7
BRDA:60,0,0,0
BRDA:60,0,1,0
BRDA:133,1,0,0
BRDA:133,1,1,0
BRDA:134,2,0,0
BRDA:134,2,1,0
BRF:6
BRH:0
end_of_record
TN:
SF:src\controllers\verificationController.js
FN:18,requestVerification
FN:69,getVerificationStatus
FN:89,getPendingVerifications
FN:117,approveVerification
FN:148,rejectVerification
FN:186,getDocumentUrl
FNF:6
FNH:0
FNDA:0,requestVerification
FNDA:0,getVerificationStatus
FNDA:0,getPendingVerifications
FNDA:0,approveVerification
FNDA:0,rejectVerification
FNDA:0,getDocumentUrl
DA:10,5
DA:11,5
DA:19,0
DA:20,0
DA:23,0
DA:24,0
DA:29,0
DA:32,0
DA:33,0
DA:35,0
DA:41,0
DA:48,0
DA:59,0
DA:60,0
DA:70,0
DA:71,0
DA:72,0
DA:74,0
DA:79,0
DA:80,0
DA:90,0
DA:92,0
DA:93,0
DA:98,0
DA:100,0
DA:105,0
DA:106,0
DA:118,0
DA:120,0
DA:121,0
DA:126,0
DA:127,0
DA:128,0
DA:130,0
DA:132,0
DA:138,0
DA:139,0
DA:149,0
DA:151,0
DA:152,0
DA:157,0
DA:158,0
DA:159,0
DA:161,0
DA:162,0
DA:167,0
DA:169,0
DA:175,0
DA:176,0
DA:187,0
DA:188,0
DA:189,0
DA:192,0
DA:194,0
DA:196,0
DA:197,0
DA:204,0
DA:206,0
DA:212,0
DA:213,0
DA:219,5
LF:61
LH:3
BRDA:23,0,0,0
BRDA:23,0,1,0
BRDA:61,1,0,0
BRDA:61,1,1,0
BRDA:81,2,0,0
BRDA:81,2,1,0
BRDA:92,3,0,0
BRDA:92,3,1,0
BRDA:107,4,0,0
BRDA:107,4,1,0
BRDA:120,5,0,0
BRDA:120,5,1,0
BRDA:140,6,0,0
BRDA:140,6,1,0
BRDA:151,7,0,0
BRDA:151,7,1,0
BRDA:161,8,0,0
BRDA:161,8,1,0
BRDA:161,9,0,0
BRDA:161,9,1,0
BRDA:177,10,0,0
BRDA:177,10,1,0
BRDA:194,11,0,0
BRDA:194,11,1,0
BRDA:194,12,0,0
BRDA:194,12,1,0
BRDA:196,13,0,0
BRDA:196,13,1,0
BRDA:214,14,0,0
BRDA:214,14,1,0
BRF:30
BRH:0
end_of_record
TN:
SF:src\middleware\authenticate.js
FN:25,(anonymous_0)
FN:42,(anonymous_1)
FNF:2
FNH:0
FNDA:0,(anonymous_0)
FNDA:0,(anonymous_1)
DA:9,6
DA:10,6
DA:12,6
DA:25,6
DA:28,0
DA:29,0
DA:33,0
DA:34,0
DA:42,0
DA:43,0
DA:44,0
DA:45,0
DA:47,0
DA:48,0
DA:49,0
DA:50,0
DA:53,0
DA:59,0
DA:62,0
DA:63,0
DA:75,0
DA:76,0
DA:77,0
DA:81,0
DA:82,0
DA:87,0
DA:93,0
DA:99,0
DA:100,0
DA:102,0
DA:103,0
LF:31
LH:4
BRDA:29,0,0,0
BRDA:29,0,1,0
BRDA:33,1,0,0
BRDA:33,1,1,0
BRDA:43,2,0,0
BRDA:43,2,1,0
BRDA:47,3,0,0
BRDA:47,3,1,0
BRDA:49,4,0,0
BRDA:49,4,1,0
BRDA:64,5,0,0
BRDA:64,5,1,0
BRDA:75,6,0,0
BRDA:75,6,1,0
BRDA:81,7,0,0
BRDA:81,7,1,0
BRF:16
BRH:0
end_of_record
TN:
SF:src\middleware\logging.js
FN:13,(anonymous_0)
FN:35,(anonymous_1)
FN:40,(anonymous_2)
FN:80,(anonymous_3)
FNF:4
FNH:0
FNDA:0,(anonymous_0)
FNDA:0,(anonymous_1)
FNDA:0,(anonymous_2)
FNDA:0,(anonymous_3)
DA:7,0
DA:13,0
DA:14,0
DA:15,0
DA:18,0
DA:21,0
DA:32,0
DA:33,0
DA:35,0
DA:36,0
DA:37,0
DA:40,0
DA:41,0
DA:42,0
DA:45,0
DA:59,0
DA:60,0
DA:61,0
DA:74,0
DA:80,0
DA:81,0
DA:82,0
DA:84,0
DA:94,0
DA:97,0
LF:25
LH:0
BRDA:18,0,0,0
BRDA:18,0,1,0
BRDA:18,0,2,0
BRDA:25,1,0,0
BRDA:25,1,1,0
BRDA:51,2,0,0
BRDA:51,2,1,0
BRDA:55,3,0,0
BRDA:55,3,1,0
BRDA:59,4,0,0
BRDA:59,4,1,0
BRDA:60,5,0,0
BRDA:60,5,1,0
BRDA:67,6,0,0
BRDA:67,6,1,0
BRDA:82,7,0,0
BRDA:82,7,1,0
BRDA:82,7,2,0
BRDA:88,8,0,0
BRDA:88,8,1,0
BRF:20
BRH:0
end_of_record
TN:
SF:src\middleware\metricsMiddleware.js
FNF:0
FNH:0
DA:2,0
DA:8,0
DA:10,0
LF:3
LH:0
BRF:0
BRH:0
end_of_record
TN:
SF:src\routes\achievementsRoutes.js
FNF:0
FNH:0
DA:6,5
DA:7,5
DA:8,5
DA:9,5
DA:12,5
DA:15,5
DA:18,5
DA:20,5
LF:8
LH:8
BRF:0
BRH:0
end_of_record
TN:
SF:src\routes\adminRoutes.js
FN:13,(anonymous_0)
FNF:1
FNH:0
FNDA:0,(anonymous_0)
DA:6,5
DA:7,5
DA:8,5
DA:10,5
DA:13,5
DA:14,0
DA:15,0
DA:20,0
DA:24,5
DA:25,5
DA:28,5
DA:29,5
DA:30,5
DA:33,5
DA:36,5
DA:37,5
DA:38,5
DA:39,5
DA:42,5
DA:45,5
DA:46,5
DA:48,5
LF:22
LH:19
BRDA:14,0,0,0
BRDA:14,0,1,0
BRF:2
BRH:0
end_of_record
TN:
SF:src\routes\advancedAnalyticsRoutes.js
FNF:0
FNH:0
DA:7,5
DA:8,5
DA:14,5
DA:16,5
DA:19,5
DA:22,5
DA:25,5
DA:28,5
DA:31,5
DA:33,5
LF:10
LH:10
BRF:0
BRH:0
end_of_record
TN:
SF:src\routes\authRoutes.js
FN:56,(anonymous_0)
FN:112,(anonymous_1)
FN:138,(anonymous_2)
FN:146,(anonymous_3)
FNF:4
FNH:1
FNDA:22,(anonymous_0)
FNDA:0,(anonymous_1)
FNDA:0,(anonymous_2)
FNDA:0,(anonymous_3)
DA:7,6
DA:8,6
DA:9,6
DA:10,6
DA:11,6
DA:13,6
DA:15,6
DA:18,6
DA:31,6
DA:43,6
DA:56,6
DA:57,22
DA:58,22
DA:59,8
DA:64,14
DA:68,6
DA:76,6
DA:82,6
DA:89,6
DA:91,6
DA:93,6
DA:95,6
DA:97,6
DA:99,6
DA:101,6
DA:103,6
DA:105,6
DA:107,6
DA:109,6
DA:112,6
DA:113,0
DA:114,0
DA:116,0
DA:117,0
DA:120,0
DA:124,0
DA:135,0
DA:138,6
DA:139,0
DA:140,0
DA:142,0
DA:143,0
DA:146,0
DA:147,0
DA:148,0
DA:149,0
DA:152,0
DA:153,0
DA:157,0
DA:165,0
DA:166,0
DA:171,6
DA:173,6
LF:53
LH:33
BRDA:58,0,0,8
BRDA:58,0,1,14
BRDA:116,1,0,0
BRDA:116,1,1,0
BRDA:120,2,0,0
BRDA:120,2,1,0
BRDA:124,3,0,0
BRDA:124,3,1,0
BRDA:142,4,0,0
BRDA:142,4,1,0
BRDA:146,5,0,0
BRDA:146,5,1,0
BRDA:147,6,0,0
BRDA:147,6,1,0
BRDA:149,7,0,0
BRDA:149,7,1,0
BRDA:152,8,0,0
BRDA:152,8,1,0
BRDA:153,9,0,0
BRDA:153,9,1,0
BRDA:166,10,0,0
BRDA:166,10,1,0
BRF:22
BRH:2
end_of_record
TN:
SF:src\routes\availabilityRoutes.js
FNF:0
FNH:0
DA:24,5
DA:25,5
DA:26,5
DA:28,5
DA:31,5
DA:33,5
DA:34,5
DA:35,5
DA:36,5
DA:37,5
DA:38,5
DA:40,5
LF:12
LH:12
BRF:0
BRH:0
end_of_record
TN:
SF:src\routes\chatRoutes.js
FN:33,(anonymous_0)
FN:108,parseConversationId
FNF:2
FNH:0
FNDA:0,(anonymous_0)
FNDA:0,parseConversationId
DA:5,5
DA:6,5
DA:11,5
DA:13,5
DA:16,5
DA:21,5
DA:25,5
DA:29,5
DA:33,5
DA:34,0
DA:35,0
DA:37,0
DA:39,0
DA:43,0
DA:45,0
DA:54,0
DA:56,0
DA:57,0
DA:59,0
DA:70,0
DA:72,0
DA:73,0
DA:78,0
DA:79,0
DA:81,0
DA:92,0
DA:100,0
DA:101,0
DA:109,0
DA:111,0
DA:112,0
DA:120,0
DA:121,0
DA:123,0
DA:124,0
DA:132,0
DA:139,5
LF:37
LH:10
BRDA:39,0,0,0
BRDA:39,0,1,0
BRDA:43,1,0,0
BRDA:43,1,1,0
BRDA:54,2,0,0
BRDA:54,2,1,0
BRDA:70,3,0,0
BRDA:70,3,1,0
BRDA:73,4,0,0
BRDA:73,4,1,0
BRDA:111,5,0,0
BRDA:111,5,1,0
BRDA:123,6,0,0
BRDA:123,6,1,0
BRF:14
BRH:0
end_of_record
TN:
SF:src\routes\contactRoutes.js
FNF:0
FNH:0
DA:9,5
DA:10,5
DA:12,5
DA:19,5
DA:21,5
LF:5
LH:5
BRF:0
BRH:0
end_of_record
TN:
SF:src\routes\custodyRoutes.js
FNF:0
FNH:0
DA:2,5
DA:3,5
DA:5,5
DA:7,5
DA:8,5
DA:9,5
DA:11,5
LF:7
LH:7
BRF:0
BRH:0
end_of_record
TN:
SF:src\routes\favoritesRoutes.js
FNF:0
FNH:0
DA:6,5
DA:7,5
DA:8,5
DA:14,5
DA:17,5
DA:20,5
DA:23,5
DA:26,5
DA:29,5
DA:31,5
LF:10
LH:10
BRF:0
BRH:0
end_of_record
TN:
SF:src\routes\galleryRoutes.js
FN:12,(anonymous_0)
FNF:1
FNH:0
FNDA:0,(anonymous_0)
DA:2,5
DA:3,5
DA:6,5
DA:7,5
DA:14,0
DA:15,0
DA:16,0
DA:18,0
DA:23,5
DA:26,5
DA:29,5
DA:32,5
DA:34,5
LF:13
LH:9
BRDA:15,0,0,0
BRDA:15,0,1,0
BRF:2
BRH:0
end_of_record
TN:
SF:src\routes\mapsRoutes.js
FN:11,(anonymous_0)
FN:41,(anonymous_1)
FNF:2
FNH:0
FNDA:0,(anonymous_0)
FNDA:0,(anonymous_1)
DA:2,5
DA:3,5
DA:5,5
DA:11,5
DA:12,0
DA:13,0
DA:15,0
DA:16,0
DA:22,0
DA:24,0
DA:29,0
DA:30,0
DA:41,5
DA:42,0
DA:43,0
DA:45,0
DA:46,0
DA:52,0
DA:54,0
DA:59,0
DA:60,0
DA:67,5
LF:22
LH:6
BRDA:15,0,0,0
BRDA:15,0,1,0
BRDA:45,1,0,0
BRDA:45,1,1,0
BRDA:45,2,0,0
BRDA:45,2,1,0
BRF:6
BRH:0
end_of_record
TN:
SF:src\routes\marketAnalysisRoutes.js
FNF:0
FNH:0
DA:7,5
DA:8,5
DA:14,5
DA:16,5
DA:19,5
DA:22,5
DA:25,5
DA:28,5
DA:31,5
DA:33,5
LF:10
LH:10
BRF:0
BRH:0
end_of_record
TN:
SF:src\routes\messageRoutes.js
FNF:0
FNH:0
DA:16,5
DA:17,5
DA:22,5
DA:24,5
DA:27,5
DA:31,5
DA:35,5
DA:38,5
DA:40,5
LF:9
LH:9
BRF:0
BRH:0
end_of_record
TN:
SF:src\routes\metricsRoutes.js
FN:13,(anonymous_0)
FN:33,(anonymous_1)
FNF:2
FNH:0
FNDA:0,(anonymous_0)
FNDA:0,(anonymous_1)
DA:2,5
DA:3,5
DA:4,5
DA:6,5
DA:13,5
DA:14,0
DA:15,0
DA:18,0
DA:19,0
DA:22,0
DA:24,0
DA:25,0
DA:33,5
DA:34,0
DA:47,5
DA:49,5
LF:16
LH:8
BRF:0
BRH:0
end_of_record
TN:
SF:src\routes\newsletterRoutes.js
FNF:0
FNH:0
DA:9,5
DA:10,5
DA:12,5
DA:19,5
DA:21,5
LF:5
LH:5
BRF:0
BRH:0
end_of_record
TN:
SF:src\routes\notificationRoutes.js
FN:41,(anonymous_0)
FNF:1
FNH:0
FNDA:0,(anonymous_0)
DA:9,5
DA:10,5
DA:11,5
DA:13,5
DA:16,5
DA:19,5
DA:22,5
DA:25,5
DA:29,5
DA:32,5
DA:35,5
DA:36,5
DA:40,5
DA:41,5
DA:42,0
DA:43,0
DA:44,0
DA:47,0
DA:48,0
DA:58,0
DA:64,0
DA:65,0
DA:74,5
DA:77,5
DA:79,5
LF:25
LH:17
BRDA:35,0,0,5
BRDA:35,0,1,0
BRDA:40,1,0,5
BRDA:40,1,1,0
BRDA:50,2,0,0
BRDA:50,2,1,0
BRDA:51,3,0,0
BRDA:51,3,1,0
BRF:8
BRH:2
end_of_record
TN:
SF:src\routes\paymentRoutes.js
FN:42,(anonymous_0)
FNF:1
FNH:0
FNDA:0,(anonymous_0)
DA:6,5
DA:7,5
DA:8,5
DA:10,5
DA:14,5
DA:18,5
DA:22,5
DA:26,5
DA:30,5
DA:34,5
DA:38,5
DA:42,5
DA:43,0
DA:44,0
DA:45,0
DA:46,0
DA:48,0
DA:49,0
DA:53,5
LF:19
LH:13
BRF:0
BRH:0
end_of_record
TN:
SF:src\routes\professionalsRoutes.js
FNF:0
FNH:0
DA:2,5
DA:3,5
DA:5,5
DA:9,5
DA:13,5
DA:15,5
LF:6
LH:6
BRF:0
BRH:0
end_of_record
TN:
SF:src\routes\profileRoutes.js
FN:38,(anonymous_0)
FN:49,(anonymous_1)
FN:64,(anonymous_2)
FNF:3
FNH:0
FNDA:0,(anonymous_0)
FNDA:0,(anonymous_1)
FNDA:0,(anonymous_2)
DA:22,5
DA:23,5
DA:24,5
DA:25,5
DA:27,5
DA:29,5
DA:32,5
DA:33,5
DA:40,0
DA:41,0
DA:43,0
DA:49,5
DA:51,0
DA:52,0
DA:53,0
DA:56,0
DA:60,5
DA:64,5
DA:65,0
DA:66,0
DA:68,0
DA:69,0
DA:70,0
DA:75,0
DA:77,0
DA:93,0
DA:96,0
DA:100,0
DA:103,0
DA:104,0
DA:111,5
DA:119,5
DA:122,5
LF:33
LH:14
BRDA:40,0,0,0
BRDA:40,0,1,0
BRDA:51,1,0,0
BRDA:51,1,1,0
BRDA:51,2,0,0
BRDA:51,2,1,0
BRDA:69,3,0,0
BRDA:69,3,1,0
BRDA:75,4,0,0
BRDA:75,4,1,0
BRF:10
BRH:0
end_of_record
TN:
SF:src\routes\quoteRoutes.js
FN:40,(anonymous_0)
FN:92,(anonymous_1)
FN:121,(anonymous_2)
FNF:3
FNH:0
FNDA:0,(anonymous_0)
FNDA:0,(anonymous_1)
FNDA:0,(anonymous_2)
DA:30,5
DA:31,5
DA:32,5
DA:33,5
DA:36,5
DA:37,5
DA:41,0
DA:42,0
DA:44,0
DA:49,5
DA:52,5
DA:61,5
DA:62,5
DA:71,5
DA:80,5
DA:89,5
DA:92,5
DA:93,0
DA:94,0
DA:95,0
DA:96,0
DA:97,0
DA:105,0
DA:107,0
DA:108,0
DA:118,5
DA:121,5
DA:122,0
DA:123,0
DA:124,0
DA:125,0
DA:126,0
DA:134,0
DA:136,0
DA:137,0
DA:141,5
LF:36
LH:17
BRDA:41,0,0,0
BRDA:41,0,1,0
BRF:2
BRH:0
end_of_record
TN:
SF:src\routes\rankingRoutes.js
FNF:0
FNH:0
DA:6,5
DA:7,5
DA:8,5
DA:11,5
DA:12,5
DA:13,5
DA:15,5
LF:7
LH:7
BRF:0
BRH:0
end_of_record
TN:
SF:src\routes\recurringServiceRoutes.js
FNF:0
FNH:0
DA:7,5
DA:8,5
DA:16,5
DA:18,5
DA:21,5
DA:24,5
DA:27,5
DA:30,5
DA:33,5
DA:36,5
DA:39,5
DA:41,5
LF:12
LH:12
BRF:0
BRH:0
end_of_record
TN:
SF:src\routes\reviewRoutes.js
FN:36,(anonymous_0)
FN:39,(anonymous_1)
FN:48,(anonymous_2)
FN:63,(anonymous_3)
FNF:4
FNH:0
FNDA:0,(anonymous_0)
FNDA:0,(anonymous_1)
FNDA:0,(anonymous_2)
FNDA:0,(anonymous_3)
DA:25,5
DA:26,5
DA:27,5
DA:28,5
DA:29,5
DA:30,5
DA:32,5
DA:35,5
DA:37,0
DA:40,0
DA:41,0
DA:45,5
DA:49,0
DA:50,0
DA:52,0
DA:57,5
DA:58,5
DA:59,5
DA:60,5
DA:63,5
DA:64,0
DA:65,0
DA:67,0
DA:90,0
DA:92,0
DA:93,0
DA:97,5
LF:27
LH:15
BRDA:49,0,0,0
BRDA:49,0,1,0
BRF:2
BRH:0
end_of_record
TN:
SF:src\routes\searchRoutes.js
FNF:0
FNH:0
DA:16,5
DA:17,5
DA:19,5
DA:23,5
DA:25,5
LF:5
LH:5
BRF:0
BRH:0
end_of_record
TN:
SF:src\routes\serviceRoutes.js
FNF:0
FNH:0
DA:9,0
DA:10,0
DA:11,0
DA:13,0
DA:16,0
DA:25,0
DA:34,0
DA:43,0
DA:52,0
DA:61,0
DA:63,0
LF:11
LH:0
BRF:0
BRH:0
end_of_record
TN:
SF:src\routes\servicesRoutes.js
FN:10,(anonymous_0)
FN:41,(anonymous_1)
FN:72,(anonymous_2)
FN:116,(anonymous_3)
FN:165,(anonymous_4)
FN:195,(anonymous_5)
FN:228,(anonymous_6)
FN:256,(anonymous_7)
FNF:8
FNH:0
FNDA:0,(anonymous_0)
FNDA:0,(anonymous_1)
FNDA:0,(anonymous_2)
FNDA:0,(anonymous_3)
FNDA:0,(anonymous_4)
FNDA:0,(anonymous_5)
FNDA:0,(anonymous_6)
FNDA:0,(anonymous_7)
DA:2,5
DA:3,5
DA:4,5
DA:6,5
DA:7,5
DA:10,5
DA:11,0
DA:12,0
DA:33,0
DA:35,0
DA:36,0
DA:41,5
DA:42,0
DA:43,0
DA:44,0
DA:60,0
DA:61,0
DA:64,0
DA:66,0
DA:67,0
DA:72,5
DA:73,0
DA:74,0
DA:75,0
DA:78,0
DA:82,0
DA:83,0
DA:86,0
DA:108,0
DA:110,0
DA:111,0
DA:116,5
DA:117,0
DA:118,0
DA:119,0
DA:120,0
DA:123,0
DA:127,0
DA:128,0
DA:131,0
DA:132,0
DA:135,0
DA:157,0
DA:159,0
DA:160,0
DA:165,5
DA:166,0
DA:167,0
DA:168,0
DA:171,0
DA:175,0
DA:176,0
DA:179,0
DA:180,0
DA:183,0
DA:187,0
DA:189,0
DA:190,0
DA:195,5
DA:196,0
DA:197,0
DA:198,0
DA:220,0
DA:222,0
DA:223,0
DA:228,5
DA:229,0
DA:230,0
DA:232,0
DA:248,0
DA:250,0
DA:251,0
DA:256,5
DA:257,0
DA:258,0
DA:259,0
DA:260,0
DA:262,0
DA:266,0
DA:267,0
DA:270,0
DA:271,0
DA:275,0
DA:276,0
DA:277,0
DA:280,0
DA:297,0
DA:299,0
DA:300,0
DA:304,5
LF:90
LH:14
BRDA:60,0,0,0
BRDA:60,0,1,0
BRDA:82,1,0,0
BRDA:82,1,1,0
BRDA:127,2,0,0
BRDA:127,2,1,0
BRDA:131,3,0,0
BRDA:131,3,1,0
BRDA:141,4,0,0
BRDA:141,4,1,0
BRDA:175,5,0,0
BRDA:175,5,1,0
BRDA:179,6,0,0
BRDA:179,6,1,0
BRDA:266,7,0,0
BRDA:266,7,1,0
BRDA:270,8,0,0
BRDA:270,8,1,0
BRDA:276,9,0,0
BRDA:276,9,1,0
BRDA:284,10,0,0
BRDA:284,10,1,0
BRF:22
BRH:0
end_of_record
TN:
SF:src\routes\simpleChatRoutes.js
FNF:0
FNH:0
DA:5,5
DA:6,5
DA:11,5
DA:13,5
DA:16,5
DA:20,5
DA:24,5
DA:28,5
DA:30,5
LF:9
LH:9
BRF:0
BRH:0
end_of_record
TN:
SF:src\routes\smsRoutes.js
FN:11,(anonymous_0)
FNF:1
FNH:0
FNDA:0,(anonymous_0)
DA:2,5
DA:3,5
DA:5,5
DA:11,5
DA:12,0
DA:13,0
DA:15,0
DA:16,0
DA:23,0
DA:24,0
DA:30,0
DA:32,0
DA:33,0
DA:43,0
DA:50,0
DA:51,0
DA:58,5
LF:17
LH:5
BRDA:15,0,0,0
BRDA:15,0,1,0
BRDA:15,1,0,0
BRDA:15,1,1,0
BRDA:23,2,0,0
BRDA:23,2,1,0
BRDA:32,3,0,0
BRDA:32,3,1,0
BRF:8
BRH:0
end_of_record
TN:
SF:src\routes\statsRoutes.js
FNF:0
FNH:0
DA:6,5
DA:7,5
DA:13,5
DA:15,5
DA:18,5
DA:19,5
DA:22,5
DA:23,5
DA:25,5
LF:9
LH:9
BRF:0
BRH:0
end_of_record
TN:
SF:src\routes\uploadRoutes.js
FN:15,(anonymous_0)
FN:30,(anonymous_1)
FN:68,(anonymous_2)
FNF:3
FNH:0
FNDA:0,(anonymous_0)
FNDA:0,(anonymous_1)
FNDA:0,(anonymous_2)
DA:2,5
DA:3,5
DA:4,5
DA:5,5
DA:7,5
DA:10,5
DA:17,0
DA:18,0
DA:19,0
DA:21,0
DA:30,5
DA:31,0
DA:32,0
DA:33,0
DA:39,0
DA:44,0
DA:56,0
DA:57,0
DA:68,5
DA:69,0
DA:70,0
DA:71,0
DA:77,0
DA:84,0
DA:95,0
DA:96,0
DA:103,5
LF:27
LH:9
BRDA:18,0,0,0
BRDA:18,0,1,0
BRDA:32,1,0,0
BRDA:32,1,1,0
BRDA:70,2,0,0
BRDA:70,2,1,0
BRF:6
BRH:0
end_of_record
TN:
SF:src\routes\verificationRoutes.js
FN:19,(anonymous_0)
FNF:1
FNH:0
FNDA:0,(anonymous_0)
DA:7,5
DA:8,5
DA:9,5
DA:10,5
DA:13,5
DA:14,5
DA:21,0
DA:22,0
DA:23,0
DA:25,0
DA:30,5
DA:34,5
DA:42,5
DA:46,5
DA:50,5
DA:54,5
DA:58,5
DA:60,5
LF:18
LH:14
BRDA:22,0,0,0
BRDA:22,0,1,0
BRF:2
BRH:0
end_of_record
TN:
SF:src\services\advancedAnalyticsService.js
FN:16,getDemandTrendsByZone
FN:118,processMonthlyData
FN:127,(anonymous_2)
FN:133,(anonymous_3)
FN:140,(anonymous_4)
FN:144,(anonymous_5)
FN:165,getSpecialtyBreakdown
FN:168,(anonymous_7)
FN:181,calculateTrends
FN:192,(anonymous_9)
FN:193,(anonymous_10)
FN:194,(anonymous_11)
FN:194,(anonymous_12)
FN:200,(anonymous_13)
FN:202,(anonymous_14)
FN:213,(anonymous_15)
FN:222,calculateLinearTrend
FN:227,(anonymous_17)
FN:228,(anonymous_18)
FN:245,generateInsights
FN:287,getDemandLevel
FN:301,getMarketOpportunity
FN:321,getCompetitiveAnalysis
FN:354,(anonymous_23)
FN:354,(anonymous_24)
FN:355,(anonymous_25)
FN:356,(anonymous_26)
FN:357,(anonymous_27)
FN:369,(anonymous_28)
FN:372,(anonymous_29)
FN:377,(anonymous_30)
FN:381,(anonymous_31)
FN:398,getDemandPredictions
FN:407,(anonymous_33)
FNF:34
FNH:0
FNDA:0,getDemandTrendsByZone
FNDA:0,processMonthlyData
FNDA:0,(anonymous_2)
FNDA:0,(anonymous_3)
FNDA:0,(anonymous_4)
FNDA:0,(anonymous_5)
FNDA:0,getSpecialtyBreakdown
FNDA:0,(anonymous_7)
FNDA:0,calculateTrends
FNDA:0,(anonymous_9)
FNDA:0,(anonymous_10)
FNDA:0,(anonymous_11)
FNDA:0,(anonymous_12)
FNDA:0,(anonymous_13)
FNDA:0,(anonymous_14)
FNDA:0,(anonymous_15)
FNDA:0,calculateLinearTrend
FNDA:0,(anonymous_17)
FNDA:0,(anonymous_18)
FNDA:0,generateInsights
FNDA:0,getDemandLevel
FNDA:0,getMarketOpportunity
FNDA:0,getCompetitiveAnalysis
FNDA:0,(anonymous_23)
FNDA:0,(anonymous_24)
FNDA:0,(anonymous_25)
FNDA:0,(anonymous_26)
FNDA:0,(anonymous_27)
FNDA:0,(anonymous_28)
FNDA:0,(anonymous_29)
FNDA:0,(anonymous_30)
FNDA:0,(anonymous_31)
FNDA:0,getDemandPredictions
FNDA:0,(anonymous_33)
DA:7,5
DA:8,5
DA:17,0
DA:18,0
DA:19,0
DA:22,0
DA:55,0
DA:72,0
DA:85,0
DA:88,0
DA:91,0
DA:93,0
DA:106,0
DA:107,0
DA:119,0
DA:121,0
DA:122,0
DA:123,0
DA:124,0
DA:127,0
DA:128,0
DA:129,0
DA:133,0
DA:134,0
DA:135,0
DA:139,0
DA:140,0
DA:143,0
DA:144,0
DA:147,0
DA:157,0
DA:166,0
DA:168,0
DA:169,0
DA:170,0
DA:173,0
DA:182,0
DA:183,0
DA:192,0
DA:193,0
DA:194,0
DA:197,0
DA:198,0
DA:200,0
DA:201,0
DA:202,0
DA:205,0
DA:207,0
DA:213,0
DA:223,0
DA:225,0
DA:226,0
DA:227,0
DA:228,0
DA:229,0
DA:231,0
DA:233,0
DA:234,0
DA:235,0
DA:246,0
DA:255,0
DA:256,0
DA:257,0
DA:258,0
DA:259,0
DA:260,0
DA:263,0
DA:264,0
DA:265,0
DA:266,0
DA:267,0
DA:268,0
DA:272,0
DA:273,0
DA:274,0
DA:275,0
DA:276,0
DA:279,0
DA:288,0
DA:289,0
DA:290,0
DA:291,0
DA:292,0
DA:302,0
DA:304,0
DA:305,0
DA:306,0
DA:307,0
DA:308,0
DA:309,0
DA:311,0
DA:322,0
DA:323,0
DA:349,0
DA:350,0
DA:354,0
DA:355,0
DA:356,0
DA:357,0
DA:359,0
DA:369,0
DA:372,0
DA:377,0
DA:381,0
DA:387,0
DA:388,0
DA:399,0
DA:400,0
DA:402,0
DA:403,0
DA:407,0
DA:408,0
DA:410,0
DA:411,0
DA:413,0
DA:415,0
DA:416,0
DA:417,0
DA:418,0
DA:420,0
DA:423,0
DA:424,0
DA:426,0
DA:433,0
DA:442,0
DA:443,0
DA:447,5
LF:127
LH:3
BRDA:16,0,0,0
BRDA:139,1,0,0
BRDA:139,1,1,0
BRDA:143,2,0,0
BRDA:143,2,1,0
BRDA:144,3,0,0
BRDA:144,3,1,0
BRDA:170,4,0,0
BRDA:170,4,1,0
BRDA:182,5,0,0
BRDA:182,5,1,0
BRDA:201,6,0,0
BRDA:201,6,1,0
BRDA:205,7,0,0
BRDA:205,7,1,0
BRDA:223,8,0,0
BRDA:223,8,1,0
BRDA:233,9,0,0
BRDA:233,9,1,0
BRDA:234,10,0,0
BRDA:234,10,1,0
BRDA:255,11,0,0
BRDA:255,11,1,0
BRDA:258,12,0,0
BRDA:258,12,1,0
BRDA:263,13,0,0
BRDA:263,13,1,0
BRDA:266,14,0,0
BRDA:266,14,1,0
BRDA:273,15,0,0
BRDA:273,15,1,0
BRDA:275,16,0,0
BRDA:275,16,1,0
BRDA:288,17,0,0
BRDA:288,17,1,0
BRDA:289,18,0,0
BRDA:289,18,1,0
BRDA:290,19,0,0
BRDA:290,19,1,0
BRDA:291,20,0,0
BRDA:291,20,1,0
BRDA:304,21,0,0
BRDA:304,21,1,0
BRDA:304,22,0,0
BRDA:304,22,1,0
BRDA:306,23,0,0
BRDA:306,23,1,0
BRDA:306,24,0,0
BRDA:306,24,1,0
BRDA:308,25,0,0
BRDA:308,25,1,0
BRDA:349,26,0,0
BRDA:349,26,1,0
BRDA:355,27,0,0
BRDA:355,27,1,0
BRDA:356,28,0,0
BRDA:356,28,1,0
BRDA:366,29,0,0
BRDA:366,29,1,0
BRDA:398,30,0,0
BRDA:402,31,0,0
BRDA:402,31,1,0
BRDA:415,32,0,0
BRDA:415,32,1,0
BRDA:417,33,0,0
BRDA:417,33,1,0
BRDA:429,34,0,0
BRDA:429,34,1,0
BRF:68
BRH:0
end_of_record
TN:
SF:src\services\authService.js
FN:16,(anonymous_0)
FN:41,(anonymous_1)
FN:104,(anonymous_2)
FN:121,(anonymous_3)
FN:139,(anonymous_4)
FN:157,(anonymous_5)
FN:174,(anonymous_6)
FN:192,(anonymous_7)
FNF:8
FNH:2
FNDA:2,(anonymous_0)
FNDA:0,(anonymous_1)
FNDA:2,(anonymous_2)
FNDA:0,(anonymous_3)
FNDA:0,(anonymous_4)
FNDA:0,(anonymous_5)
FNDA:0,(anonymous_6)
FNDA:0,(anonymous_7)
DA:7,1
DA:8,1
DA:9,1
DA:16,1
DA:17,2
DA:18,2
DA:19,0
DA:22,2
DA:29,0
DA:30,0
DA:32,2
DA:33,2
DA:41,1
DA:42,0
DA:43,0
DA:44,0
DA:47,0
DA:48,0
DA:49,0
DA:53,0
DA:54,0
DA:58,0
DA:59,0
DA:60,0
DA:62,0
DA:67,0
DA:68,0
DA:80,0
DA:93,0
DA:94,0
DA:96,0
DA:97,0
DA:104,1
DA:105,2
DA:106,2
DA:107,0
DA:110,2
DA:111,1
DA:113,1
DA:114,1
DA:121,1
DA:122,0
DA:123,0
DA:124,0
DA:127,0
DA:128,0
DA:129,0
DA:131,0
DA:132,0
DA:139,1
DA:140,0
DA:141,0
DA:142,0
DA:145,0
DA:146,0
DA:147,0
DA:149,0
DA:150,0
DA:157,1
DA:158,0
DA:159,0
DA:160,0
DA:163,0
DA:164,0
DA:166,0
DA:167,0
DA:174,1
DA:175,0
DA:176,0
DA:177,0
DA:180,0
DA:181,0
DA:183,0
DA:184,0
DA:192,1
DA:193,0
DA:194,0
DA:195,0
DA:200,0
DA:201,0
DA:203,0
DA:204,0
LF:82
LH:22
BRDA:16,0,0,1
BRDA:18,1,0,0
BRDA:18,1,1,2
BRDA:48,2,0,0
BRDA:48,2,1,0
BRDA:53,3,0,0
BRDA:53,3,1,0
BRDA:53,4,0,0
BRDA:53,4,1,0
BRDA:53,4,2,0
BRDA:53,4,3,0
BRDA:53,4,4,0
BRDA:53,4,5,0
BRDA:75,5,0,0
BRDA:75,5,1,0
BRDA:84,6,0,0
BRDA:84,6,1,0
BRDA:88,7,0,0
BRDA:88,7,1,0
BRDA:106,8,0,0
BRDA:106,8,1,2
BRDA:123,9,0,0
BRDA:123,9,1,0
BRDA:141,10,0,0
BRDA:141,10,1,0
BRDA:159,11,0,0
BRDA:159,11,1,0
BRDA:176,12,0,0
BRDA:176,12,1,0
BRDA:194,13,0,0
BRDA:194,13,1,0
BRF:31
BRH:3
end_of_record
TN:
SF:src\services\availabilityReminderService.js
FN:18,checkAndSendAvailabilityReminders
FN:109,sendAvailabilityReminder
FN:182,sendPersonalizedAvailabilityReminder
FN:231,getAvailabilityStats
FN:281,scheduleAutomaticReminders
FN:295,(anonymous_5)
FNF:6
FNH:0
FNDA:0,checkAndSendAvailabilityReminders
FNDA:0,sendAvailabilityReminder
FNDA:0,sendPersonalizedAvailabilityReminder
FNDA:0,getAvailabilityStats
FNDA:0,scheduleAutomaticReminders
FNDA:0,(anonymous_5)
DA:7,5
DA:8,5
DA:9,5
DA:10,5
DA:12,5
DA:19,0
DA:20,0
DA:23,0
DA:24,0
DA:27,0
DA:70,0
DA:72,0
DA:74,0
DA:75,0
DA:77,0
DA:87,0
DA:88,0
DA:89,0
DA:92,0
DA:96,0
DA:97,0
DA:100,0
DA:101,0
DA:110,0
DA:112,0
DA:114,0
DA:115,0
DA:126,0
DA:130,0
DA:141,0
DA:142,0
DA:143,0
DA:164,0
DA:166,0
DA:169,0
DA:172,0
DA:173,0
DA:183,0
DA:184,0
DA:196,0
DA:197,0
DA:200,0
DA:201,0
DA:204,0
DA:205,0
DA:206,0
DA:207,0
DA:208,0
DA:209,0
DA:210,0
DA:211,0
DA:212,0
DA:215,0
DA:222,0
DA:223,0
DA:232,0
DA:233,0
DA:237,0
DA:238,0
DA:240,0
DA:254,0
DA:264,0
DA:273,0
DA:274,0
DA:282,0
DA:284,0
DA:285,0
DA:286,0
DA:289,0
DA:290,0
DA:293,0
DA:295,0
DA:296,0
DA:299,0
DA:302,0
DA:305,0
DA:309,5
LF:77
LH:6
BRDA:87,0,0,0
BRDA:87,0,1,0
BRDA:157,1,0,0
BRDA:157,1,1,0
BRDA:196,2,0,0
BRDA:196,2,1,0
BRDA:204,3,0,0
BRDA:204,3,1,0
BRDA:204,4,0,0
BRDA:204,4,1,0
BRDA:207,5,0,0
BRDA:207,5,1,0
BRDA:210,6,0,0
BRDA:210,6,1,0
BRDA:268,7,0,0
BRDA:268,7,1,0
BRDA:289,8,0,0
BRDA:289,8,1,0
BRF:18
BRH:0
end_of_record
TN:
SF:src\services\backupService.js
FN:13,(anonymous_0)
FN:23,(anonymous_1)
FN:45,(anonymous_2)
FN:54,(anonymous_3)
FN:62,(anonymous_4)
FN:76,(anonymous_5)
FN:77,(anonymous_6)
FN:101,(anonymous_7)
FN:123,(anonymous_8)
FN:167,(anonymous_9)
FN:199,(anonymous_10)
FN:224,(anonymous_11)
FN:244,(anonymous_12)
FN:264,(anonymous_13)
FN:295,(anonymous_14)
FN:307,(anonymous_15)
FN:319,(anonymous_16)
FN:331,(anonymous_17)
FN:351,(anonymous_18)
FN:361,(anonymous_19)
FN:371,(anonymous_20)
FN:376,(anonymous_21)
FN:390,(anonymous_22)
FNF:23
FNH:3
FNDA:5,(anonymous_0)
FNDA:5,(anonymous_1)
FNDA:0,(anonymous_2)
FNDA:0,(anonymous_3)
FNDA:0,(anonymous_4)
FNDA:0,(anonymous_5)
FNDA:0,(anonymous_6)
FNDA:0,(anonymous_7)
FNDA:0,(anonymous_8)
FNDA:0,(anonymous_9)
FNDA:0,(anonymous_10)
FNDA:0,(anonymous_11)
FNDA:0,(anonymous_12)
FNDA:0,(anonymous_13)
FNDA:0,(anonymous_14)
FNDA:0,(anonymous_15)
FNDA:0,(anonymous_16)
FNDA:0,(anonymous_17)
FNDA:0,(anonymous_18)
FNDA:0,(anonymous_19)
FNDA:5,(anonymous_20)
FNDA:0,(anonymous_21)
FNDA:0,(anonymous_22)
DA:6,5
DA:7,5
DA:8,5
DA:9,5
DA:10,5
DA:14,5
DA:15,5
DA:16,5
DA:17,5
DA:24,5
DA:26,5
DA:27,5
DA:30,5
DA:31,0
DA:32,0
DA:35,5
DA:37,0
DA:38,0
DA:46,0
DA:48,0
DA:51,0
DA:54,0
DA:55,0
DA:63,0
DA:64,0
DA:66,0
DA:67,0
DA:69,0
DA:76,0
DA:77,0
DA:79,0
DA:80,0
DA:83,0
DA:86,0
DA:88,0
DA:89,0
DA:93,0
DA:94,0
DA:102,0
DA:103,0
DA:105,0
DA:107,0
DA:108,0
DA:111,0
DA:113,0
DA:115,0
DA:116,0
DA:124,0
DA:125,0
DA:127,0
DA:134,0
DA:136,0
DA:137,0
DA:138,0
DA:139,0
DA:142,0
DA:145,0
DA:146,0
DA:148,0
DA:151,0
DA:156,0
DA:157,0
DA:158,0
DA:161,0
DA:168,0
DA:170,0
DA:190,0
DA:191,0
DA:193,0
DA:200,0
DA:202,0
DA:203,0
DA:212,0
DA:213,0
DA:215,0
DA:217,0
DA:225,0
DA:227,0
DA:228,0
DA:229,0
DA:231,0
DA:232,0
DA:233,0
DA:234,0
DA:237,0
DA:245,0
DA:247,0
DA:248,0
DA:251,0
DA:253,0
DA:254,0
DA:256,0
DA:257,0
DA:265,0
DA:266,0
DA:267,0
DA:268,0
DA:270,0
DA:271,0
DA:272,0
DA:273,0
DA:274,0
DA:276,0
DA:277,0
DA:278,0
DA:279,0
DA:284,0
DA:285,0
DA:288,0
DA:296,0
DA:297,0
DA:298,0
DA:300,0
DA:308,0
DA:311,0
DA:320,0
DA:323,0
DA:332,0
DA:333,0
DA:334,0
DA:336,0
DA:337,0
DA:338,0
DA:339,0
DA:341,0
DA:351,0
DA:353,0
DA:354,0
DA:362,0
DA:363,0
DA:364,0
DA:365,0
DA:372,5
DA:373,5
DA:376,5
DA:377,0
DA:378,0
DA:379,0
DA:385,0
DA:390,5
DA:391,0
DA:393,0
DA:395,0
DA:400,0
DA:404,5
DA:408,5
LF:146
LH:20
BRDA:15,0,0,5
BRDA:15,0,1,5
BRDA:16,1,0,5
BRDA:16,1,1,5
BRDA:30,2,0,0
BRDA:30,2,1,5
BRDA:46,3,0,0
BRDA:46,3,1,0
BRDA:79,4,0,0
BRDA:79,4,1,0
BRDA:102,5,0,0
BRDA:102,5,1,0
BRDA:156,6,0,0
BRDA:156,6,1,0
BRDA:173,7,0,0
BRDA:173,7,1,0
BRDA:179,8,0,0
BRDA:179,8,1,0
BRDA:180,9,0,0
BRDA:180,9,1,0
BRDA:181,10,0,0
BRDA:181,10,1,0
BRDA:182,11,0,0
BRDA:182,11,1,0
BRDA:227,12,0,0
BRDA:227,12,1,0
BRDA:272,13,0,0
BRDA:272,13,1,0
BRDA:276,14,0,0
BRDA:276,14,1,0
BRDA:284,15,0,0
BRDA:284,15,1,0
BRDA:311,16,0,0
BRDA:311,16,1,0
BRDA:323,17,0,0
BRDA:323,17,1,0
BRDA:337,18,0,0
BRDA:337,18,1,0
BRDA:362,19,0,0
BRDA:362,19,1,0
BRDA:363,20,0,0
BRDA:363,20,1,0
BRDA:364,21,0,0
BRDA:364,21,1,0
BRF:44
BRH:5
end_of_record
TN:
SF:src\services\cacheService.js
FN:16,initializeRedis
FN:37,(anonymous_1)
FN:59,(anonymous_2)
FN:64,(anonymous_3)
FN:68,(anonymous_4)
FN:86,get
FN:107,set
FN:124,del
FN:142,cacheProfessionalSearch
FN:154,getCachedProfessionalSearch
FN:179,cacheProfessionalProfile
FN:189,getCachedProfessionalProfile
FN:209,invalidateProfessionalProfile
FN:218,cacheProfessionalRankings
FN:227,getCachedProfessionalRankings
FN:246,invalidateSearchCache
FN:262,invalidateRankingsCache
FN:270,getCacheStats
FN:282,(anonymous_18)
FN:298,close
FNF:20
FNH:1
FNDA:5,initializeRedis
FNDA:0,(anonymous_1)
FNDA:0,(anonymous_2)
FNDA:0,(anonymous_3)
FNDA:0,(anonymous_4)
FNDA:0,get
FNDA:0,set
FNDA:0,del
FNDA:0,cacheProfessionalSearch
FNDA:0,getCachedProfessionalSearch
FNDA:0,cacheProfessionalProfile
FNDA:0,getCachedProfessionalProfile
FNDA:0,invalidateProfessionalProfile
FNDA:0,cacheProfessionalRankings
FNDA:0,getCachedProfessionalRankings
FNDA:0,invalidateSearchCache
FNDA:0,invalidateRankingsCache
FNDA:0,getCacheStats
FNDA:0,(anonymous_18)
FNDA:0,close
DA:7,5
DA:10,5
DA:17,5
DA:19,5
DA:20,5
DA:21,5
DA:22,5
DA:26,0
DA:39,0
DA:40,0
DA:41,0
DA:44,0
DA:45,0
DA:46,0
DA:49,0
DA:50,0
DA:51,0
DA:54,0
DA:59,0
DA:60,0
DA:61,0
DA:64,0
DA:65,0
DA:68,0
DA:69,0
DA:73,0
DA:76,0
DA:77,0
DA:88,0
DA:90,0
DA:92,0
DA:93,0
DA:96,0
DA:97,0
DA:109,0
DA:111,0
DA:113,0
DA:116,0
DA:126,0
DA:128,0
DA:130,0
DA:133,0
DA:144,0
DA:146,0
DA:156,0
DA:158,0
DA:160,0
DA:161,0
DA:163,0
DA:166,0
DA:167,0
DA:171,0
DA:180,0
DA:181,0
DA:190,0
DA:191,0
DA:193,0
DA:194,0
DA:195,0
DA:197,0
DA:198,0
DA:202,0
DA:210,0
DA:211,0
DA:219,0
DA:220,0
DA:228,0
DA:229,0
DA:231,0
DA:232,0
DA:233,0
DA:235,0
DA:236,0
DA:240,0
DA:247,0
DA:249,0
DA:250,0
DA:251,0
DA:252,0
DA:255,0
DA:263,0
DA:271,0
DA:272,0
DA:275,0
DA:276,0
DA:277,0
DA:279,0
DA:283,0
DA:284,0
DA:285,0
DA:287,0
DA:291,0
DA:299,0
DA:300,0
DA:301,0
DA:305,5
LF:96
LH:8
BRDA:19,0,0,5
BRDA:19,0,1,0
BRDA:19,1,0,5
BRDA:19,1,1,5
BRDA:27,2,0,0
BRDA:27,2,1,0
BRDA:28,3,0,0
BRDA:28,3,1,0
BRDA:29,4,0,0
BRDA:29,4,1,0
BRDA:39,5,0,0
BRDA:39,5,1,0
BRDA:39,6,0,0
BRDA:39,6,1,0
BRDA:44,7,0,0
BRDA:44,7,1,0
BRDA:49,8,0,0
BRDA:49,8,1,0
BRDA:88,9,0,0
BRDA:88,9,1,0
BRDA:107,10,0,0
BRDA:109,11,0,0
BRDA:109,11,1,0
BRDA:126,12,0,0
BRDA:126,12,1,0
BRDA:160,13,0,0
BRDA:160,13,1,0
BRDA:193,14,0,0
BRDA:193,14,1,0
BRDA:231,15,0,0
BRDA:231,15,1,0
BRDA:247,16,0,0
BRDA:247,16,1,0
BRDA:251,17,0,0
BRDA:251,17,1,0
BRDA:271,18,0,0
BRDA:271,18,1,0
BRDA:284,19,0,0
BRDA:284,19,1,0
BRDA:284,20,0,0
BRDA:284,20,1,0
BRDA:299,21,0,0
BRDA:299,21,1,0
BRF:43
BRH:3
end_of_record
TN:
SF:src\services\chatService.js
FN:23,(anonymous_0)
FN:65,(anonymous_1)
FN:102,(anonymous_2)
FN:119,(anonymous_3)
FNF:4
FNH:0
FNDA:0,(anonymous_0)
FNDA:0,(anonymous_1)
FNDA:0,(anonymous_2)
FNDA:0,(anonymous_3)
DA:18,5
DA:19,5
DA:20,5
DA:23,5
DA:24,0
DA:26,0
DA:27,0
DA:30,0
DA:31,0
DA:34,0
DA:35,0
DA:39,0
DA:44,0
DA:45,0
DA:48,0
DA:57,0
DA:59,0
DA:60,0
DA:65,5
DA:66,0
DA:68,0
DA:69,0
DA:72,0
DA:73,0
DA:76,0
DA:94,0
DA:96,0
DA:97,0
DA:102,5
DA:103,0
DA:104,0
DA:113,0
DA:114,0
DA:119,5
DA:120,0
DA:121,0
DA:123,0
DA:127,5
LF:38
LH:8
BRDA:23,0,0,0
BRDA:26,1,0,0
BRDA:26,1,1,0
BRDA:26,2,0,0
BRDA:26,2,1,0
BRDA:30,3,0,0
BRDA:30,3,1,0
BRDA:30,4,0,0
BRDA:30,4,1,0
BRDA:34,5,0,0
BRDA:34,5,1,0
BRDA:34,6,0,0
BRDA:34,6,1,0
BRDA:44,7,0,0
BRDA:44,7,1,0
BRDA:44,8,0,0
BRDA:44,8,1,0
BRDA:65,9,0,0
BRDA:68,10,0,0
BRDA:68,10,1,0
BRDA:68,11,0,0
BRDA:68,11,1,0
BRDA:72,12,0,0
BRDA:72,12,1,0
BRDA:72,13,0,0
BRDA:72,13,1,0
BRF:26
BRH:0
end_of_record
TN:
SF:src\services\emailService.js
FN:9,(anonymous_0)
FN:78,(anonymous_1)
FN:118,(anonymous_2)
FN:323,(anonymous_3)
FN:365,(anonymous_4)
FN:404,(anonymous_5)
FNF:6
FNH:0
FNDA:0,(anonymous_0)
FNDA:0,(anonymous_1)
FNDA:0,(anonymous_2)
FNDA:0,(anonymous_3)
FNDA:0,(anonymous_4)
FNDA:0,(anonymous_5)
DA:9,6
DA:10,0
DA:13,0
DA:14,0
DA:38,0
DA:41,0
DA:42,0
DA:78,6
DA:79,0
DA:80,0
DA:115,0
DA:118,6
DA:122,0
DA:124,0
DA:125,0
DA:147,0
DA:150,0
DA:151,0
DA:170,0
DA:173,0
DA:174,0
DA:193,0
DA:196,0
DA:197,0
DA:216,0
DA:219,0
DA:220,0
DA:239,0
DA:242,0
DA:243,0
DA:262,0
DA:265,0
DA:266,0
DA:285,0
DA:288,0
DA:289,0
DA:304,0
DA:323,6
DA:324,0
DA:325,0
DA:327,0
DA:362,0
DA:365,6
DA:366,0
DA:367,0
DA:369,0
DA:401,0
DA:404,6
DA:405,0
DA:408,0
DA:410,0
DA:420,0
DA:421,0
DA:422,0
DA:424,0
DA:425,0
DA:426,0
DA:428,0
LF:58
LH:6
BRDA:61,0,0,0
BRDA:61,0,1,0
BRDA:103,1,0,0
BRDA:103,1,1,0
BRDA:122,2,0,0
BRDA:122,2,1,0
BRDA:122,2,2,0
BRDA:122,2,3,0
BRDA:122,2,4,0
BRDA:122,2,5,0
BRDA:122,2,6,0
BRDA:122,2,7,0
BRDA:139,3,0,0
BRDA:139,3,1,0
BRDA:162,4,0,0
BRDA:162,4,1,0
BRDA:185,5,0,0
BRDA:185,5,1,0
BRDA:208,6,0,0
BRDA:208,6,1,0
BRDA:231,7,0,0
BRDA:231,7,1,0
BRDA:254,8,0,0
BRDA:254,8,1,0
BRDA:277,9,0,0
BRDA:277,9,1,0
BRDA:325,10,0,0
BRDA:325,10,1,0
BRDA:367,11,0,0
BRDA:367,11,1,0
BRDA:425,12,0,0
BRDA:425,12,1,0
BRF:32
BRH:0
end_of_record
TN:
SF:src\services\logger.js
FN:20,sanitizeData
FN:52,(anonymous_1)
FN:107,createLogEntry
FN:129,(anonymous_3)
FN:134,(anonymous_4)
FN:139,(anonymous_5)
FN:160,(anonymous_6)
FN:166,(anonymous_7)
FN:177,(anonymous_8)
FNF:9
FNH:5
FNDA:31,sanitizeData
FNDA:0,(anonymous_1)
FNDA:18,createLogEntry
FNDA:2,(anonymous_3)
FNDA:3,(anonymous_4)
FNDA:13,(anonymous_5)
FNDA:0,(anonymous_6)
FNDA:0,(anonymous_7)
FNDA:0,(anonymous_8)
DA:7,6
DA:8,6
DA:9,6
DA:10,6
DA:11,6
DA:14,6
DA:15,6
DA:16,0
DA:21,31
DA:23,31
DA:29,31
DA:31,31
DA:32,434
DA:33,0
DA:37,31
DA:41,6
DA:48,6
DA:53,0
DA:54,0
DA:55,0
DA:56,0
DA:57,0
DA:58,0
DA:59,0
DA:64,6
DA:97,6
DA:108,18
DA:110,18
DA:120,18
DA:124,6
DA:125,6
DA:126,6
DA:127,6
DA:129,6
DA:130,2
DA:131,2
DA:134,6
DA:135,3
DA:136,3
DA:139,6
DA:140,13
DA:141,13
DA:144,13
DA:145,13
DA:157,13
DA:160,6
DA:161,0
DA:162,0
DA:166,6
DA:167,0
DA:168,0
DA:177,6
DA:178,0
DA:179,0
DA:188,6
LF:55
LH:40
BRDA:15,0,0,0
BRDA:15,0,1,6
BRDA:21,1,0,0
BRDA:21,1,1,31
BRDA:21,2,0,31
BRDA:21,2,1,31
BRDA:32,3,0,0
BRDA:32,3,1,434
BRDA:54,4,0,0
BRDA:54,4,1,0
BRDA:55,5,0,0
BRDA:55,5,1,0
BRDA:57,6,0,0
BRDA:57,6,1,0
BRDA:58,7,0,0
BRDA:58,7,1,0
BRDA:67,8,0,6
BRDA:67,8,1,6
BRDA:68,9,0,0
BRDA:68,9,1,6
BRDA:98,10,0,6
BRDA:98,10,1,6
BRDA:107,11,0,0
BRDA:114,12,0,18
BRDA:114,12,1,18
BRDA:115,13,0,18
BRDA:115,13,1,0
BRDA:116,14,0,18
BRDA:116,14,1,13
BRDA:116,15,0,13
BRDA:116,15,1,2
BRDA:129,16,0,0
BRDA:134,17,0,0
BRDA:139,18,0,0
BRDA:144,19,0,13
BRDA:144,19,1,0
BRDA:144,20,0,13
BRDA:144,20,1,0
BRDA:145,21,0,13
BRDA:145,21,1,0
BRDA:147,22,0,13
BRDA:147,22,1,0
BRDA:160,23,0,0
BRDA:166,24,0,0
BRDA:166,25,0,0
BRDA:167,26,0,0
BRDA:167,26,1,0
BRDA:177,27,0,0
BRDA:177,28,0,0
BRF:49
BRH:21
end_of_record
TN:
SF:src\services\loggingService.js
FN:125,logError
FN:134,logWarn
FN:143,logInfo
FN:152,logDebug
FN:161,logHttp
FN:170,logBusiness
FN:180,logSecurity
FN:192,createLoggingMiddleware
FN:193,(anonymous_8)
FN:207,(anonymous_9)
FN:240,logAuth
FN:253,logService
FN:263,logPayment
FN:273,logCriticalError
FNF:14
FNH:0
FNDA:0,logError
FNDA:0,logWarn
FNDA:0,logInfo
FNDA:0,logDebug
FNDA:0,logHttp
FNDA:0,logBusiness
FNDA:0,logSecurity
FNDA:0,createLoggingMiddleware
FNDA:0,(anonymous_8)
FNDA:0,(anonymous_9)
FNDA:0,logAuth
FNDA:0,logService
FNDA:0,logPayment
FNDA:0,logCriticalError
DA:6,0
DA:7,0
DA:10,0
DA:32,0
DA:42,0
DA:51,0
DA:52,0
DA:53,0
DA:54,0
DA:58,0
DA:109,0
DA:118,0
DA:126,0
DA:135,0
DA:144,0
DA:153,0
DA:162,0
DA:171,0
DA:181,0
DA:193,0
DA:194,0
DA:195,0
DA:198,0
DA:207,0
DA:208,0
DA:209,0
DA:211,0
DA:221,0
DA:222,0
DA:233,0
DA:241,0
DA:243,0
DA:244,0
DA:246,0
DA:254,0
DA:264,0
DA:274,0
DA:281,0
LF:38
LH:0
BRDA:53,0,0,0
BRDA:53,0,1,0
BRDA:61,1,0,0
BRDA:61,1,1,0
BRDA:111,2,0,0
BRDA:111,2,1,0
BRDA:125,3,0,0
BRDA:134,4,0,0
BRDA:143,5,0,0
BRDA:152,6,0,0
BRDA:161,7,0,0
BRDA:170,8,0,0
BRDA:180,9,0,0
BRDA:221,10,0,0
BRDA:221,10,1,0
BRDA:240,11,0,0
BRDA:240,12,0,0
BRDA:241,13,0,0
BRDA:241,13,1,0
BRDA:243,14,0,0
BRDA:243,14,1,0
BRDA:243,15,0,0
BRDA:243,15,1,0
BRDA:253,16,0,0
BRDA:263,17,0,0
BRDA:273,18,0,0
BRF:26
BRH:0
end_of_record
TN:
SF:src\services\mapService.js
FN:19,isGoogleMapsConfigured
FN:28,getGeocodeData
FN:76,calculateDistance
FN:95,getDistanceMatrix
FN:100,(anonymous_4)
FNF:5
FNH:0
FNDA:0,isGoogleMapsConfigured
FNDA:0,getGeocodeData
FNDA:0,calculateDistance
FNDA:0,getDistanceMatrix
FNDA:0,(anonymous_4)
DA:9,5
DA:12,5
DA:13,5
DA:14,5
DA:20,0
DA:29,0
DA:30,0
DA:31,0
DA:34,0
DA:41,0
DA:42,0
DA:46,0
DA:47,0
[...]
FN:445,getNotificationTitle
FN:469,getDefaultPriority
FN:505,(anonymous_14)
FN:520,(anonymous_15)
FN:559,(anonymous_16)
FN:582,sendServiceReminders
FN:629,sendPaymentReminders
FNF:19
FNH:0
FNDA:0,(anonymous_0)
FNDA:0,(anonymous_1)
FNDA:0,(anonymous_2)
FNDA:0,(anonymous_3)
FNDA:0,(anonymous_4)
FNDA:0,(anonymous_5)
FNDA:0,shouldSendNotification
FNDA:0,extractVariablesFromMetadata
FNDA:0,sendNotificationByPreferences
FNDA:0,sendNotificationByPriority
FNDA:0,determineChannelsByPriority
FNDA:0,shouldSendSMS
FNDA:0,getNotificationTitle
FNDA:0,getDefaultPriority
FNDA:0,(anonymous_14)
FNDA:0,(anonymous_15)
FNDA:0,(anonymous_16)
FNDA:0,sendServiceReminders
FNDA:0,sendPaymentReminders
DA:10,5
DA:11,5
DA:12,5
DA:13,5
DA:14,5
DA:16,5
DA:21,5
DA:37,5
DA:52,5
DA:53,0
DA:55,0
DA:56,0
DA:60,0
DA:61,0
DA:65,0
DA:83,0
DA:84,0
DA:88,0
DA:91,0
DA:92,0
DA:93,0
DA:94,0
DA:102,0
DA:103,0
DA:106,0
DA:109,0
DA:118,0
DA:121,0
DA:123,0
DA:125,0
DA:126,0
DA:135,5
DA:136,0
DA:137,0
DA:139,0
DA:140,0
DA:141,0
DA:142,0
DA:145,0
DA:151,0
DA:158,0
DA:163,0
DA:164,0
DA:172,5
DA:173,0
DA:174,0
DA:178,0
DA:179,0
DA:187,5
DA:188,0
DA:189,0
DA:194,0
DA:195,0
DA:203,5
DA:204,0
DA:205,0
DA:213,0
DA:214,0
DA:222,5
DA:223,0
DA:224,0
DA:228,0
DA:229,0
DA:241,0
DA:246,0
DA:247,0
DA:251,0
DA:258,0
DA:261,0
DA:264,0
DA:267,0
DA:278,0
DA:320,0
DA:322,0
DA:323,0
DA:324,0
DA:326,0
DA:327,0
DA:329,0
DA:332,0
DA:333,0
DA:334,0
DA:336,0
DA:339,0
DA:340,0
DA:341,0
DA:342,0
DA:344,0
DA:347,0
DA:362,0
DA:364,0
DA:365,0
DA:366,0
DA:368,0
DA:369,0
DA:371,0
DA:374,0
DA:375,0
DA:376,0
DA:378,0
DA:381,0
DA:382,0
DA:383,0
DA:384,0
DA:386,0
DA:389,0
DA:401,0
DA:408,0
DA:411,0
DA:412,0
DA:415,0
DA:426,0
DA:427,0
DA:431,0
DA:438,0
DA:446,0
DA:461,0
DA:470,0
DA:495,0
DA:505,5
DA:507,0
DA:508,0
DA:520,5
DA:521,0
DA:523,0
DA:524,0
DA:528,0
DA:529,0
DA:534,0
DA:546,0
DA:548,0
DA:550,0
DA:551,0
DA:559,5
DA:560,0
DA:564,0
DA:567,0
DA:570,0
DA:572,0
DA:574,0
DA:575,0
DA:583,0
DA:585,0
DA:586,0
DA:588,0
DA:602,0
DA:604,0
DA:612,0
DA:620,0
DA:622,0
DA:630,0
DA:632,0
DA:633,0
DA:635,0
DA:646,0
DA:647,0
DA:655,0
DA:657,0
DA:661,5
LF:159
LH:18
BRDA:52,0,0,0
BRDA:52,1,0,0
BRDA:55,2,0,0
BRDA:55,2,1,0
BRDA:60,3,0,0
BRDA:60,3,1,0
BRDA:83,4,0,0
BRDA:83,4,1,0
BRDA:92,5,0,0
BRDA:92,5,1,0
BRDA:106,6,0,0
BRDA:106,6,1,0
BRDA:135,7,0,0
BRDA:139,8,0,0
BRDA:139,8,1,0
BRDA:141,9,0,0
BRDA:141,9,1,0
BRDA:246,10,0,0
BRDA:246,10,1,0
BRDA:251,11,0,0
BRDA:251,11,1,0
BRDA:251,11,2,0
BRDA:251,11,3,0
BRDA:251,11,4,0
BRDA:251,11,5,0
BRDA:251,11,6,0
BRDA:251,11,7,0
BRDA:251,11,8,0
BRDA:277,12,0,0
BRDA:277,13,0,0
BRDA:280,14,0,0
BRDA:280,14,1,0
BRDA:283,15,0,0
BRDA:283,15,1,0
BRDA:283,15,2,0
BRDA:284,16,0,0
BRDA:284,16,1,0
BRDA:284,16,2,0
BRDA:285,17,0,0
BRDA:285,17,1,0
BRDA:285,17,2,0
BRDA:288,18,0,0
BRDA:288,18,1,0
BRDA:288,18,2,0
BRDA:289,19,0,0
BRDA:289,19,1,0
BRDA:289,19,2,0
BRDA:292,20,0,0
BRDA:292,20,1,0
BRDA:292,20,2,0
BRDA:295,21,0,0
BRDA:295,21,1,0
BRDA:298,22,0,0
BRDA:298,22,1,0
BRDA:298,22,2,0
BRDA:301,23,0,0
BRDA:301,23,1,0
BRDA:301,23,2,0
BRDA:320,24,0,0
BRDA:320,24,1,0
BRDA:324,25,0,0
BRDA:324,25,1,0
BRDA:324,25,2,0
BRDA:326,26,0,0
BRDA:326,26,1,0
BRDA:326,27,0,0
BRDA:326,27,1,0
BRDA:327,28,0,0
BRDA:327,28,1,0
BRDA:332,29,0,0
BRDA:332,29,1,0
BRDA:339,30,0,0
BRDA:339,30,1,0
BRDA:339,31,0,0
BRDA:339,31,1,0
BRDA:339,31,2,0
BRDA:342,32,0,0
BRDA:342,32,1,0
BRDA:366,33,0,0
BRDA:366,33,1,0
BRDA:366,33,2,0
BRDA:368,34,0,0
BRDA:368,34,1,0
BRDA:368,35,0,0
BRDA:368,35,1,0
BRDA:369,36,0,0
BRDA:369,36,1,0
BRDA:374,37,0,0
BRDA:374,37,1,0
BRDA:381,38,0,0
BRDA:381,38,1,0
BRDA:384,39,0,0
BRDA:384,39,1,0
BRDA:408,40,0,0
BRDA:408,40,1,0
BRDA:411,41,0,0
BRDA:411,41,1,0
BRDA:426,42,0,0
BRDA:426,42,1,0
BRDA:426,43,0,0
BRDA:426,43,1,0
BRDA:461,44,0,0
BRDA:461,44,1,0
BRDA:495,45,0,0
BRDA:495,45,1,0
BRDA:505,46,0,0
BRDA:520,47,0,0
BRDA:520,48,0,0
BRDA:523,49,0,0
BRDA:523,49,1,0
BRDA:528,50,0,0
BRDA:528,50,1,0
BRF:112
BRH:0
end_of_record
TN:
SF:src\services\notificationTemplatesService.js
FN:176,(anonymous_0)
FN:208,(anonymous_1)
FN:213,(anonymous_2)
FN:231,(anonymous_3)
FN:240,(anonymous_4)
FN:249,(anonymous_5)
FN:262,(anonymous_6)
FN:273,(anonymous_7)
FN:291,(anonymous_8)
FNF:9
FNH:0
FNDA:0,(anonymous_0)
FNDA:0,(anonymous_1)
FNDA:0,(anonymous_2)
FNDA:0,(anonymous_3)
FNDA:0,(anonymous_4)
FNDA:0,(anonymous_5)
FNDA:0,(anonymous_6)
FNDA:0,(anonymous_7)
FNDA:0,(anonymous_8)
DA:8,5
DA:10,5
DA:15,5
DA:176,5
DA:177,0
DA:178,0
DA:179,0
DA:188,0
DA:189,0
DA:190,0
DA:199,0
DA:208,5
DA:209,0
DA:211,0
DA:212,0
DA:213,0
DA:214,0
DA:217,0
DA:221,0
DA:231,5
DA:232,0
DA:233,0
DA:240,5
DA:241,0
DA:249,5
DA:250,0
DA:251,0
DA:252,0
DA:254,0
DA:262,5
DA:263,0
DA:273,5
DA:274,0
DA:277,0
DA:279,0
DA:280,0
DA:291,5
DA:292,0
DA:295,0
DA:297,0
DA:298,0
DA:302,5
LF:42
LH:12
BRDA:176,0,0,0
BRDA:178,1,0,0
BRDA:178,1,1,0
BRDA:189,2,0,0
BRDA:189,2,1,0
BRDA:208,3,0,0
BRDA:212,4,0,0
BRDA:212,4,1,0
BRDA:214,5,0,0
BRDA:214,5,1,0
BRDA:231,6,0,0
BRDA:231,7,0,0
BRDA:251,8,0,0
BRDA:251,8,1,0
BRDA:273,9,0,0
BRF:15
BRH:0
end_of_record
TN:
SF:src\services\paymentsService.js
FN:30,createPaymentPreference
FN:145,releaseFunds
FN:243,getPaymentStatus
FN:259,autoReleaseFunds
FN:383,withdrawFunds
FN:490,generatePaymentReceipt
FN:538,calculateAvailableFunds
FN:549,(anonymous_7)
FNF:8
FNH:0
FNDA:0,createPaymentPreference
FNDA:0,releaseFunds
FNDA:0,getPaymentStatus
FNDA:0,autoReleaseFunds
FNDA:0,withdrawFunds
FNDA:0,generatePaymentReceipt
FNDA:0,calculateAvailableFunds
FNDA:0,(anonymous_7)
DA:11,5
DA:12,5
DA:13,5
DA:16,5
DA:31,0
DA:33,0
DA:41,0
DA:42,0
DA:45,0
DA:46,0
DA:49,0
DA:50,0
DA:54,0
DA:55,0
DA:59,0
DA:60,0
DA:62,0
DA:63,0
DA:66,0
DA:67,0
DA:75,0
DA:90,0
DA:116,0
DA:117,0
DA:120,0
DA:125,0
DA:132,0
DA:133,0
DA:146,0
DA:148,0
DA:156,0
DA:157,0
DA:160,0
DA:161,0
DA:164,0
DA:165,0
DA:168,0
DA:169,0
DA:173,0
DA:176,0
DA:177,0
DA:180,0
DA:181,0
DA:182,0
DA:185,0
DA:196,0
DA:197,0
DA:206,0
DA:215,0
DA:216,0
DA:223,0
DA:233,0
DA:234,0
DA:244,0
DA:245,0
DA:246,0
DA:247,0
DA:249,0
DA:250,0
DA:260,0
DA:261,0
DA:264,0
DA:279,0
DA:281,0
DA:282,0
DA:284,0
DA:288,0
DA:289,0
DA:290,0
DA:295,0
DA:299,0
DA:302,0
DA:303,0
DA:304,0
DA:309,0
DA:312,0
DA:313,0
DA:314,0
DA:317,0
DA:328,0
DA:337,0
DA:338,0
DA:345,0
DA:354,0
DA:356,0
DA:357,0
DA:365,0
DA:371,0
DA:372,0
DA:384,0
DA:386,0
DA:391,0
DA:392,0
DA:396,0
DA:397,0
DA:399,0
DA:400,0
DA:403,0
DA:404,0
DA:408,0
DA:410,0
DA:411,0
DA:415,0
DA:416,0
DA:420,0
DA:421,0
DA:422,0
DA:426,0
DA:427,0
DA:434,0
DA:450,0
DA:451,0
DA:466,0
DA:468,0
DA:480,0
DA:481,0
DA:491,0
DA:493,0
DA:505,0
DA:506,0
DA:512,0
DA:515,0
DA:520,0
DA:527,0
DA:528,0
DA:539,0
DA:541,0
DA:549,0
DA:553,0
DA:555,0
DA:556,0
DA:560,5
LF:132
LH:5
BRDA:41,0,0,0
BRDA:41,0,1,0
BRDA:45,1,0,0
BRDA:45,1,1,0
BRDA:49,2,0,0
BRDA:49,2,1,0
BRDA:54,3,0,0
BRDA:54,3,1,0
BRDA:54,4,0,0
BRDA:54,4,1,0
BRDA:59,5,0,0
BRDA:59,5,1,0
BRDA:60,6,0,0
BRDA:60,6,1,0
BRDA:62,7,0,0
BRDA:62,7,1,0
BRDA:66,8,0,0
BRDA:66,8,1,0
BRDA:156,9,0,0
BRDA:156,9,1,0
BRDA:160,10,0,0
BRDA:160,10,1,0
BRDA:164,11,0,0
BRDA:164,11,1,0
BRDA:168,12,0,0
BRDA:168,12,1,0
BRDA:173,13,0,0
BRDA:173,13,1,0
BRDA:176,14,0,0
BRDA:176,14,1,0
BRDA:176,15,0,0
BRDA:176,15,1,0
BRDA:288,16,0,0
BRDA:288,16,1,0
BRDA:299,17,0,0
BRDA:299,17,1,0
BRDA:302,18,0,0
BRDA:302,18,1,0
BRDA:302,19,0,0
BRDA:302,19,1,0
BRDA:391,20,0,0
BRDA:391,20,1,0
BRDA:391,21,0,0
BRDA:391,21,1,0
BRDA:396,22,0,0
BRDA:396,22,1,0
BRDA:397,23,0,0
BRDA:397,23,1,0
BRDA:399,24,0,0
BRDA:399,24,1,0
BRDA:403,25,0,0
BRDA:403,25,1,0
BRDA:410,26,0,0
BRDA:410,26,1,0
BRDA:415,27,0,0
BRDA:415,27,1,0
BRDA:415,28,0,0
BRDA:415,28,1,0
BRDA:415,28,2,0
BRDA:421,29,0,0
BRDA:421,29,1,0
BRDA:426,30,0,0
BRDA:426,30,1,0
BRDA:426,31,0,0
BRDA:426,31,1,0
BRDA:505,32,0,0
BRDA:505,32,1,0
BRF:67
BRH:0
end_of_record
TN:
SF:src\services\pushNotificationService.js
FN:26,(anonymous_0)
FN:111,(anonymous_1)
FN:127,(anonymous_2)
FN:184,(anonymous_3)
FN:206,(anonymous_4)
FNF:5
FNH:0
FNDA:0,(anonymous_0)
FNDA:0,(anonymous_1)
FNDA:0,(anonymous_2)
FNDA:0,(anonymous_3)
FNDA:0,(anonymous_4)
DA:9,5
DA:10,5
DA:12,5
DA:26,5
DA:27,0
DA:29,0
DA:34,0
DA:35,0
DA:36,0
DA:40,0
DA:78,0
DA:80,0
DA:82,0
DA:89,0
DA:92,0
DA:95,0
DA:98,0
DA:111,5
DA:112,0
DA:114,0
DA:122,0
DA:123,0
DA:124,0
DA:127,0
DA:130,0
DA:154,0
DA:155,0
DA:157,0
DA:164,0
DA:172,0
DA:173,0
DA:184,5
DA:185,0
DA:186,0
DA:191,0
DA:192,0
DA:195,0
DA:196,0
DA:206,5
DA:207,0
DA:208,0
DA:213,0
DA:214,0
DA:217,0
DA:218,0
LF:45
LH:7
BRDA:26,0,0,0
BRDA:34,1,0,0
BRDA:34,1,1,0
BRDA:72,2,0,0
BRDA:72,2,1,0
BRDA:92,3,0,0
BRDA:92,3,1,0
BRDA:92,4,0,0
BRDA:92,4,1,0
BRDA:111,5,0,0
BRDA:122,6,0,0
BRDA:122,6,1,0
BRF:12
BRH:0
end_of_record
TN:
SF:src\services\queryMonitorService.js
FN:7,(anonymous_0)
FN:17,(anonymous_1)
FN:18,(anonymous_2)
FN:50,(anonymous_3)
FN:74,(anonymous_4)
FN:103,(anonymous_5)
FN:118,(anonymous_6)
FN:133,(anonymous_7)
FN:164,(anonymous_8)
FN:179,(anonymous_9)
FN:187,(anonymous_10)
FN:188,(anonymous_11)
FNF:12
FNH:2
FNDA:5,(anonymous_0)
FNDA:0,(anonymous_1)
FNDA:0,(anonymous_2)
FNDA:0,(anonymous_3)
FNDA:0,(anonymous_4)
FNDA:0,(anonymous_5)
FNDA:0,(anonymous_6)
FNDA:0,(anonymous_7)
FNDA:0,(anonymous_8)
FNDA:0,(anonymous_9)
FNDA:5,(anonymous_10)
FNDA:0,(anonymous_11)
DA:8,5
DA:9,5
DA:10,5
DA:11,5
DA:18,0
DA:19,0
DA:21,0
DA:22,0
DA:23,0
DA:26,0
DA:29,0
DA:30,0
DA:33,0
DA:35,0
DA:36,0
DA:42,0
DA:51,0
DA:53,0
DA:54,0
DA:63,0
DA:64,0
DA:65,0
DA:66,0
DA:67,0
DA:68,0
DA:75,0
DA:84,0
DA:87,0
DA:88,0
DA:92,0
DA:95,0
DA:96,0
DA:104,0
DA:106,0
DA:109,0
DA:110,0
DA:111,0
DA:112,0
DA:113,0
DA:117,0
DA:118,0
DA:119,0
DA:120,0
DA:121,0
DA:123,0
DA:127,0
DA:134,0
DA:136,0
DA:137,0
DA:154,0
DA:157,0
DA:165,0
DA:180,0
DA:181,0
DA:188,5
DA:189,0
DA:199,5
DA:201,5
LF:58
LH:7
BRDA:29,0,0,0
BRDA:29,0,1,0
BRDA:53,1,0,0
BRDA:53,1,1,0
BRDA:87,2,0,0
BRDA:87,2,1,0
BRDA:95,3,0,0
BRDA:95,3,1,0
BRDA:104,4,0,0
BRDA:104,4,1,0
BRDA:109,5,0,0
BRDA:109,5,1,0
BRDA:111,6,0,0
BRDA:111,6,1,0
BRDA:112,7,0,0
BRDA:112,7,1,0
BRDA:121,8,0,0
BRDA:121,8,1,0
BRDA:136,9,0,0
BRDA:136,9,1,0
BRDA:136,10,0,0
BRDA:136,10,1,0
BRDA:192,11,0,0
BRDA:192,11,1,0
BRF:24
BRH:0
end_of_record
TN:
SF:src\services\receiptService.js
FN:17,(anonymous_0)
FN:49,(anonymous_1)
FN:127,(anonymous_2)
FN:128,(anonymous_3)
FN:147,(anonymous_4)
FN:184,(anonymous_5)
FNF:6
FNH:0
FNDA:0,(anonymous_0)
FNDA:0,(anonymous_1)
FNDA:0,(anonymous_2)
FNDA:0,(anonymous_3)
FNDA:0,(anonymous_4)
FNDA:0,(anonymous_5)
DA:6,5
DA:7,5
DA:8,5
DA:9,5
DA:10,5
DA:17,5
DA:18,0
DA:20,0
DA:36,0
DA:37,0
DA:41,0
DA:47,0
DA:48,0
DA:49,0
DA:52,0
DA:53,0
DA:54,0
DA:55,0
DA:56,0
DA:59,0
DA:60,0
DA:62,0
DA:63,0
DA:64,0
DA:65,0
DA:66,0
DA:67,0
DA:70,0
DA:71,0
DA:73,0
DA:74,0
DA:75,0
DA:76,0
DA:77,0
DA:80,0
DA:81,0
DA:82,0
DA:83,0
DA:84,0
DA:85,0
DA:87,0
DA:88,0
DA:89,0
DA:90,0
DA:91,0
DA:92,0
DA:93,0
DA:96,0
DA:97,0
DA:99,0
DA:100,0
DA:101,0
DA:102,0
DA:103,0
DA:106,0
DA:107,0
DA:108,0
DA:109,0
DA:110,0
DA:111,0
DA:112,0
DA:116,0
DA:117,0
DA:118,0
DA:119,0
DA:120,0
DA:121,0
DA:124,0
DA:127,0
DA:128,0
DA:129,0
DA:130,0
DA:133,0
DA:137,0
DA:138,0
DA:147,5
DA:148,0
DA:149,0
DA:152,0
DA:153,0
DA:154,0
DA:158,0
DA:159,0
DA:161,0
DA:164,0
DA:165,0
DA:170,0
DA:171,0
DA:174,0
DA:175,0
DA:184,5
DA:185,0
DA:186,0
DA:188,0
DA:189,0
DA:192,0
DA:195,0
DA:196,0
DA:200,5
LF:99
LH:9
BRDA:36,0,0,0
BRDA:36,0,1,0
BRDA:64,1,0,0
BRDA:64,1,1,0
BRDA:65,2,0,0
BRDA:65,2,1,0
BRDA:76,3,0,0
BRDA:76,3,1,0
BRDA:92,4,0,0
BRDA:92,4,1,0
BRDA:106,5,0,0
BRDA:106,5,1,0
BRDA:111,6,0,0
BRDA:111,6,1,0
BRDA:153,7,0,0
BRDA:153,7,1,0
BRDA:188,8,0,0
BRDA:188,8,1,0
BRF:18
BRH:0
end_of_record
TN:
SF:src\services\recurringServiceScheduler.js
FN:18,generateRecurringServices
FN:63,generateServicesForRecurring
FN:120,calculateNextServiceDates
FN:170,matchesFrequency
FN:186,notifyNewRecurringServices
FN:233,createRecurringService
FN:268,cancelRecurringService
FN:317,notifyRecurringServiceCancelled
FN:341,getUserRecurringServices
FN:374,processAutomaticFundReleases
FN:394,scheduleRecurringServiceGeneration
FN:407,(anonymous_11)
FN:424,scheduleNotificationProcessing
FN:433,(anonymous_13)
FN:450,scheduleAutomaticFundReleases
FN:459,(anonymous_15)
FNF:16
FNH:0
FNDA:0,generateRecurringServices
FNDA:0,generateServicesForRecurring
FNDA:0,calculateNextServiceDates
FNDA:0,matchesFrequency
FNDA:0,notifyNewRecurringServices
FNDA:0,createRecurringService
FNDA:0,cancelRecurringService
FNDA:0,notifyRecurringServiceCancelled
FNDA:0,getUserRecurringServices
FNDA:0,processAutomaticFundReleases
FNDA:0,scheduleRecurringServiceGeneration
FNDA:0,(anonymous_11)
FNDA:0,scheduleNotificationProcessing
FNDA:0,(anonymous_13)
FNDA:0,scheduleAutomaticFundReleases
FNDA:0,(anonymous_15)
DA:7,5
DA:8,5
DA:9,5
DA:10,5
DA:12,5
DA:19,0
DA:20,0
DA:22,0
DA:36,0
DA:38,0
DA:40,0
DA:41,0
DA:42,0
DA:43,0
DA:45,0
DA:49,0
DA:50,0
DA:53,0
DA:54,0
DA:64,0
DA:65,0
DA:66,0
DA:69,0
DA:71,0
DA:73,0
DA:85,0
DA:86,0
DA:98,0
DA:99,0
DA:103,0
DA:106,0
DA:107,0
DA:111,0
DA:121,0
DA:122,0
DA:123,0
DA:124,0
DA:126,0
DA:128,0
DA:130,0
DA:132,0
DA:133,0
DA:134,0
DA:136,0
DA:140,0
DA:142,0
DA:143,0
DA:145,0
DA:146,0
DA:148,0
DA:149,0
DA:151,0
DA:152,0
DA:154,0
DA:155,0
DA:157,0
DA:161,0
DA:171,0
DA:173,0
DA:175,0
DA:177,0
DA:187,0
DA:189,0
DA:201,0
DA:212,0
DA:224,0
DA:234,0
DA:235,0
DA:254,0
DA:256,0
DA:258,0
DA:259,0
DA:269,0
DA:270,0
DA:274,0
DA:275,0
DA:278,0
DA:279,0
DA:283,0
DA:292,0
DA:304,0
DA:307,0
DA:308,0
DA:318,0
DA:319,0
DA:321,0
DA:322,0
DA:325,0
DA:326,0
DA:330,0
DA:331,0
DA:342,0
DA:343,0
DA:347,0
DA:363,0
DA:365,0
DA:366,0
DA:375,0
DA:376,0
DA:378,0
DA:380,0
DA:381,0
DA:384,0
DA:386,0
DA:387,0
DA:395,0
DA:397,0
DA:398,0
DA:399,0
DA:401,0
DA:402,0
DA:405,0
DA:407,0
DA:408,0
DA:411,0
DA:414,0
DA:417,0
DA:425,0
DA:427,0
DA:428,0
DA:429,0
DA:431,0
DA:433,0
DA:434,0
DA:437,0
DA:440,0
DA:443,0
DA:451,0
DA:453,0
DA:454,0
DA:455,0
DA:457,0
DA:459,0
DA:460,0
DA:463,0
DA:466,0
DA:469,0
DA:473,5
LF:138
LH:6
BRDA:85,0,0,0
BRDA:85,0,1,0
BRDA:98,1,0,0
BRDA:98,1,1,0
BRDA:106,2,0,0
BRDA:106,2,1,0
BRDA:120,3,0,0
BRDA:128,4,0,0
BRDA:128,4,1,0
BRDA:128,4,2,0
BRDA:130,5,0,0
BRDA:130,5,1,0
BRDA:140,6,0,0
BRDA:140,6,1,0
BRDA:140,6,2,0
BRDA:140,6,3,0
BRDA:140,6,4,0
BRDA:140,6,5,0
BRDA:171,7,0,0
BRDA:171,7,1,0
BRDA:171,7,2,0
BRDA:173,8,0,0
BRDA:173,8,1,0
BRDA:175,9,0,0
BRDA:175,9,1,0
BRDA:246,10,0,0
BRDA:246,10,1,0
BRDA:248,11,0,0
BRDA:248,11,1,0
BRDA:274,12,0,0
BRDA:274,12,1,0
BRDA:278,13,0,0
BRDA:278,13,1,0
BRDA:278,14,0,0
BRDA:278,14,1,0
BRDA:321,15,0,0
BRDA:321,15,1,0
BRDA:325,16,0,0
BRDA:325,16,1,0
BRDA:330,17,0,0
BRDA:330,17,1,0
BRDA:343,18,0,0
BRDA:343,18,1,0
BRDA:380,19,0,0
BRDA:380,19,1,0
BRDA:401,20,0,0
BRDA:401,20,1,0
BRF:47
BRH:0
end_of_record
TN:
SF:src\services\sentryService.js
FN:9,initializeSentry
FN:33,(anonymous_1)
FN:73,sentryRequestHandler
FN:74,(anonymous_3)
FN:83,sentryTracingHandler
FN:84,(anonymous_5)
FN:94,sentryErrorHandler
FN:102,setUserContext
FN:125,captureError
FN:126,(anonymous_9)
FN:128,(anonymous_10)
FN:134,(anonymous_11)
FN:153,captureMessage
FN:154,(anonymous_13)
FN:156,(anonymous_14)
FN:162,(anonymous_15)
FN:178,startTransaction
FN:189,finishTransaction
FNF:18
FNH:11
FNDA:5,initializeSentry
FNDA:13,(anonymous_1)
FNDA:5,sentryRequestHandler
FNDA:44,(anonymous_3)
FNDA:5,sentryTracingHandler
FNDA:44,(anonymous_5)
FNDA:5,sentryErrorHandler
FNDA:0,setUserContext
FNDA:13,captureError
FNDA:13,(anonymous_9)
FNDA:26,(anonymous_10)
FNDA:63,(anonymous_11)
FNDA:0,captureMessage
FNDA:0,(anonymous_13)
FNDA:0,(anonymous_14)
FNDA:0,(anonymous_15)
FNDA:0,startTransaction
FNDA:0,finishTransaction
DA:2,6
DA:3,6
DA:11,5
DA:12,5
DA:13,0
DA:14,0
DA:17,5
DA:35,13
DA:36,13
DA:37,13
DA:39,0
DA:40,0
DA:44,13
DA:66,5
DA:74,5
DA:76,44
DA:84,5
DA:86,44
DA:95,5
DA:103,0
DA:104,0
DA:112,0
DA:113,0
DA:116,0
DA:126,13
DA:127,13
DA:128,13
DA:129,26
DA:133,13
DA:134,13
DA:135,63
DA:139,13
DA:140,0
DA:143,13
DA:154,0
DA:155,0
DA:156,0
DA:157,0
DA:161,0
DA:162,0
DA:163,0
DA:167,0
DA:168,0
DA:179,0
DA:190,0
DA:191,0
DA:195,6
LF:47
LH:25
BRDA:12,0,0,0
BRDA:12,0,1,5
BRDA:19,1,0,5
BRDA:19,1,1,0
BRDA:20,2,0,5
BRDA:20,2,1,0
BRDA:35,3,0,13
BRDA:35,3,1,0
BRDA:37,4,0,0
BRDA:37,4,1,13
BRDA:37,5,0,13
BRDA:37,5,1,13
BRDA:37,5,2,11
BRDA:39,6,0,0
BRDA:39,6,1,0
BRDA:58,7,0,5
BRDA:58,7,1,0
BRDA:103,8,0,0
BRDA:103,8,1,0
BRDA:103,9,0,0
BRDA:103,9,1,0
BRDA:107,10,0,0
BRDA:107,10,1,0
BRDA:108,11,0,0
BRDA:108,11,1,0
BRDA:112,12,0,0
BRDA:112,12,1,0
BRDA:125,13,0,0
BRDA:127,14,0,13
BRDA:127,14,1,0
BRDA:133,15,0,13
BRDA:133,15,1,0
BRDA:139,16,0,0
BRDA:139,16,1,13
BRDA:153,17,0,0
BRDA:153,18,0,0
BRDA:155,19,0,0
BRDA:155,19,1,0
BRDA:161,20,0,0
BRDA:161,20,1,0
BRDA:178,21,0,0
BRDA:190,22,0,0
BRDA:190,22,1,0
BRF:43
BRH:12
end_of_record
TN:
SF:src\services\smsService.js
FN:31,isValidE164
FN:52,sendSMS
FNF:2
FNH:0
FNDA:0,isValidE164
FNDA:0,sendSMS
DA:9,5
DA:12,5
DA:13,5
DA:14,5
DA:18,5
DA:19,0
DA:20,0
DA:22,5
DA:23,5
DA:32,0
DA:33,0
DA:53,0
DA:54,0
DA:55,0
DA:56,0
DA:60,0
DA:61,0
DA:65,0
DA:68,0
DA:74,0
DA:77,0
DA:78,0
DA:95,0
DA:96,0
DA:97,0
DA:99,0
DA:107,0
DA:110,0
DA:111,0
DA:113,0
DA:114,0
DA:116,0
DA:117,0
DA:119,0
DA:120,0
DA:122,0
DA:126,0
DA:135,5
LF:38
LH:8
BRDA:18,0,0,0
BRDA:18,0,1,5
BRDA:18,1,0,5
BRDA:18,1,1,5
BRDA:18,1,2,5
BRDA:54,2,0,0
BRDA:54,2,1,0
BRDA:60,3,0,0
BRDA:60,3,1,0
BRDA:110,4,0,0
BRDA:110,4,1,0
BRDA:111,5,0,0
BRDA:111,5,1,0
BRDA:111,5,2,0
BRDA:111,5,3,0
BRDA:129,6,0,0
BRDA:129,6,1,0
BRF:17
BRH:4
end_of_record
TN:
SF:src\services\storageService.js
FN:35,(anonymous_0)
FN:70,(anonymous_1)
FN:93,(anonymous_2)
FN:111,(anonymous_3)
FN:135,(anonymous_4)
FN:157,(anonymous_5)
FN:158,(anonymous_6)
FN:182,(anonymous_7)
FN:198,(anonymous_8)
FN:199,(anonymous_9)
FN:229,(anonymous_10)
FNF:11
FNH:0
FNDA:0,(anonymous_0)
FNDA:0,(anonymous_1)
FNDA:0,(anonymous_2)
FNDA:0,(anonymous_3)
FNDA:0,(anonymous_4)
FNDA:0,(anonymous_5)
FNDA:0,(anonymous_6)
FNDA:0,(anonymous_7)
FNDA:0,(anonymous_8)
FNDA:0,(anonymous_9)
FNDA:0,(anonymous_10)
DA:8,5
DA:9,5
DA:10,5
DA:13,5
DA:20,5
DA:25,5
DA:26,5
DA:35,5
DA:36,0
DA:38,0
DA:39,0
DA:40,0
DA:42,0
DA:45,0
DA:55,0
DA:57,0
DA:58,0
DA:60,0
DA:61,0
DA:70,5
DA:71,0
DA:72,0
DA:75,0
DA:81,0
DA:83,0
DA:84,0
DA:93,5
DA:94,0
DA:95,0
DA:101,0
DA:111,5
DA:113,0
DA:114,0
DA:115,0
DA:119,0
DA:120,0
DA:121,0
DA:124,0
DA:135,5
DA:136,0
DA:138,0
DA:139,0
DA:140,0
DA:144,0
DA:145,0
DA:146,0
DA:148,0
DA:157,0
DA:158,0
DA:159,0
DA:160,0
DA:161,0
DA:163,0
DA:164,0
DA:168,0
DA:171,0
DA:172,0
DA:182,5
DA:183,0
DA:185,0
DA:192,0
DA:194,0
DA:195,0
DA:196,0
DA:198,0
DA:199,0
DA:200,0
DA:201,0
DA:202,0
DA:204,0
DA:205,0
DA:209,0
DA:213,0
DA:214,0
DA:215,0
DA:218,0
DA:219,0
DA:229,5
DA:230,0
DA:232,0
DA:234,0
DA:236,0
DA:237,0
DA:239,0
DA:240,0
DA:244,5
LF:86
LH:15
BRDA:101,0,0,0
BRDA:101,0,1,0
BRDA:114,1,0,0
BRDA:114,1,1,0
BRDA:120,2,0,0
BRDA:120,2,1,0
BRDA:139,3,0,0
BRDA:139,3,1,0
BRDA:159,4,0,0
BRDA:159,4,1,0
BRDA:182,5,0,0
BRDA:186,6,0,0
BRDA:186,6,1,0
BRDA:192,7,0,0
BRDA:192,7,1,0
BRDA:200,8,0,0
BRDA:200,8,1,0
BRF:17
BRH:0
end_of_record
TN:
SF:src\services\verificationService.js
FN:23,createVerificationRequest
FN:85,getVerificationStatus
FN:120,getPendingVerifications
FN:156,approveVerification
FN:211,rejectVerification
FNF:5
FNH:0
FNDA:0,createVerificationRequest
FNDA:0,getVerificationStatus
FNDA:0,getPendingVerifications
FNDA:0,approveVerification
FNDA:0,rejectVerification
DA:10,5
DA:11,5
DA:13,5
DA:24,0
DA:26,0
DA:31,0
DA:32,0
DA:35,0
DA:36,0
DA:40,0
DA:44,0
DA:45,0
DA:48,0
DA:49,0
DA:53,0
DA:56,0
DA:65,0
DA:73,0
DA:75,0
DA:76,0
DA:86,0
DA:87,0
DA:91,0
DA:92,0
DA:101,0
DA:111,0
DA:112,0
DA:121,0
DA:122,0
DA:142,0
DA:144,0
DA:145,0
DA:157,0
DA:158,0
DA:163,0
DA:164,0
DA:167,0
DA:168,0
DA:172,0
DA:183,0
DA:192,0
DA:197,0
DA:199,0
DA:200,0
DA:212,0
DA:213,0
DA:218,0
DA:219,0
DA:222,0
DA:223,0
DA:226,0
DA:227,0
DA:231,0
DA:242,0
DA:249,0
DA:251,0
DA:252,0
DA:256,5
LF:58
LH:4
BRDA:31,0,0,0
BRDA:31,0,1,0
BRDA:35,1,0,0
BRDA:35,1,1,0
BRDA:44,2,0,0
BRDA:44,2,1,0
BRDA:44,3,0,0
BRDA:44,3,1,0
BRDA:48,4,0,0
BRDA:48,4,1,0
BRDA:48,5,0,0
BRDA:48,5,1,0
BRDA:91,6,0,0
BRDA:91,6,1,0
BRDA:156,7,0,0
BRDA:163,8,0,0
BRDA:163,8,1,0
BRDA:167,9,0,0
BRDA:167,9,1,0
BRDA:218,10,0,0
BRDA:218,10,1,0
BRDA:222,11,0,0
BRDA:222,11,1,0
BRDA:226,12,0,0
BRDA:226,12,1,0
BRDA:226,13,0,0
BRDA:226,13,1,0
BRF:27
BRH:0
end_of_record
