TN:
SF:components\admin\AdminPaymentsTable.tsx
FN:29,AdminPaymentsTable
FN:49,(anonymous_2)
FN:53,(anonymous_3)
FN:60,(anonymous_4)
FN:81,(anonymous_5)
FN:97,(anonymous_6)
FN:98,(anonymous_7)
FN:99,(anonymous_8)
FN:102,(anonymous_9)
FN:111,(anonymous_10)
FN:184,(anonymous_11)
FN:196,(anonymous_12)
FN:215,(anonymous_13)
FN:227,(anonymous_14)
FN:234,(anonymous_15)
FN:268,(anonymous_16)
FN:324,(anonymous_17)
FN:351,(anonymous_18)
FN:351,(anonymous_19)
FN:363,(anonymous_20)
FN:363,(anonymous_21)
FNF:21
FNH:0
FNDA:0,AdminPaymentsTable
FNDA:0,(anonymous_2)
FNDA:0,(anonymous_3)
FNDA:0,(anonymous_4)
FNDA:0,(anonymous_5)
FNDA:0,(anonymous_6)
FNDA:0,(anonymous_7)
FNDA:0,(anonymous_8)
FNDA:0,(anonymous_9)
FNDA:0,(anonymous_10)
FNDA:0,(anonymous_11)
FNDA:0,(anonymous_12)
FNDA:0,(anonymous_13)
FNDA:0,(anonymous_14)
FNDA:0,(anonymous_15)
FNDA:0,(anonymous_16)
FNDA:0,(anonymous_17)
FNDA:0,(anonymous_18)
FNDA:0,(anonymous_19)
FNDA:0,(anonymous_20)
FNDA:0,(anonymous_21)
DA:3,0
DA:4,0
DA:5,0
DA:6,0
DA:7,0
DA:22,0
DA:29,0
DA:30,0
DA:31,0
DA:37,0
DA:38,0
DA:39,0
DA:40,0
DA:49,0
DA:50,0
DA:53,0
DA:54,0
DA:55,0
DA:56,0
DA:60,0
DA:64,0
DA:66,0
DA:67,0
DA:68,0
DA:69,0
DA:71,0
DA:74,0
DA:76,0
DA:77,0
DA:81,0
DA:82,0
DA:84,0
DA:85,0
DA:86,0
DA:88,0
DA:90,0
DA:93,0
DA:97,0
DA:98,0
DA:99,0
DA:102,0
DA:103,0
DA:111,0
DA:114,0
DA:125,0
DA:184,0
DA:196,0
DA:215,0
DA:227,0
DA:234,0
DA:269,0
DA:324,0
DA:351,0
DA:363,0
LF:54
LH:0
BRDA:29,0,0,0
BRDA:29,1,0,0
BRDA:66,2,0,0
BRDA:66,2,1,0
BRDA:71,3,0,0
BRDA:71,3,1,0
BRDA:74,4,0,0
BRDA:74,4,1,0
BRDA:82,5,0,0
BRDA:86,6,0,0
BRDA:86,6,1,0
BRDA:90,7,0,0
BRDA:90,7,1,0
BRDA:93,8,0,0
BRDA:93,8,1,0
BRDA:114,9,0,0
BRDA:125,10,0,0
BRDA:163,11,0,0
BRDA:172,12,0,0
BRDA:234,13,0,0
BRDA:245,14,0,0
BRDA:262,15,0,0
BRDA:316,16,0,0
BRDA:322,17,0,0
BRDA:344,18,0,0
BRF:25
BRH:0
end_of_record
TN:
SF:components\admin\AdminPayoutsManager.tsx
FN:26,AdminPayoutsManager
FN:33,(anonymous_2)
FN:37,(anonymous_3)
FN:64,(anonymous_4)
FN:206,(anonymous_5)
FN:233,(anonymous_6)
FNF:6
FNH:0
FNDA:0,AdminPayoutsManager
FNDA:0,(anonymous_2)
FNDA:0,(anonymous_3)
FNDA:0,(anonymous_4)
FNDA:0,(anonymous_5)
FNDA:0,(anonymous_6)
DA:3,0
DA:4,0
DA:5,0
DA:7,0
DA:20,0
DA:26,0
DA:27,0
DA:28,0
DA:29,0
DA:30,0
DA:31,0
DA:33,0
DA:34,0
DA:37,0
DA:38,0
DA:39,0
DA:43,0
DA:46,0
DA:55,0
DA:57,0
DA:59,0
DA:60,0
DA:64,0
DA:65,0
DA:67,0
DA:72,0
DA:73,0
DA:75,0
DA:79,0
DA:207,0
DA:233,0
LF:31
LH:0
BRDA:26,0,0,0
BRDA:57,1,0,0
BRDA:57,1,1,0
BRDA:65,2,0,0
BRDA:79,3,0,0
BRDA:110,4,0,0
BRDA:120,5,0,0
BRDA:130,6,0,0
BRDA:130,6,1,0
BRDA:195,7,0,0
BRDA:219,8,0,0
BRDA:219,8,1,0
BRF:12
BRH:0
end_of_record
TN:
SF:components\admin\CommissionSettingsForm.tsx
FN:38,CommissionSettingsForm
FN:56,(anonymous_5)
FN:60,(anonymous_6)
FN:78,(anonymous_7)
FN:106,(anonymous_8)
FN:115,(anonymous_9)
FN:132,(anonymous_10)
FN:165,(anonymous_11)
FN:296,(anonymous_12)
FN:302,(anonymous_13)
FN:334,(anonymous_14)
FN:341,(anonymous_15)
FNF:12
FNH:0
FNDA:0,CommissionSettingsForm
FNDA:0,(anonymous_5)
FNDA:0,(anonymous_6)
FNDA:0,(anonymous_7)
FNDA:0,(anonymous_8)
FNDA:0,(anonymous_9)
FNDA:0,(anonymous_10)
FNDA:0,(anonymous_11)
FNDA:0,(anonymous_12)
FNDA:0,(anonymous_13)
FNDA:0,(anonymous_14)
FNDA:0,(anonymous_15)
DA:3,0
DA:4,0
DA:5,0
DA:6,0
DA:7,0
DA:8,0
DA:9,0
DA:10,0
DA:23,0
DA:25,0
DA:38,0
DA:39,0
DA:40,0
DA:41,0
DA:42,0
DA:43,0
DA:44,0
DA:52,0
DA:56,0
DA:57,0
DA:60,0
DA:61,0
DA:62,0
DA:63,0
DA:65,0
DA:66,0
DA:67,0
DA:69,0
DA:72,0
DA:74,0
DA:78,0
DA:79,0
DA:80,0
DA:82,0
DA:84,0
DA:85,0
DA:87,0
DA:90,0
DA:91,0
DA:92,0
DA:93,0
DA:94,0
DA:95,0
DA:97,0
DA:100,0
DA:102,0
DA:106,0
DA:107,0
DA:108,0
DA:109,0
DA:110,0
DA:111,0
DA:112,0
DA:115,0
DA:116,0
DA:118,0
DA:119,0
DA:121,0
DA:122,0
DA:123,0
DA:125,0
DA:128,0
DA:132,0
DA:133,0
DA:134,0
DA:135,0
DA:136,0
DA:139,0
DA:165,0
DA:296,0
DA:303,0
DA:334,0
DA:341,0
LF:73
LH:0
BRDA:65,0,0,0
BRDA:65,0,1,0
BRDA:69,1,0,0
BRDA:69,1,1,0
BRDA:72,2,0,0
BRDA:72,2,1,0
BRDA:84,3,0,0
BRDA:84,3,1,0
BRDA:90,4,0,0
BRDA:90,4,1,0
BRDA:95,5,0,0
BRDA:97,6,0,0
BRDA:97,6,1,0
BRDA:100,7,0,0
BRDA:100,7,1,0
BRDA:110,8,0,0
BRDA:110,8,1,0
BRDA:111,9,0,0
BRDA:111,9,1,0
BRDA:116,10,0,0
BRDA:121,11,0,0
BRDA:121,11,1,0
BRDA:123,12,0,0
BRDA:125,13,0,0
BRDA:125,13,1,0
BRDA:128,14,0,0
BRDA:128,14,1,0
BRDA:139,15,0,0
BRDA:166,16,0,0
BRDA:166,16,1,0
BRDA:169,17,0,0
BRDA:185,18,0,0
BRDA:189,19,0,0
BRDA:189,19,1,0
BRDA:203,20,0,0
BRDA:203,20,1,0
BRDA:205,21,0,0
BRDA:222,22,0,0
BRDA:222,22,1,0
BRDA:224,23,0,0
BRDA:255,24,0,0
BRDA:267,25,0,0
BRDA:274,26,0,0
BRDA:274,26,1,0
BRDA:289,27,0,0
BRDA:289,27,1,0
BRDA:315,28,0,0
BRDA:315,28,1,0
BRDA:320,29,0,0
BRDA:357,30,0,0
BRDA:357,30,1,0
BRDA:359,31,0,0
BRDA:359,31,1,0
BRF:53
BRH:0
end_of_record
TN:
SF:components\payments\PaymentCheckout.tsx
FN:28,PaymentCheckout
FN:52,(anonymous_5)
FN:59,(anonymous_6)
FN:68,(anonymous_7)
FN:79,(anonymous_8)
FN:121,(anonymous_9)
FNF:6
FNH:0
FNDA:0,PaymentCheckout
FNDA:0,(anonymous_5)
FNDA:0,(anonymous_6)
FNDA:0,(anonymous_7)
FNDA:0,(anonymous_8)
FNDA:0,(anonymous_9)
DA:3,0
DA:4,0
DA:5,0
DA:6,0
DA:7,0
DA:8,0
DA:9,0
DA:10,0
DA:11,0
DA:13,0
DA:15,0
DA:28,0
DA:29,0
DA:30,0
DA:31,0
DA:32,0
DA:40,0
DA:48,0
DA:49,0
DA:52,0
DA:53,0
DA:54,0
DA:59,0
DA:60,0
DA:61,0
DA:62,0
DA:63,0
DA:68,0
DA:69,0
DA:70,0
DA:71,0
DA:72,0
DA:75,0
DA:79,0
DA:80,0
DA:81,0
DA:83,0
DA:84,0
DA:86,0
DA:87,0
DA:88,0
DA:91,0
DA:94,0
DA:95,0
DA:98,0
DA:101,0
DA:103,0
DA:107,0
DA:121,0
LF:49
LH:0
BRDA:43,0,0,0
BRDA:43,0,1,0
BRDA:44,1,0,0
BRDA:44,1,1,0
BRDA:53,2,0,0
BRDA:53,3,0,0
BRDA:53,3,1,0
BRDA:60,4,0,0
BRDA:62,5,0,0
BRDA:71,6,0,0
BRDA:86,7,0,0
BRDA:86,7,1,0
BRDA:94,8,0,0
BRDA:98,9,0,0
BRDA:98,9,1,0
BRDA:101,10,0,0
BRDA:101,10,1,0
BRDA:107,11,0,0
BRDA:150,12,0,0
BRDA:156,13,0,0
BRDA:174,14,0,0
BRDA:174,14,1,0
BRDA:176,15,0,0
BRDA:185,16,0,0
BRDA:211,17,0,0
BRDA:228,18,0,0
BRDA:239,19,0,0
BRF:27
BRH:0
end_of_record
TN:
SF:components\payments\PaymentHistory.tsx
FN:26,PaymentHistory
FN:33,(anonymous_2)
FN:37,(anonymous_3)
FN:56,(anonymous_4)
FN:67,(anonymous_5)
FN:138,(anonymous_6)
FN:175,(anonymous_7)
FN:224,(anonymous_8)
FNF:8
FNH:0
FNDA:0,PaymentHistory
FNDA:0,(anonymous_2)
FNDA:0,(anonymous_3)
FNDA:0,(anonymous_4)
FNDA:0,(anonymous_5)
FNDA:0,(anonymous_6)
FNDA:0,(anonymous_7)
FNDA:0,(anonymous_8)
DA:3,0
DA:4,0
DA:5,0
DA:6,0
DA:7,0
DA:18,0
DA:26,0
DA:27,0
DA:28,0
DA:29,0
DA:30,0
DA:31,0
DA:33,0
DA:34,0
DA:37,0
DA:38,0
DA:39,0
DA:40,0
DA:42,0
DA:43,0
DA:44,0
DA:46,0
DA:49,0
DA:51,0
DA:52,0
DA:56,0
DA:57,0
DA:58,0
DA:59,0
DA:60,0
DA:63,0
DA:67,0
DA:68,0
DA:71,0
DA:82,0
DA:139,0
DA:175,0
DA:224,0
LF:38
LH:0
BRDA:26,0,0,0
BRDA:26,1,0,0
BRDA:42,2,0,0
BRDA:42,2,1,0
BRDA:46,3,0,0
BRDA:46,3,1,0
BRDA:49,4,0,0
BRDA:49,4,1,0
BRDA:59,5,0,0
BRDA:68,6,0,0
BRDA:68,6,1,0
BRDA:71,7,0,0
BRDA:82,8,0,0
BRDA:110,9,0,0
BRDA:110,9,1,0
BRDA:110,10,0,0
BRDA:110,10,1,0
BRDA:120,11,0,0
BRDA:131,12,0,0
BRDA:145,13,0,0
BRDA:145,13,1,0
BRDA:146,14,0,0
BRDA:146,14,1,0
BRDA:147,15,0,0
BRDA:147,15,1,0
BRDA:153,16,0,0
BRDA:153,16,1,0
BRDA:172,17,0,0
BRDA:182,18,0,0
BRDA:188,19,0,0
BRDA:213,20,0,0
BRDA:227,21,0,0
BRDA:227,21,1,0
BRDA:240,22,0,0
BRF:34
BRH:0
end_of_record
TN:
SF:components\payments\PaymentStatus.tsx
FN:25,PaymentStatus
FN:33,(anonymous_2)
FN:38,(anonymous_3)
FN:45,(anonymous_4)
FN:59,(anonymous_5)
FN:66,(anonymous_6)
FN:86,(anonymous_7)
FN:98,(anonymous_8)
FN:112,(anonymous_9)
FN:240,(anonymous_10)
FNF:10
FNH:0
FNDA:0,PaymentStatus
FNDA:0,(anonymous_2)
FNDA:0,(anonymous_3)
FNDA:0,(anonymous_4)
FNDA:0,(anonymous_5)
FNDA:0,(anonymous_6)
FNDA:0,(anonymous_7)
FNDA:0,(anonymous_8)
FNDA:0,(anonymous_9)
FNDA:0,(anonymous_10)
DA:3,0
DA:4,0
DA:5,0
DA:6,0
DA:7,0
DA:17,0
DA:25,0
DA:26,0
DA:27,0
DA:28,0
DA:29,0
DA:30,0
DA:33,0
DA:34,0
DA:38,0
DA:40,0
DA:41,0
DA:42,0
DA:45,0
DA:46,0
DA:47,0
DA:48,0
DA:49,0
DA:50,0
DA:53,0
DA:57,0
DA:59,0
DA:60,0
DA:61,0
DA:66,0
DA:67,0
DA:68,0
DA:69,0
DA:71,0
DA:72,0
DA:73,0
DA:74,0
DA:76,0
DA:79,0
DA:81,0
DA:82,0
DA:86,0
DA:87,0
DA:88,0
DA:89,0
DA:91,0
DA:94,0
DA:98,0
DA:99,0
DA:112,0
DA:113,0
DA:115,0
DA:117,0
DA:119,0
DA:121,0
DA:123,0
DA:127,0
DA:138,0
DA:156,0
DA:240,0
LF:60
LH:0
BRDA:25,0,0,0
BRDA:41,1,0,0
BRDA:47,2,0,0
BRDA:49,3,0,0
BRDA:71,4,0,0
BRDA:71,4,1,0
BRDA:76,5,0,0
BRDA:76,5,1,0
BRDA:79,6,0,0
BRDA:79,6,1,0
BRDA:89,7,0,0
BRDA:99,8,0,0
BRDA:113,9,0,0
BRDA:113,9,1,0
BRDA:113,9,2,0
BRDA:113,9,3,0
BRDA:113,9,4,0
BRDA:127,10,0,0
BRDA:138,11,0,0
BRDA:156,12,0,0
BRDA:156,13,0,0
BRDA:156,13,1,0
BRDA:206,14,0,0
BRDA:215,15,0,0
BRDA:226,16,0,0
BRDA:237,17,0,0
BRDA:247,18,0,0
BRDA:254,19,0,0
BRF:28
BRH:0
end_of_record
TN:
SF:components\professional\EarningsSummary.tsx
FN:25,EarningsSummary
FN:32,(anonymous_2)
FN:36,(anonymous_3)
FN:67,(anonymous_4)
FN:84,(anonymous_5)
FN:85,(anonymous_6)
FN:86,(anonymous_7)
FN:87,(anonymous_8)
FN:114,(anonymous_9)
FN:120,(anonymous_10)
FN:186,(anonymous_11)
FN:191,(anonymous_12)
FN:290,(anonymous_13)
FN:304,(anonymous_14)
FN:306,(anonymous_15)
FNF:15
FNH:0
FNDA:0,EarningsSummary
FNDA:0,(anonymous_2)
FNDA:0,(anonymous_3)
FNDA:0,(anonymous_4)
FNDA:0,(anonymous_5)
FNDA:0,(anonymous_6)
FNDA:0,(anonymous_7)
FNDA:0,(anonymous_8)
FNDA:0,(anonymous_9)
FNDA:0,(anonymous_10)
FNDA:0,(anonymous_11)
FNDA:0,(anonymous_12)
FNDA:0,(anonymous_13)
FNDA:0,(anonymous_14)
FNDA:0,(anonymous_15)
DA:3,0
DA:4,0
DA:5,0
DA:6,0
DA:7,0
DA:18,0
DA:25,0
DA:26,0
DA:27,0
DA:28,0
DA:29,0
DA:30,0
DA:32,0
DA:33,0
DA:36,0
DA:37,0
DA:38,0
DA:40,0
DA:42,0
DA:43,0
DA:46,0
DA:47,0
DA:49,0
DA:51,0
DA:52,0
DA:54,0
DA:55,0
DA:57,0
DA:58,0
DA:62,0
DA:65,0
DA:66,0
DA:67,0
DA:71,0
DA:72,0
DA:74,0
DA:77,0
DA:79,0
DA:80,0
DA:84,0
DA:85,0
DA:86,0
DA:87,0
DA:88,0
DA:91,0
DA:92,0
DA:93,0
DA:94,0
DA:96,0
DA:98,0
DA:99,0
DA:100,0
DA:101,0
DA:103,0
DA:104,0
DA:105,0
DA:106,0
DA:108,0
DA:109,0
DA:110,0
DA:111,0
DA:114,0
DA:115,0
DA:120,0
DA:121,0
DA:123,0
DA:133,0
DA:140,0
DA:151,0
DA:169,0
DA:187,0
DA:191,0
DA:290,0
DA:304,0
DA:307,0
LF:75
LH:0
BRDA:25,0,0,0
BRDA:42,1,0,0
BRDA:42,1,1,0
BRDA:49,2,0,0
BRDA:49,2,1,0
BRDA:49,2,2,0
BRDA:49,2,3,0
BRDA:49,2,4,0
BRDA:65,3,0,0
BRDA:74,4,0,0
BRDA:74,4,1,0
BRDA:77,5,0,0
BRDA:77,5,1,0
BRDA:88,6,0,0
BRDA:88,6,1,0
BRDA:96,7,0,0
BRDA:96,7,1,0
BRDA:96,7,2,0
BRDA:115,8,0,0
BRDA:115,8,1,0
BRDA:115,8,2,0
BRDA:121,9,0,0
BRDA:121,9,1,0
BRDA:140,10,0,0
BRDA:151,11,0,0
BRDA:189,12,0,0
BRDA:189,12,1,0
BRDA:205,13,0,0
BRDA:227,14,0,0
BRDA:230,15,0,0
BRDA:234,16,0,0
BRDA:234,16,1,0
BRDA:291,17,0,0
BRDA:295,18,0,0
BRDA:295,18,1,0
BRDA:312,19,0,0
BRDA:312,19,1,0
BRDA:315,20,0,0
BRDA:315,20,1,0
BRF:39
BRH:0
end_of_record
TN:
SF:components\professional\PayoutDashboard.tsx
FN:24,PayoutDashboard
FN:32,(anonymous_2)
FN:36,(anonymous_3)
FN:48,(anonymous_4)
FN:49,(anonymous_5)
FN:51,(anonymous_6)
FN:52,(anonymous_7)
FN:59,(anonymous_8)
FN:161,(anonymous_9)
FN:162,(anonymous_10)
FN:166,(anonymous_11)
FN:166,(anonymous_12)
FN:166,(anonymous_13)
FN:221,(anonymous_14)
FNF:14
FNH:0
FNDA:0,PayoutDashboard
FNDA:0,(anonymous_2)
FNDA:0,(anonymous_3)
FNDA:0,(anonymous_4)
FNDA:0,(anonymous_5)
FNDA:0,(anonymous_6)
FNDA:0,(anonymous_7)
FNDA:0,(anonymous_8)
FNDA:0,(anonymous_9)
FNDA:0,(anonymous_10)
FNDA:0,(anonymous_11)
FNDA:0,(anonymous_12)
FNDA:0,(anonymous_13)
FNDA:0,(anonymous_14)
DA:3,0
DA:4,0
DA:5,0
DA:6,0
DA:7,0
DA:18,0
DA:24,0
DA:25,0
DA:26,0
DA:27,0
DA:28,0
DA:29,0
DA:30,0
DA:32,0
DA:33,0
DA:36,0
DA:37,0
DA:38,0
DA:41,0
DA:43,0
DA:44,0
DA:48,0
DA:49,0
DA:51,0
DA:52,0
DA:54,0
DA:56,0
DA:59,0
DA:69,0
DA:71,0
DA:74,0
DA:76,0
DA:77,0
DA:81,0
DA:94,0
DA:161,0
DA:162,0
DA:166,0
DA:222,0
LF:39
LH:0
BRDA:43,0,0,0
BRDA:43,0,1,0
BRDA:61,1,0,0
BRDA:61,1,1,0
BRDA:65,2,0,0
BRDA:65,2,1,0
BRDA:71,3,0,0
BRDA:71,3,1,0
BRDA:74,4,0,0
BRDA:74,4,1,0
BRDA:81,5,0,0
BRDA:94,6,0,0
BRDA:126,7,0,0
BRDA:144,8,0,0
BRDA:144,8,1,0
BRDA:147,9,0,0
BRDA:147,9,1,0
BRDA:147,10,0,0
BRDA:147,10,1,0
BRDA:147,11,0,0
BRDA:147,11,1,0
BRDA:166,12,0,0
BRDA:166,12,1,0
BRDA:166,13,0,0
BRDA:166,13,1,0
BRDA:179,14,0,0
BRDA:179,14,1,0
BRDA:195,15,0,0
BRDA:195,15,1,0
BRDA:214,16,0,0
BRDA:225,17,0,0
BRDA:225,17,1,0
BRDA:226,18,0,0
BRDA:226,18,1,0
BRDA:231,19,0,0
BRDA:231,19,1,0
BRDA:234,20,0,0
BRDA:234,20,1,0
BRDA:254,21,0,0
BRDA:261,22,0,0
BRDA:261,22,1,0
BRDA:261,23,0,0
BRDA:261,23,1,0
BRF:43
BRH:0
end_of_record
TN:
SF:components\professional\TransactionsList.tsx
FN:27,TransactionsList
FN:39,(anonymous_2)
FN:43,(anonymous_3)
FN:47,(anonymous_4)
FN:66,(anonymous_5)
FN:71,(anonymous_6)
FN:80,(anonymous_7)
FN:84,(anonymous_8)
FN:105,(anonymous_9)
FN:116,(anonymous_10)
FN:120,(anonymous_11)
FN:196,(anonymous_12)
FN:205,(anonymous_13)
FN:240,(anonymous_14)
FN:255,(anonymous_15)
FN:270,(anonymous_16)
FN:300,(anonymous_17)
FN:310,(anonymous_18)
FN:350,(anonymous_19)
FN:417,(anonymous_20)
FNF:20
FNH:0
FNDA:0,TransactionsList
FNDA:0,(anonymous_2)
FNDA:0,(anonymous_3)
FNDA:0,(anonymous_4)
FNDA:0,(anonymous_5)
FNDA:0,(anonymous_6)
FNDA:0,(anonymous_7)
FNDA:0,(anonymous_8)
FNDA:0,(anonymous_9)
FNDA:0,(anonymous_10)
FNDA:0,(anonymous_11)
FNDA:0,(anonymous_12)
FNDA:0,(anonymous_13)
FNDA:0,(anonymous_14)
FNDA:0,(anonymous_15)
FNDA:0,(anonymous_16)
FNDA:0,(anonymous_17)
FNDA:0,(anonymous_18)
FNDA:0,(anonymous_19)
FNDA:0,(anonymous_20)
DA:3,0
DA:4,0
DA:5,0
DA:6,0
DA:7,0
DA:20,0
DA:27,0
DA:28,0
DA:29,0
DA:30,0
DA:31,0
DA:32,0
DA:33,0
DA:34,0
DA:35,0
DA:36,0
DA:37,0
DA:39,0
DA:40,0
DA:43,0
DA:44,0
DA:47,0
DA:48,0
DA:49,0
DA:50,0
DA:52,0
DA:53,0
DA:54,0
DA:56,0
DA:59,0
DA:61,0
DA:62,0
DA:66,0
DA:67,0
DA:70,0
DA:71,0
DA:72,0
DA:79,0
DA:80,0
DA:84,0
DA:87,0
DA:88,0
DA:89,0
DA:91,0
DA:92,0
DA:95,0
DA:96,0
DA:98,0
DA:102,0
DA:105,0
DA:106,0
DA:107,0
DA:108,0
DA:109,0
DA:112,0
DA:116,0
DA:117,0
DA:120,0
DA:121,0
DA:122,0
DA:124,0
DA:125,0
DA:129,0
DA:140,0
DA:196,0
DA:205,0
DA:240,0
DA:255,0
DA:271,0
DA:300,0
DA:310,0
DA:350,0
DA:417,0
LF:73
LH:0
BRDA:27,0,0,0
BRDA:52,1,0,0
BRDA:52,1,1,0
BRDA:56,2,0,0
BRDA:56,2,1,0
BRDA:59,3,0,0
BRDA:59,3,1,0
BRDA:70,4,0,0
BRDA:72,5,0,0
BRDA:72,5,1,0
BRDA:72,5,2,0
BRDA:79,6,0,0
BRDA:87,7,0,0
BRDA:87,7,1,0
BRDA:95,8,0,0
BRDA:95,8,1,0
BRDA:96,9,0,0
BRDA:96,9,1,0
BRDA:98,10,0,0
BRDA:98,10,1,0
BRDA:108,11,0,0
BRDA:117,12,0,0
BRDA:117,12,1,0
BRDA:121,13,0,0
BRDA:121,13,1,0
BRDA:122,14,0,0
BRDA:122,14,1,0
BRDA:129,15,0,0
BRDA:140,16,0,0
BRDA:178,17,0,0
BRDA:187,18,0,0
BRDA:222,19,0,0
BRDA:225,20,0,0
BRDA:225,20,1,0
BRDA:228,21,0,0
BRDA:228,21,1,0
BRDA:244,22,0,0
BRDA:244,22,1,0
BRDA:245,23,0,0
BRDA:245,23,1,0
BRDA:259,24,0,0
BRDA:259,24,1,0
BRDA:260,25,0,0
BRDA:260,25,1,0
BRDA:277,26,0,0
BRDA:277,26,1,0
BRDA:278,27,0,0
BRDA:278,27,1,0
BRDA:279,28,0,0
BRDA:279,28,1,0
BRDA:308,29,0,0
BRDA:308,29,1,0
BRDA:308,30,0,0
BRDA:308,30,1,0
BRDA:360,31,0,0
BRDA:382,32,0,0
BRDA:408,33,0,0
BRDA:408,33,1,0
BRDA:415,34,0,0
BRDA:415,34,1,0
BRDA:415,35,0,0
BRDA:415,35,1,0
BRF:62
BRH:0
end_of_record
TN:
SF:components\ui\button.tsx
FN:10,(anonymous_4)
FNF:1
FNH:0
FNDA:0,(anonymous_4)
DA:1,0
DA:2,0
DA:9,0
DA:11,0
DA:13,0
DA:22,0
DA:38,0
DA:40,0
LF:8
LH:0
BRDA:10,0,0,0
BRDA:10,1,0,0
BRF:2
BRH:0
end_of_record
TN:
SF:components\ui\card.tsx
FNF:0
FNH:0
DA:1,0
DA:2,0
DA:17,0
DA:29,0
DA:44,0
DA:56,0
DA:64,0
DA:76,0
DA:78,0
LF:9
LH:0
BRF:0
BRH:0
end_of_record
TN:
SF:components\ui\input.tsx
FN:8,(anonymous_4)
FNF:1
FNH:0
FNDA:0,(anonymous_4)
DA:1,0
DA:2,0
DA:7,0
DA:22,0
DA:24,0
LF:5
LH:0
BRF:0
BRH:0
end_of_record
TN:
SF:lib\api.ts
FN:15,(anonymous_7)
FN:22,(anonymous_8)
FN:29,(anonymous_9)
FN:32,(anonymous_10)
FN:44,(anonymous_11)
FN:48,(anonymous_12)
FN:56,(anonymous_13)
FN:60,(anonymous_14)
FN:64,(anonymous_15)
FN:72,(anonymous_16)
FN:76,(anonymous_17)
FN:80,(anonymous_18)
FN:84,(anonymous_19)
FN:88,(anonymous_20)
FN:93,(anonymous_21)
FN:97,(anonymous_22)
FN:102,(anonymous_23)
FN:114,(anonymous_24)
FN:121,(anonymous_25)
FN:125,(anonymous_26)
FN:129,(anonymous_27)
FN:133,(anonymous_28)
FN:137,(anonymous_29)
FN:141,(anonymous_30)
FN:145,(anonymous_31)
FN:149,(anonymous_32)
FN:161,(anonymous_33)
FN:165,(anonymous_34)
FN:170,(anonymous_35)
FN:179,(anonymous_36)
FN:184,(anonymous_37)
FN:189,(anonymous_38)
FN:194,(anonymous_39)
FN:200,(anonymous_40)
FN:218,(anonymous_41)
FN:225,(anonymous_42)
FNF:36
FNH:0
FNDA:0,(anonymous_7)
FNDA:0,(anonymous_8)
FNDA:0,(anonymous_9)
FNDA:0,(anonymous_10)
FNDA:0,(anonymous_11)
FNDA:0,(anonymous_12)
FNDA:0,(anonymous_13)
FNDA:0,(anonymous_14)
FNDA:0,(anonymous_15)
FNDA:0,(anonymous_16)
FNDA:0,(anonymous_17)
FNDA:0,(anonymous_18)
FNDA:0,(anonymous_19)
FNDA:0,(anonymous_20)
FNDA:0,(anonymous_21)
FNDA:0,(anonymous_22)
FNDA:0,(anonymous_23)
FNDA:0,(anonymous_24)
FNDA:0,(anonymous_25)
FNDA:0,(anonymous_26)
FNDA:0,(anonymous_27)
FNDA:0,(anonymous_28)
FNDA:0,(anonymous_29)
FNDA:0,(anonymous_30)
FNDA:0,(anonymous_31)
FNDA:0,(anonymous_32)
FNDA:0,(anonymous_33)
FNDA:0,(anonymous_34)
FNDA:0,(anonymous_35)
FNDA:0,(anonymous_36)
FNDA:0,(anonymous_37)
FNDA:0,(anonymous_38)
FNDA:0,(anonymous_39)
FNDA:0,(anonymous_40)
FNDA:0,(anonymous_41)
FNDA:0,(anonymous_42)
DA:1,0
DA:5,0
DA:14,0
DA:16,0
DA:17,0
DA:18,0
DA:20,0
DA:23,0
DA:28,0
DA:30,0
DA:33,0
DA:35,0
DA:36,0
DA:38,0
DA:43,0
DA:45,0
DA:53,0
DA:57,0
DA:61,0
DA:65,0
DA:70,0
DA:73,0
DA:77,0
DA:81,0
DA:85,0
DA:89,0
DA:94,0
DA:98,0
DA:111,0
DA:115,0
DA:120,0
DA:122,0
DA:126,0
DA:130,0
DA:134,0
DA:138,0
DA:142,0
DA:146,0
DA:150,0
DA:155,0
DA:156,0
DA:157,0
DA:158,0
DA:159,0
DA:162,0
DA:163,0
DA:165,0
DA:166,0
DA:167,0
DA:170,0
DA:171,0
DA:172,0
DA:173,0
DA:175,0
DA:179,0
DA:180,0
DA:181,0
DA:184,0
DA:185,0
DA:190,0
DA:191,0
DA:192,0
DA:194,0
DA:195,0
DA:202,0
DA:205,0
DA:206,0
DA:208,0
DA:209,0
DA:211,0
DA:212,0
DA:214,0
DA:219,0
DA:220,0
DA:221,0
DA:226,0
DA:227,0
DA:232,0
LF:78
LH:0
BRDA:6,0,0,0
BRDA:6,0,1,0
BRDA:17,1,0,0
BRDA:33,2,0,0
BRDA:162,3,0,0
BRDA:162,3,1,0
BRDA:190,4,0,0
BRDA:202,5,0,0
BRDA:202,5,1,0
BRDA:202,5,2,0
BRDA:202,5,3,0
BRDA:219,6,0,0
BRDA:226,7,0,0
BRDA:226,8,0,0
BRDA:226,8,1,0
BRF:15
BRH:0
end_of_record
